{"/Users/efeevci/Desktop/YEAR4/TERM1/CPEN321/CPEN321-ModernWaiter/BackEnd/backend_server.js": {"path":"/Users/efeevci/Desktop/YEAR4/TERM1/CPEN321/CPEN321-ModernWaiter/BackEnd/backend_server.js","statementMap":{"0":{"start":{"line":1,"column":16},"end":{"line":1,"column":34}},"1":{"start":{"line":2,"column":14},"end":{"line":2,"column":30}},"2":{"start":{"line":3,"column":12},"end":{"line":3,"column":21}},"3":{"start":{"line":4,"column":26},"end":{"line":4,"column":59}},"4":{"start":{"line":5,"column":12},"end":{"line":5,"column":42}},"5":{"start":{"line":6,"column":12},"end":{"line":6,"column":31}},"6":{"start":{"line":8,"column":14},"end":{"line":8,"column":42}},"7":{"start":{"line":9,"column":22},"end":{"line":9,"column":58}},"8":{"start":{"line":10,"column":15},"end":{"line":10,"column":44}},"9":{"start":{"line":11,"column":16},"end":{"line":11,"column":46}},"10":{"start":{"line":12,"column":23},"end":{"line":12,"column":60}},"11":{"start":{"line":13,"column":20},"end":{"line":13,"column":54}},"12":{"start":{"line":14,"column":15},"end":{"line":14,"column":44}},"13":{"start":{"line":15,"column":14},"end":{"line":15,"column":42}},"14":{"start":{"line":17,"column":0},"end":{"line":17,"column":23}},"15":{"start":{"line":19,"column":0},"end":{"line":29,"column":2}},"16":{"start":{"line":20,"column":4},"end":{"line":20,"column":22}},"17":{"start":{"line":20,"column":13},"end":{"line":20,"column":22}},"18":{"start":{"line":21,"column":4},"end":{"line":21,"column":29}},"19":{"start":{"line":23,"column":4},"end":{"line":28,"column":5}},"20":{"start":{"line":24,"column":21},"end":{"line":27,"column":10}},"21":{"start":{"line":25,"column":23},"end":{"line":25,"column":44}},"22":{"start":{"line":26,"column":12},"end":{"line":26,"column":63}},"23":{"start":{"line":34,"column":0},"end":{"line":34,"column":46}},"24":{"start":{"line":35,"column":0},"end":{"line":35,"column":35}},"25":{"start":{"line":38,"column":0},"end":{"line":38,"column":65}},"26":{"start":{"line":39,"column":0},"end":{"line":39,"column":57}},"27":{"start":{"line":40,"column":0},"end":{"line":40,"column":73}},"28":{"start":{"line":41,"column":0},"end":{"line":41,"column":70}},"29":{"start":{"line":44,"column":0},"end":{"line":44,"column":39}},"30":{"start":{"line":45,"column":0},"end":{"line":45,"column":54}},"31":{"start":{"line":46,"column":0},"end":{"line":46,"column":57}},"32":{"start":{"line":47,"column":0},"end":{"line":47,"column":59}},"33":{"start":{"line":48,"column":0},"end":{"line":48,"column":53}},"34":{"start":{"line":51,"column":0},"end":{"line":51,"column":37}},"35":{"start":{"line":52,"column":0},"end":{"line":52,"column":45}},"36":{"start":{"line":55,"column":0},"end":{"line":55,"column":86}},"37":{"start":{"line":56,"column":0},"end":{"line":56,"column":63}},"38":{"start":{"line":59,"column":0},"end":{"line":59,"column":54}},"39":{"start":{"line":60,"column":0},"end":{"line":60,"column":51}},"40":{"start":{"line":63,"column":0},"end":{"line":63,"column":39}},"41":{"start":{"line":64,"column":0},"end":{"line":64,"column":36}},"42":{"start":{"line":67,"column":0},"end":{"line":67,"column":33}},"43":{"start":{"line":68,"column":0},"end":{"line":68,"column":40}},"44":{"start":{"line":69,"column":0},"end":{"line":69,"column":59}},"45":{"start":{"line":70,"column":0},"end":{"line":70,"column":59}},"46":{"start":{"line":71,"column":0},"end":{"line":71,"column":58}},"47":{"start":{"line":77,"column":0},"end":{"line":89,"column":2}},"48":{"start":{"line":78,"column":4},"end":{"line":78,"column":37}},"49":{"start":{"line":79,"column":18},"end":{"line":79,"column":34}},"50":{"start":{"line":80,"column":28},"end":{"line":80,"column":54}},"51":{"start":{"line":81,"column":4},"end":{"line":81,"column":34}},"52":{"start":{"line":83,"column":4},"end":{"line":86,"column":5}},"53":{"start":{"line":84,"column":8},"end":{"line":84,"column":30}},"54":{"start":{"line":85,"column":8},"end":{"line":85,"column":14}},"55":{"start":{"line":88,"column":4},"end":{"line":88,"column":87}},"56":{"start":{"line":91,"column":0},"end":{"line":103,"column":2}},"57":{"start":{"line":92,"column":4},"end":{"line":92,"column":37}},"58":{"start":{"line":93,"column":18},"end":{"line":93,"column":34}},"59":{"start":{"line":94,"column":28},"end":{"line":94,"column":54}},"60":{"start":{"line":95,"column":4},"end":{"line":95,"column":34}},"61":{"start":{"line":97,"column":4},"end":{"line":100,"column":5}},"62":{"start":{"line":98,"column":8},"end":{"line":98,"column":30}},"63":{"start":{"line":99,"column":8},"end":{"line":99,"column":14}},"64":{"start":{"line":102,"column":4},"end":{"line":102,"column":89}},"65":{"start":{"line":105,"column":0},"end":{"line":105,"column":20}}},"fnMap":{"0":{"name":"(anonymous_0)","decl":{"start":{"line":19,"column":12},"end":{"line":19,"column":13}},"loc":{"start":{"line":19,"column":26},"end":{"line":29,"column":1}},"line":19},"1":{"name":"(anonymous_1)","decl":{"start":{"line":24,"column":37},"end":{"line":24,"column":38}},"loc":{"start":{"line":24,"column":47},"end":{"line":27,"column":9}},"line":24},"2":{"name":"(anonymous_2)","decl":{"start":{"line":77,"column":31},"end":{"line":77,"column":32}},"loc":{"start":{"line":77,"column":50},"end":{"line":89,"column":1}},"line":77},"3":{"name":"(anonymous_3)","decl":{"start":{"line":91,"column":31},"end":{"line":91,"column":32}},"loc":{"start":{"line":91,"column":50},"end":{"line":103,"column":1}},"line":91}},"branchMap":{"0":{"loc":{"start":{"line":20,"column":4},"end":{"line":20,"column":22}},"type":"if","locations":[{"start":{"line":20,"column":4},"end":{"line":20,"column":22}},{"start":{"line":20,"column":4},"end":{"line":20,"column":22}}],"line":20},"1":{"loc":{"start":{"line":23,"column":4},"end":{"line":28,"column":5}},"type":"if","locations":[{"start":{"line":23,"column":4},"end":{"line":28,"column":5}},{"start":{"line":23,"column":4},"end":{"line":28,"column":5}}],"line":23},"2":{"loc":{"start":{"line":83,"column":4},"end":{"line":86,"column":5}},"type":"if","locations":[{"start":{"line":83,"column":4},"end":{"line":86,"column":5}},{"start":{"line":83,"column":4},"end":{"line":86,"column":5}}],"line":83},"3":{"loc":{"start":{"line":83,"column":7},"end":{"line":83,"column":96}},"type":"binary-expr","locations":[{"start":{"line":83,"column":7},"end":{"line":83,"column":31}},{"start":{"line":83,"column":35},"end":{"line":83,"column":61}},{"start":{"line":83,"column":65},"end":{"line":83,"column":96}}],"line":83},"4":{"loc":{"start":{"line":97,"column":4},"end":{"line":100,"column":5}},"type":"if","locations":[{"start":{"line":97,"column":4},"end":{"line":100,"column":5}},{"start":{"line":97,"column":4},"end":{"line":100,"column":5}}],"line":97},"5":{"loc":{"start":{"line":97,"column":7},"end":{"line":97,"column":96}},"type":"binary-expr","locations":[{"start":{"line":97,"column":7},"end":{"line":97,"column":31}},{"start":{"line":97,"column":35},"end":{"line":97,"column":61}},{"start":{"line":97,"column":65},"end":{"line":97,"column":96}}],"line":97}},"s":{"0":11,"1":11,"2":11,"3":11,"4":11,"5":11,"6":11,"7":11,"8":11,"9":11,"10":11,"11":11,"12":11,"13":11,"14":11,"15":11,"16":11,"17":11,"18":0,"19":0,"20":0,"21":0,"22":0,"23":11,"24":11,"25":11,"26":11,"27":11,"28":11,"29":11,"30":11,"31":11,"32":11,"33":11,"34":11,"35":11,"36":11,"37":11,"38":11,"39":11,"40":11,"41":11,"42":11,"43":11,"44":11,"45":11,"46":11,"47":11,"48":2,"49":2,"50":2,"51":2,"52":2,"53":1,"54":1,"55":1,"56":11,"57":2,"58":2,"59":2,"60":2,"61":2,"62":1,"63":1,"64":1,"65":11},"f":{"0":11,"1":0,"2":2,"3":2},"b":{"0":[11,0],"1":[0,0],"2":[1,1],"3":[2,2,2],"4":[1,1],"5":[2,2,2]},"_coverageSchema":"1a1c01bbd47fc00a2c39e90264f33305004495a9","hash":"31cedb0f70a81888a0a278e11950457f0342e356"}
,"/Users/efeevci/Desktop/YEAR4/TERM1/CPEN321/CPEN321-ModernWaiter/BackEnd/push_notification.js": {"path":"/Users/efeevci/Desktop/YEAR4/TERM1/CPEN321/CPEN321-ModernWaiter/BackEnd/push_notification.js","statementMap":{"0":{"start":{"line":7,"column":12},"end":{"line":7,"column":37}},"1":{"start":{"line":8,"column":21},"end":{"line":8,"column":93}},"2":{"start":{"line":10,"column":0},"end":{"line":13,"column":3}},"3":{"start":{"line":17,"column":4},"end":{"line":17,"column":45}},"4":{"start":{"line":20,"column":16},"end":{"line":20,"column":34}},"5":{"start":{"line":21,"column":4},"end":{"line":31,"column":11}},"6":{"start":{"line":25,"column":8},"end":{"line":25,"column":76}},"7":{"start":{"line":26,"column":8},"end":{"line":26,"column":67}},"8":{"start":{"line":38,"column":2},"end":{"line":38,"column":45}},"9":{"start":{"line":40,"column":14},"end":{"line":40,"column":32}},"10":{"start":{"line":43,"column":2},"end":{"line":51,"column":9}},"11":{"start":{"line":47,"column":6},"end":{"line":47,"column":69}},"12":{"start":{"line":56,"column":2},"end":{"line":56,"column":56}},"13":{"start":{"line":57,"column":14},"end":{"line":57,"column":32}},"14":{"start":{"line":59,"column":16},"end":{"line":64,"column":3}},"15":{"start":{"line":67,"column":2},"end":{"line":74,"column":7}},"16":{"start":{"line":70,"column":6},"end":{"line":70,"column":58}},"17":{"start":{"line":78,"column":2},"end":{"line":78,"column":79}},"18":{"start":{"line":79,"column":14},"end":{"line":79,"column":32}},"19":{"start":{"line":81,"column":16},"end":{"line":86,"column":3}},"20":{"start":{"line":89,"column":2},"end":{"line":96,"column":7}},"21":{"start":{"line":92,"column":6},"end":{"line":92,"column":58}},"22":{"start":{"line":101,"column":2},"end":{"line":101,"column":56}},"23":{"start":{"line":102,"column":14},"end":{"line":102,"column":32}},"24":{"start":{"line":104,"column":16},"end":{"line":108,"column":3}},"25":{"start":{"line":111,"column":2},"end":{"line":118,"column":7}},"26":{"start":{"line":114,"column":6},"end":{"line":114,"column":58}},"27":{"start":{"line":120,"column":0},"end":{"line":120,"column":140}}},"fnMap":{"0":{"name":"subscribe","decl":{"start":{"line":16,"column":15},"end":{"line":16,"column":24}},"loc":{"start":{"line":16,"column":52},"end":{"line":33,"column":1}},"line":16},"1":{"name":"(anonymous_1)","decl":{"start":{"line":22,"column":14},"end":{"line":22,"column":15}},"loc":{"start":{"line":22,"column":26},"end":{"line":27,"column":9}},"line":22},"2":{"name":"(anonymous_2)","decl":{"start":{"line":28,"column":15},"end":{"line":28,"column":16}},"loc":{"start":{"line":28,"column":24},"end":{"line":31,"column":9}},"line":28},"3":{"name":"unsubscribe","decl":{"start":{"line":37,"column":15},"end":{"line":37,"column":26}},"loc":{"start":{"line":37,"column":54},"end":{"line":53,"column":1}},"line":37},"4":{"name":"(anonymous_4)","decl":{"start":{"line":44,"column":12},"end":{"line":44,"column":13}},"loc":{"start":{"line":44,"column":24},"end":{"line":48,"column":7}},"line":44},"5":{"name":"(anonymous_5)","decl":{"start":{"line":49,"column":13},"end":{"line":49,"column":14}},"loc":{"start":{"line":49,"column":22},"end":{"line":51,"column":7}},"line":49},"6":{"name":"push_notification_payment_done","decl":{"start":{"line":55,"column":15},"end":{"line":55,"column":45}},"loc":{"start":{"line":55,"column":63},"end":{"line":75,"column":1}},"line":55},"7":{"name":"(anonymous_7)","decl":{"start":{"line":68,"column":10},"end":{"line":68,"column":11}},"loc":{"start":{"line":68,"column":22},"end":{"line":71,"column":5}},"line":68},"8":{"name":"(anonymous_8)","decl":{"start":{"line":72,"column":11},"end":{"line":72,"column":12}},"loc":{"start":{"line":72,"column":20},"end":{"line":74,"column":5}},"line":72},"9":{"name":"push_notification_order_received","decl":{"start":{"line":77,"column":15},"end":{"line":77,"column":47}},"loc":{"start":{"line":77,"column":64},"end":{"line":97,"column":1}},"line":77},"10":{"name":"(anonymous_10)","decl":{"start":{"line":90,"column":10},"end":{"line":90,"column":11}},"loc":{"start":{"line":90,"column":22},"end":{"line":93,"column":5}},"line":90},"11":{"name":"(anonymous_11)","decl":{"start":{"line":94,"column":11},"end":{"line":94,"column":12}},"loc":{"start":{"line":94,"column":20},"end":{"line":96,"column":5}},"line":94},"12":{"name":"push_notification_item_claimed","decl":{"start":{"line":100,"column":15},"end":{"line":100,"column":45}},"loc":{"start":{"line":100,"column":55},"end":{"line":119,"column":1}},"line":100},"13":{"name":"(anonymous_13)","decl":{"start":{"line":112,"column":10},"end":{"line":112,"column":11}},"loc":{"start":{"line":112,"column":22},"end":{"line":115,"column":5}},"line":112},"14":{"name":"(anonymous_14)","decl":{"start":{"line":116,"column":11},"end":{"line":116,"column":12}},"loc":{"start":{"line":116,"column":20},"end":{"line":118,"column":5}},"line":116}},"branchMap":{},"s":{"0":11,"1":11,"2":11,"3":1,"4":1,"5":1,"6":0,"7":0,"8":1,"9":1,"10":1,"11":1,"12":4,"13":4,"14":4,"15":4,"16":3,"17":1,"18":1,"19":1,"20":1,"21":1,"22":2,"23":2,"24":2,"25":2,"26":0,"27":11},"f":{"0":1,"1":0,"2":0,"3":1,"4":1,"5":0,"6":4,"7":3,"8":0,"9":1,"10":1,"11":0,"12":2,"13":0,"14":0},"b":{},"_coverageSchema":"1a1c01bbd47fc00a2c39e90264f33305004495a9","hash":"5d294b872cabeee52cade61d7a55c9dcaafaf9d1"}
,"/Users/efeevci/Desktop/YEAR4/TERM1/CPEN321/CPEN321-ModernWaiter/BackEnd/recommendation_logic.js": {"path":"/Users/efeevci/Desktop/YEAR4/TERM1/CPEN321/CPEN321-ModernWaiter/BackEnd/recommendation_logic.js","statementMap":{"0":{"start":{"line":8,"column":24},"end":{"line":8,"column":33}},"1":{"start":{"line":9,"column":25},"end":{"line":9,"column":34}},"2":{"start":{"line":10,"column":19},"end":{"line":10,"column":21}},"3":{"start":{"line":13,"column":4},"end":{"line":22,"column":6}},"4":{"start":{"line":14,"column":6},"end":{"line":19,"column":7}},"5":{"start":{"line":15,"column":8},"end":{"line":15,"column":60}},"6":{"start":{"line":18,"column":8},"end":{"line":18,"column":34}},"7":{"start":{"line":21,"column":6},"end":{"line":21,"column":25}},"8":{"start":{"line":25,"column":4},"end":{"line":34,"column":6}},"9":{"start":{"line":26,"column":6},"end":{"line":31,"column":7}},"10":{"start":{"line":27,"column":8},"end":{"line":27,"column":62}},"11":{"start":{"line":30,"column":8},"end":{"line":30,"column":35}},"12":{"start":{"line":33,"column":6},"end":{"line":33,"column":25}},"13":{"start":{"line":37,"column":24},"end":{"line":37,"column":46}},"14":{"start":{"line":39,"column":14},"end":{"line":39,"column":15}},"15":{"start":{"line":40,"column":17},"end":{"line":40,"column":35}},"16":{"start":{"line":41,"column":17},"end":{"line":41,"column":36}},"17":{"start":{"line":43,"column":16},"end":{"line":43,"column":17}},"18":{"start":{"line":54,"column":4},"end":{"line":82,"column":6}},"19":{"start":{"line":55,"column":6},"end":{"line":59,"column":7}},"20":{"start":{"line":56,"column":8},"end":{"line":56,"column":44}},"21":{"start":{"line":58,"column":8},"end":{"line":58,"column":13}},"22":{"start":{"line":61,"column":6},"end":{"line":65,"column":7}},"23":{"start":{"line":62,"column":8},"end":{"line":62,"column":45}},"24":{"start":{"line":64,"column":8},"end":{"line":64,"column":13}},"25":{"start":{"line":67,"column":6},"end":{"line":67,"column":19}},"26":{"start":{"line":69,"column":6},"end":{"line":73,"column":7}},"27":{"start":{"line":70,"column":8},"end":{"line":70,"column":49}},"28":{"start":{"line":72,"column":8},"end":{"line":72,"column":19}},"29":{"start":{"line":75,"column":6},"end":{"line":79,"column":7}},"30":{"start":{"line":76,"column":8},"end":{"line":76,"column":49}},"31":{"start":{"line":78,"column":8},"end":{"line":78,"column":19}},"32":{"start":{"line":81,"column":6},"end":{"line":81,"column":32}},"33":{"start":{"line":84,"column":4},"end":{"line":84,"column":20}},"34":{"start":{"line":86,"column":4},"end":{"line":86,"column":14}},"35":{"start":{"line":96,"column":23},"end":{"line":96,"column":32}},"36":{"start":{"line":97,"column":19},"end":{"line":97,"column":56}},"37":{"start":{"line":98,"column":26},"end":{"line":98,"column":60}},"38":{"start":{"line":100,"column":4},"end":{"line":104,"column":6}},"39":{"start":{"line":101,"column":31},"end":{"line":101,"column":85}},"40":{"start":{"line":102,"column":22},"end":{"line":102,"column":90}},"41":{"start":{"line":103,"column":8},"end":{"line":103,"column":42}},"42":{"start":{"line":106,"column":4},"end":{"line":106,"column":29}},"43":{"start":{"line":107,"column":27},"end":{"line":107,"column":58}},"44":{"start":{"line":108,"column":4},"end":{"line":108,"column":72}},"45":{"start":{"line":108,"column":60},"end":{"line":108,"column":70}},"46":{"start":{"line":109,"column":4},"end":{"line":109,"column":33}},"47":{"start":{"line":111,"column":4},"end":{"line":111,"column":48}},"48":{"start":{"line":121,"column":6},"end":{"line":125,"column":18}},"49":{"start":{"line":128,"column":1},"end":{"line":128,"column":38}}},"fnMap":{"0":{"name":"jensenShannonDivergenceCalculator","decl":{"start":{"line":7,"column":9},"end":{"line":7,"column":42}},"loc":{"start":{"line":7,"column":60},"end":{"line":87,"column":3}},"line":7},"1":{"name":"(anonymous_1)","decl":{"start":{"line":13,"column":20},"end":{"line":13,"column":21}},"loc":{"start":{"line":13,"column":28},"end":{"line":22,"column":5}},"line":13},"2":{"name":"(anonymous_2)","decl":{"start":{"line":25,"column":20},"end":{"line":25,"column":21}},"loc":{"start":{"line":25,"column":28},"end":{"line":34,"column":5}},"line":25},"3":{"name":"(anonymous_3)","decl":{"start":{"line":54,"column":21},"end":{"line":54,"column":22}},"loc":{"start":{"line":54,"column":29},"end":{"line":82,"column":5}},"line":54},"4":{"name":"getRecommendation","decl":{"start":{"line":95,"column":11},"end":{"line":95,"column":28}},"loc":{"start":{"line":95,"column":60},"end":{"line":112,"column":3}},"line":95},"5":{"name":"(anonymous_5)","decl":{"start":{"line":100,"column":21},"end":{"line":100,"column":22}},"loc":{"start":{"line":100,"column":31},"end":{"line":104,"column":5}},"line":100},"6":{"name":"(anonymous_6)","decl":{"start":{"line":108,"column":45},"end":{"line":108,"column":46}},"loc":{"start":{"line":108,"column":59},"end":{"line":108,"column":71}},"line":108},"7":{"name":"normalizeStringToArray","decl":{"start":{"line":120,"column":11},"end":{"line":120,"column":33}},"loc":{"start":{"line":120,"column":46},"end":{"line":126,"column":3}},"line":120}},"branchMap":{"0":{"loc":{"start":{"line":14,"column":6},"end":{"line":19,"column":7}},"type":"if","locations":[{"start":{"line":14,"column":6},"end":{"line":19,"column":7}},{"start":{"line":14,"column":6},"end":{"line":19,"column":7}}],"line":14},"1":{"loc":{"start":{"line":26,"column":6},"end":{"line":31,"column":7}},"type":"if","locations":[{"start":{"line":26,"column":6},"end":{"line":31,"column":7}},{"start":{"line":26,"column":6},"end":{"line":31,"column":7}}],"line":26},"2":{"loc":{"start":{"line":55,"column":6},"end":{"line":59,"column":7}},"type":"if","locations":[{"start":{"line":55,"column":6},"end":{"line":59,"column":7}},{"start":{"line":55,"column":6},"end":{"line":59,"column":7}}],"line":55},"3":{"loc":{"start":{"line":61,"column":6},"end":{"line":65,"column":7}},"type":"if","locations":[{"start":{"line":61,"column":6},"end":{"line":65,"column":7}},{"start":{"line":61,"column":6},"end":{"line":65,"column":7}}],"line":61},"4":{"loc":{"start":{"line":69,"column":6},"end":{"line":73,"column":7}},"type":"if","locations":[{"start":{"line":69,"column":6},"end":{"line":73,"column":7}},{"start":{"line":69,"column":6},"end":{"line":73,"column":7}}],"line":69},"5":{"loc":{"start":{"line":75,"column":6},"end":{"line":79,"column":7}},"type":"if","locations":[{"start":{"line":75,"column":6},"end":{"line":79,"column":7}},{"start":{"line":75,"column":6},"end":{"line":79,"column":7}}],"line":75}},"s":{"0":0,"1":0,"2":0,"3":0,"4":0,"5":0,"6":0,"7":0,"8":0,"9":0,"10":0,"11":0,"12":0,"13":0,"14":0,"15":0,"16":0,"17":0,"18":0,"19":0,"20":0,"21":0,"22":0,"23":0,"24":0,"25":0,"26":0,"27":0,"28":0,"29":0,"30":0,"31":0,"32":0,"33":0,"34":0,"35":0,"36":0,"37":0,"38":0,"39":0,"40":0,"41":0,"42":0,"43":0,"44":0,"45":0,"46":0,"47":0,"48":0,"49":11},"f":{"0":0,"1":0,"2":0,"3":0,"4":0,"5":0,"6":0,"7":0},"b":{"0":[0,0],"1":[0,0],"2":[0,0],"3":[0,0],"4":[0,0],"5":[0,0]},"_coverageSchema":"1a1c01bbd47fc00a2c39e90264f33305004495a9","hash":"562c764b3b26c8a145501a068fbd8b5a1ff4255d"}
,"/Users/efeevci/Desktop/YEAR4/TERM1/CPEN321/CPEN321-ModernWaiter/BackEnd/sql_connection.js": {"path":"/Users/efeevci/Desktop/YEAR4/TERM1/CPEN321/CPEN321-ModernWaiter/BackEnd/sql_connection.js","statementMap":{"0":{"start":{"line":1,"column":14},"end":{"line":1,"column":30}},"1":{"start":{"line":2,"column":12},"end":{"line":2,"column":56}},"2":{"start":{"line":5,"column":4},"end":{"line":12,"column":6}},"3":{"start":{"line":15,"column":0},"end":{"line":15,"column":32}}},"fnMap":{"0":{"name":"getConnection","decl":{"start":{"line":4,"column":9},"end":{"line":4,"column":22}},"loc":{"start":{"line":4,"column":24},"end":{"line":13,"column":1}},"line":4}},"branchMap":{"0":{"loc":{"start":{"line":9,"column":18},"end":{"line":9,"column":101}},"type":"cond-expr","locations":[{"start":{"line":9,"column":54},"end":{"line":9,"column":74}},{"start":{"line":9,"column":77},"end":{"line":9,"column":101}}],"line":9}},"s":{"0":11,"1":11,"2":88,"3":11},"f":{"0":88},"b":{"0":[0,88]},"_coverageSchema":"1a1c01bbd47fc00a2c39e90264f33305004495a9","hash":"1b9e286d74e9666f2403b37f6c668de18a807a3a"}
,"/Users/efeevci/Desktop/YEAR4/TERM1/CPEN321/CPEN321-ModernWaiter/BackEnd/routes/items.js": {"path":"/Users/efeevci/Desktop/YEAR4/TERM1/CPEN321/CPEN321-ModernWaiter/BackEnd/routes/items.js","statementMap":{"0":{"start":{"line":1,"column":14},"end":{"line":1,"column":30}},"1":{"start":{"line":2,"column":12},"end":{"line":2,"column":45}},"2":{"start":{"line":3,"column":12},"end":{"line":3,"column":31}},"3":{"start":{"line":13,"column":4},"end":{"line":13,"column":46}},"4":{"start":{"line":14,"column":23},"end":{"line":14,"column":59}},"5":{"start":{"line":16,"column":4},"end":{"line":19,"column":5}},"6":{"start":{"line":17,"column":8},"end":{"line":17,"column":78}},"7":{"start":{"line":18,"column":8},"end":{"line":18,"column":14}},"8":{"start":{"line":21,"column":20},"end":{"line":21,"column":95}},"9":{"start":{"line":22,"column":4},"end":{"line":29,"column":6}},"10":{"start":{"line":27,"column":8},"end":{"line":27,"column":36}},"11":{"start":{"line":28,"column":8},"end":{"line":28,"column":14}},"12":{"start":{"line":38,"column":4},"end":{"line":38,"column":30}},"13":{"start":{"line":39,"column":23},"end":{"line":39,"column":44}},"14":{"start":{"line":40,"column":15},"end":{"line":40,"column":28}},"15":{"start":{"line":41,"column":15},"end":{"line":41,"column":28}},"16":{"start":{"line":42,"column":15},"end":{"line":42,"column":40}},"17":{"start":{"line":43,"column":22},"end":{"line":43,"column":42}},"18":{"start":{"line":44,"column":19},"end":{"line":44,"column":48}},"19":{"start":{"line":45,"column":26},"end":{"line":45,"column":63}},"20":{"start":{"line":46,"column":16},"end":{"line":46,"column":30}},"21":{"start":{"line":48,"column":4},"end":{"line":51,"column":5}},"22":{"start":{"line":49,"column":8},"end":{"line":49,"column":125}},"23":{"start":{"line":50,"column":8},"end":{"line":50,"column":14}},"24":{"start":{"line":53,"column":20},"end":{"line":53,"column":248}},"25":{"start":{"line":54,"column":4},"end":{"line":61,"column":6}},"26":{"start":{"line":55,"column":8},"end":{"line":58,"column":9}},"27":{"start":{"line":56,"column":12},"end":{"line":56,"column":70}},"28":{"start":{"line":57,"column":12},"end":{"line":57,"column":18}},"29":{"start":{"line":59,"column":8},"end":{"line":59,"column":36}},"30":{"start":{"line":60,"column":8},"end":{"line":60,"column":14}},"31":{"start":{"line":64,"column":0},"end":{"line":64,"column":37}}},"fnMap":{"0":{"name":"getMenu","decl":{"start":{"line":12,"column":9},"end":{"line":12,"column":16}},"loc":{"start":{"line":12,"column":26},"end":{"line":30,"column":1}},"line":12},"1":{"name":"(anonymous_1)","decl":{"start":{"line":22,"column":25},"end":{"line":22,"column":26}},"loc":{"start":{"line":22,"column":46},"end":{"line":29,"column":5}},"line":22},"2":{"name":"addToMenu","decl":{"start":{"line":37,"column":9},"end":{"line":37,"column":18}},"loc":{"start":{"line":37,"column":28},"end":{"line":62,"column":1}},"line":37},"3":{"name":"(anonymous_3)","decl":{"start":{"line":54,"column":25},"end":{"line":54,"column":26}},"loc":{"start":{"line":54,"column":46},"end":{"line":61,"column":5}},"line":54}},"branchMap":{"0":{"loc":{"start":{"line":16,"column":4},"end":{"line":19,"column":5}},"type":"if","locations":[{"start":{"line":16,"column":4},"end":{"line":19,"column":5}},{"start":{"line":16,"column":4},"end":{"line":19,"column":5}}],"line":16},"1":{"loc":{"start":{"line":48,"column":4},"end":{"line":51,"column":5}},"type":"if","locations":[{"start":{"line":48,"column":4},"end":{"line":51,"column":5}},{"start":{"line":48,"column":4},"end":{"line":51,"column":5}}],"line":48},"2":{"loc":{"start":{"line":48,"column":8},"end":{"line":48,"column":64}},"type":"binary-expr","locations":[{"start":{"line":48,"column":8},"end":{"line":48,"column":19}},{"start":{"line":48,"column":23},"end":{"line":48,"column":38}},{"start":{"line":48,"column":42},"end":{"line":48,"column":64}}],"line":48},"3":{"loc":{"start":{"line":55,"column":8},"end":{"line":58,"column":9}},"type":"if","locations":[{"start":{"line":55,"column":8},"end":{"line":58,"column":9}},{"start":{"line":55,"column":8},"end":{"line":58,"column":9}}],"line":55}},"s":{"0":11,"1":11,"2":11,"3":1,"4":1,"5":1,"6":1,"7":1,"8":0,"9":0,"10":0,"11":0,"12":2,"13":2,"14":2,"15":2,"16":2,"17":2,"18":2,"19":2,"20":2,"21":2,"22":1,"23":1,"24":1,"25":1,"26":1,"27":1,"28":1,"29":0,"30":0,"31":11},"f":{"0":1,"1":0,"2":2,"3":1},"b":{"0":[1,0],"1":[1,1],"2":[2,1,1],"3":[1,0]},"_coverageSchema":"1a1c01bbd47fc00a2c39e90264f33305004495a9","hash":"1ddbd52153c561a758914a4fa708c44edad70d14"}
,"/Users/efeevci/Desktop/YEAR4/TERM1/CPEN321/CPEN321-ModernWaiter/BackEnd/routes/ordered_items.js": {"path":"/Users/efeevci/Desktop/YEAR4/TERM1/CPEN321/CPEN321-ModernWaiter/BackEnd/routes/ordered_items.js","statementMap":{"0":{"start":{"line":1,"column":14},"end":{"line":1,"column":30}},"1":{"start":{"line":2,"column":12},"end":{"line":2,"column":45}},"2":{"start":{"line":3,"column":12},"end":{"line":3,"column":31}},"3":{"start":{"line":4,"column":26},"end":{"line":4,"column":60}},"4":{"start":{"line":14,"column":4},"end":{"line":14,"column":49}},"5":{"start":{"line":16,"column":18},"end":{"line":16,"column":49}},"6":{"start":{"line":17,"column":4},"end":{"line":20,"column":5}},"7":{"start":{"line":18,"column":8},"end":{"line":18,"column":73}},"8":{"start":{"line":19,"column":8},"end":{"line":19,"column":14}},"9":{"start":{"line":22,"column":20},"end":{"line":22,"column":94}},"10":{"start":{"line":23,"column":4},"end":{"line":26,"column":6}},"11":{"start":{"line":24,"column":8},"end":{"line":24,"column":36}},"12":{"start":{"line":25,"column":8},"end":{"line":25,"column":14}},"13":{"start":{"line":37,"column":4},"end":{"line":37,"column":39}},"14":{"start":{"line":38,"column":24},"end":{"line":38,"column":51}},"15":{"start":{"line":40,"column":4},"end":{"line":51,"column":5}},"16":{"start":{"line":40,"column":16},"end":{"line":40,"column":17}},"17":{"start":{"line":41,"column":22},"end":{"line":41,"column":59}},"18":{"start":{"line":42,"column":21},"end":{"line":42,"column":57}},"19":{"start":{"line":44,"column":8},"end":{"line":47,"column":9}},"20":{"start":{"line":45,"column":12},"end":{"line":45,"column":94}},"21":{"start":{"line":46,"column":12},"end":{"line":46,"column":18}},"22":{"start":{"line":49,"column":24},"end":{"line":49,"column":148}},"23":{"start":{"line":50,"column":8},"end":{"line":50,"column":53}},"24":{"start":{"line":52,"column":18},"end":{"line":52,"column":55}},"25":{"start":{"line":53,"column":4},"end":{"line":53,"column":86}},"26":{"start":{"line":54,"column":4},"end":{"line":54,"column":26}},"27":{"start":{"line":63,"column":4},"end":{"line":63,"column":46}},"28":{"start":{"line":64,"column":18},"end":{"line":64,"column":47}},"29":{"start":{"line":65,"column":17},"end":{"line":65,"column":45}},"30":{"start":{"line":66,"column":17},"end":{"line":66,"column":45}},"31":{"start":{"line":67,"column":21},"end":{"line":67,"column":71}},"32":{"start":{"line":69,"column":4},"end":{"line":72,"column":5}},"33":{"start":{"line":70,"column":8},"end":{"line":70,"column":111}},"34":{"start":{"line":71,"column":8},"end":{"line":71,"column":14}},"35":{"start":{"line":74,"column":24},"end":{"line":74,"column":48}},"36":{"start":{"line":75,"column":20},"end":{"line":75,"column":223}},"37":{"start":{"line":76,"column":4},"end":{"line":81,"column":6}},"38":{"start":{"line":77,"column":8},"end":{"line":77,"column":30}},"39":{"start":{"line":78,"column":8},"end":{"line":78,"column":71}},"40":{"start":{"line":79,"column":8},"end":{"line":79,"column":84}},"41":{"start":{"line":80,"column":8},"end":{"line":80,"column":14}},"42":{"start":{"line":90,"column":18},"end":{"line":90,"column":47}},"43":{"start":{"line":91,"column":17},"end":{"line":91,"column":45}},"44":{"start":{"line":92,"column":18},"end":{"line":92,"column":47}},"45":{"start":{"line":94,"column":4},"end":{"line":97,"column":5}},"46":{"start":{"line":95,"column":8},"end":{"line":95,"column":103}},"47":{"start":{"line":96,"column":8},"end":{"line":96,"column":14}},"48":{"start":{"line":99,"column":21},"end":{"line":99,"column":42}},"49":{"start":{"line":100,"column":4},"end":{"line":100,"column":120}},"50":{"start":{"line":102,"column":20},"end":{"line":102,"column":173}},"51":{"start":{"line":103,"column":4},"end":{"line":106,"column":6}},"52":{"start":{"line":104,"column":8},"end":{"line":104,"column":30}},"53":{"start":{"line":105,"column":8},"end":{"line":105,"column":14}},"54":{"start":{"line":109,"column":0},"end":{"line":109,"column":102}}},"fnMap":{"0":{"name":"getOrderedItems","decl":{"start":{"line":13,"column":9},"end":{"line":13,"column":24}},"loc":{"start":{"line":13,"column":34},"end":{"line":27,"column":1}},"line":13},"1":{"name":"(anonymous_1)","decl":{"start":{"line":23,"column":25},"end":{"line":23,"column":26}},"loc":{"start":{"line":23,"column":46},"end":{"line":26,"column":5}},"line":23},"2":{"name":"addOrderedItems","decl":{"start":{"line":36,"column":15},"end":{"line":36,"column":30}},"loc":{"start":{"line":36,"column":40},"end":{"line":55,"column":1}},"line":36},"3":{"name":"(anonymous_3)","decl":{"start":{"line":50,"column":29},"end":{"line":50,"column":30}},"loc":{"start":{"line":50,"column":50},"end":{"line":50,"column":52}},"line":50},"4":{"name":"updateSelectedStatus","decl":{"start":{"line":62,"column":15},"end":{"line":62,"column":35}},"loc":{"start":{"line":62,"column":45},"end":{"line":82,"column":1}},"line":62},"5":{"name":"(anonymous_5)","decl":{"start":{"line":76,"column":25},"end":{"line":76,"column":26}},"loc":{"start":{"line":76,"column":52},"end":{"line":81,"column":5}},"line":76},"6":{"name":"updateOrderedItemPaidStatus","decl":{"start":{"line":89,"column":9},"end":{"line":89,"column":36}},"loc":{"start":{"line":89,"column":46},"end":{"line":107,"column":1}},"line":89},"7":{"name":"(anonymous_7)","decl":{"start":{"line":103,"column":25},"end":{"line":103,"column":26}},"loc":{"start":{"line":103,"column":46},"end":{"line":106,"column":5}},"line":103}},"branchMap":{"0":{"loc":{"start":{"line":17,"column":4},"end":{"line":20,"column":5}},"type":"if","locations":[{"start":{"line":17,"column":4},"end":{"line":20,"column":5}},{"start":{"line":17,"column":4},"end":{"line":20,"column":5}}],"line":17},"1":{"loc":{"start":{"line":44,"column":8},"end":{"line":47,"column":9}},"type":"if","locations":[{"start":{"line":44,"column":8},"end":{"line":47,"column":9}},{"start":{"line":44,"column":8},"end":{"line":47,"column":9}}],"line":44},"2":{"loc":{"start":{"line":44,"column":12},"end":{"line":44,"column":43}},"type":"binary-expr","locations":[{"start":{"line":44,"column":12},"end":{"line":44,"column":26}},{"start":{"line":44,"column":30},"end":{"line":44,"column":43}}],"line":44},"3":{"loc":{"start":{"line":67,"column":31},"end":{"line":67,"column":66}},"type":"cond-expr","locations":[{"start":{"line":67,"column":61},"end":{"line":67,"column":62}},{"start":{"line":67,"column":65},"end":{"line":67,"column":66}}],"line":67},"4":{"loc":{"start":{"line":69,"column":4},"end":{"line":72,"column":5}},"type":"if","locations":[{"start":{"line":69,"column":4},"end":{"line":72,"column":5}},{"start":{"line":69,"column":4},"end":{"line":72,"column":5}}],"line":69},"5":{"loc":{"start":{"line":69,"column":8},"end":{"line":69,"column":77}},"type":"binary-expr","locations":[{"start":{"line":69,"column":8},"end":{"line":69,"column":22}},{"start":{"line":69,"column":26},"end":{"line":69,"column":39}},{"start":{"line":69,"column":43},"end":{"line":69,"column":56}},{"start":{"line":69,"column":60},"end":{"line":69,"column":77}}],"line":69},"6":{"loc":{"start":{"line":74,"column":24},"end":{"line":74,"column":48}},"type":"cond-expr","locations":[{"start":{"line":74,"column":43},"end":{"line":74,"column":44}},{"start":{"line":74,"column":47},"end":{"line":74,"column":48}}],"line":74},"7":{"loc":{"start":{"line":94,"column":4},"end":{"line":97,"column":5}},"type":"if","locations":[{"start":{"line":94,"column":4},"end":{"line":97,"column":5}},{"start":{"line":94,"column":4},"end":{"line":97,"column":5}}],"line":94},"8":{"loc":{"start":{"line":94,"column":8},"end":{"line":94,"column":57}},"type":"binary-expr","locations":[{"start":{"line":94,"column":8},"end":{"line":94,"column":22}},{"start":{"line":94,"column":26},"end":{"line":94,"column":39}},{"start":{"line":94,"column":43},"end":{"line":94,"column":57}}],"line":94},"9":{"loc":{"start":{"line":99,"column":21},"end":{"line":99,"column":42}},"type":"cond-expr","locations":[{"start":{"line":99,"column":37},"end":{"line":99,"column":38}},{"start":{"line":99,"column":41},"end":{"line":99,"column":42}}],"line":99}},"s":{"0":11,"1":11,"2":11,"3":11,"4":2,"5":2,"6":2,"7":1,"8":1,"9":1,"10":1,"11":1,"12":1,"13":3,"14":3,"15":3,"16":3,"17":5,"18":5,"19":5,"20":2,"21":2,"22":3,"23":3,"24":1,"25":1,"26":1,"27":7,"28":7,"29":7,"30":7,"31":7,"32":7,"33":5,"34":5,"35":2,"36":2,"37":2,"38":2,"39":2,"40":0,"41":0,"42":6,"43":6,"44":6,"45":6,"46":4,"47":4,"48":2,"49":2,"50":2,"51":2,"52":2,"53":2,"54":11},"f":{"0":2,"1":1,"2":3,"3":3,"4":7,"5":2,"6":6,"7":2},"b":{"0":[1,1],"1":[2,3],"2":[5,4],"3":[1,6],"4":[5,2],"5":[7,2,2,2],"6":[1,1],"7":[4,2],"8":[6,2,2],"9":[1,1]},"_coverageSchema":"1a1c01bbd47fc00a2c39e90264f33305004495a9","hash":"717e5e882ffa7fba742bca75989f1279df67a07c"}
,"/Users/efeevci/Desktop/YEAR4/TERM1/CPEN321/CPEN321-ModernWaiter/BackEnd/routes/orders.js": {"path":"/Users/efeevci/Desktop/YEAR4/TERM1/CPEN321/CPEN321-ModernWaiter/BackEnd/routes/orders.js","statementMap":{"0":{"start":{"line":1,"column":14},"end":{"line":1,"column":30}},"1":{"start":{"line":2,"column":12},"end":{"line":2,"column":45}},"2":{"start":{"line":3,"column":12},"end":{"line":3,"column":31}},"3":{"start":{"line":4,"column":26},"end":{"line":4,"column":62}},"4":{"start":{"line":12,"column":4},"end":{"line":12,"column":31}},"5":{"start":{"line":13,"column":17},"end":{"line":13,"column":45}},"6":{"start":{"line":14,"column":18},"end":{"line":14,"column":47}},"7":{"start":{"line":15,"column":23},"end":{"line":15,"column":57}},"8":{"start":{"line":16,"column":17},"end":{"line":16,"column":44}},"9":{"start":{"line":17,"column":18},"end":{"line":17,"column":47}},"10":{"start":{"line":18,"column":19},"end":{"line":18,"column":49}},"11":{"start":{"line":20,"column":4},"end":{"line":23,"column":5}},"12":{"start":{"line":21,"column":8},"end":{"line":21,"column":150}},"13":{"start":{"line":22,"column":8},"end":{"line":22,"column":14}},"14":{"start":{"line":25,"column":20},"end":{"line":25,"column":209}},"15":{"start":{"line":27,"column":4},"end":{"line":34,"column":6}},"16":{"start":{"line":28,"column":8},"end":{"line":31,"column":9}},"17":{"start":{"line":29,"column":12},"end":{"line":29,"column":71}},"18":{"start":{"line":30,"column":12},"end":{"line":30,"column":19}},"19":{"start":{"line":32,"column":8},"end":{"line":32,"column":30}},"20":{"start":{"line":33,"column":8},"end":{"line":33,"column":14}},"21":{"start":{"line":44,"column":4},"end":{"line":44,"column":46}},"22":{"start":{"line":46,"column":19},"end":{"line":46,"column":51}},"23":{"start":{"line":47,"column":19},"end":{"line":47,"column":50}},"24":{"start":{"line":49,"column":4},"end":{"line":52,"column":5}},"25":{"start":{"line":50,"column":8},"end":{"line":50,"column":85}},"26":{"start":{"line":51,"column":8},"end":{"line":51,"column":14}},"27":{"start":{"line":54,"column":20},"end":{"line":54,"column":123}},"28":{"start":{"line":55,"column":4},"end":{"line":58,"column":6}},"29":{"start":{"line":56,"column":8},"end":{"line":56,"column":36}},"30":{"start":{"line":57,"column":8},"end":{"line":57,"column":14}},"31":{"start":{"line":68,"column":4},"end":{"line":68,"column":48}},"32":{"start":{"line":70,"column":20},"end":{"line":70,"column":53}},"33":{"start":{"line":71,"column":19},"end":{"line":71,"column":50}},"34":{"start":{"line":73,"column":4},"end":{"line":76,"column":5}},"35":{"start":{"line":74,"column":8},"end":{"line":74,"column":86}},"36":{"start":{"line":75,"column":8},"end":{"line":75,"column":14}},"37":{"start":{"line":78,"column":20},"end":{"line":78,"column":125}},"38":{"start":{"line":79,"column":4},"end":{"line":82,"column":6}},"39":{"start":{"line":80,"column":8},"end":{"line":80,"column":36}},"40":{"start":{"line":81,"column":8},"end":{"line":81,"column":14}},"41":{"start":{"line":95,"column":4},"end":{"line":95,"column":38}},"42":{"start":{"line":97,"column":18},"end":{"line":97,"column":47}},"43":{"start":{"line":98,"column":19},"end":{"line":98,"column":49}},"44":{"start":{"line":100,"column":4},"end":{"line":103,"column":5}},"45":{"start":{"line":101,"column":8},"end":{"line":101,"column":84}},"46":{"start":{"line":102,"column":8},"end":{"line":102,"column":14}},"47":{"start":{"line":105,"column":20},"end":{"line":105,"column":109}},"48":{"start":{"line":106,"column":4},"end":{"line":109,"column":6}},"49":{"start":{"line":107,"column":8},"end":{"line":107,"column":30}},"50":{"start":{"line":108,"column":8},"end":{"line":108,"column":14}},"51":{"start":{"line":122,"column":4},"end":{"line":122,"column":35}},"52":{"start":{"line":124,"column":18},"end":{"line":124,"column":47}},"53":{"start":{"line":125,"column":18},"end":{"line":125,"column":47}},"54":{"start":{"line":127,"column":4},"end":{"line":130,"column":5}},"55":{"start":{"line":128,"column":8},"end":{"line":128,"column":84}},"56":{"start":{"line":129,"column":8},"end":{"line":129,"column":14}},"57":{"start":{"line":132,"column":20},"end":{"line":132,"column":98}},"58":{"start":{"line":133,"column":4},"end":{"line":136,"column":6}},"59":{"start":{"line":134,"column":8},"end":{"line":134,"column":30}},"60":{"start":{"line":135,"column":8},"end":{"line":135,"column":14}},"61":{"start":{"line":139,"column":0},"end":{"line":139,"column":108}}},"fnMap":{"0":{"name":"createOrder","decl":{"start":{"line":11,"column":9},"end":{"line":11,"column":20}},"loc":{"start":{"line":11,"column":30},"end":{"line":35,"column":1}},"line":11},"1":{"name":"(anonymous_1)","decl":{"start":{"line":27,"column":25},"end":{"line":27,"column":26}},"loc":{"start":{"line":27,"column":46},"end":{"line":34,"column":5}},"line":27},"2":{"name":"getUserOrder","decl":{"start":{"line":43,"column":9},"end":{"line":43,"column":21}},"loc":{"start":{"line":43,"column":31},"end":{"line":59,"column":1}},"line":43},"3":{"name":"(anonymous_3)","decl":{"start":{"line":55,"column":25},"end":{"line":55,"column":26}},"loc":{"start":{"line":55,"column":46},"end":{"line":58,"column":5}},"line":55},"4":{"name":"getTableOrder","decl":{"start":{"line":67,"column":9},"end":{"line":67,"column":22}},"loc":{"start":{"line":67,"column":32},"end":{"line":83,"column":1}},"line":67},"5":{"name":"(anonymous_5)","decl":{"start":{"line":79,"column":25},"end":{"line":79,"column":26}},"loc":{"start":{"line":79,"column":47},"end":{"line":82,"column":5}},"line":79},"6":{"name":"updateOrderSessionStatus","decl":{"start":{"line":94,"column":9},"end":{"line":94,"column":33}},"loc":{"start":{"line":94,"column":43},"end":{"line":110,"column":1}},"line":94},"7":{"name":"(anonymous_7)","decl":{"start":{"line":106,"column":25},"end":{"line":106,"column":26}},"loc":{"start":{"line":106,"column":46},"end":{"line":109,"column":5}},"line":106},"8":{"name":"updateOrderPaidStatus","decl":{"start":{"line":121,"column":9},"end":{"line":121,"column":30}},"loc":{"start":{"line":121,"column":40},"end":{"line":137,"column":1}},"line":121},"9":{"name":"(anonymous_9)","decl":{"start":{"line":133,"column":25},"end":{"line":133,"column":26}},"loc":{"start":{"line":133,"column":47},"end":{"line":136,"column":5}},"line":133}},"branchMap":{"0":{"loc":{"start":{"line":20,"column":4},"end":{"line":23,"column":5}},"type":"if","locations":[{"start":{"line":20,"column":4},"end":{"line":23,"column":5}},{"start":{"line":20,"column":4},"end":{"line":23,"column":5}}],"line":20},"1":{"loc":{"start":{"line":20,"column":8},"end":{"line":20,"column":79}},"type":"binary-expr","locations":[{"start":{"line":20,"column":8},"end":{"line":20,"column":21}},{"start":{"line":20,"column":25},"end":{"line":20,"column":39}},{"start":{"line":20,"column":43},"end":{"line":20,"column":62}},{"start":{"line":20,"column":66},"end":{"line":20,"column":79}}],"line":20},"2":{"loc":{"start":{"line":28,"column":8},"end":{"line":31,"column":9}},"type":"if","locations":[{"start":{"line":28,"column":8},"end":{"line":31,"column":9}},{"start":{"line":28,"column":8},"end":{"line":31,"column":9}}],"line":28},"3":{"loc":{"start":{"line":49,"column":4},"end":{"line":52,"column":5}},"type":"if","locations":[{"start":{"line":49,"column":4},"end":{"line":52,"column":5}},{"start":{"line":49,"column":4},"end":{"line":52,"column":5}}],"line":49},"4":{"loc":{"start":{"line":49,"column":8},"end":{"line":49,"column":42}},"type":"binary-expr","locations":[{"start":{"line":49,"column":8},"end":{"line":49,"column":23}},{"start":{"line":49,"column":27},"end":{"line":49,"column":42}}],"line":49},"5":{"loc":{"start":{"line":73,"column":4},"end":{"line":76,"column":5}},"type":"if","locations":[{"start":{"line":73,"column":4},"end":{"line":76,"column":5}},{"start":{"line":73,"column":4},"end":{"line":76,"column":5}}],"line":73},"6":{"loc":{"start":{"line":73,"column":8},"end":{"line":73,"column":43}},"type":"binary-expr","locations":[{"start":{"line":73,"column":8},"end":{"line":73,"column":24}},{"start":{"line":73,"column":28},"end":{"line":73,"column":43}}],"line":73},"7":{"loc":{"start":{"line":100,"column":4},"end":{"line":103,"column":5}},"type":"if","locations":[{"start":{"line":100,"column":4},"end":{"line":103,"column":5}},{"start":{"line":100,"column":4},"end":{"line":103,"column":5}}],"line":100},"8":{"loc":{"start":{"line":100,"column":8},"end":{"line":100,"column":41}},"type":"binary-expr","locations":[{"start":{"line":100,"column":8},"end":{"line":100,"column":22}},{"start":{"line":100,"column":26},"end":{"line":100,"column":41}}],"line":100},"9":{"loc":{"start":{"line":127,"column":4},"end":{"line":130,"column":5}},"type":"if","locations":[{"start":{"line":127,"column":4},"end":{"line":130,"column":5}},{"start":{"line":127,"column":4},"end":{"line":130,"column":5}}],"line":127},"10":{"loc":{"start":{"line":127,"column":8},"end":{"line":127,"column":40}},"type":"binary-expr","locations":[{"start":{"line":127,"column":8},"end":{"line":127,"column":22}},{"start":{"line":127,"column":26},"end":{"line":127,"column":40}}],"line":127}},"s":{"0":11,"1":11,"2":11,"3":11,"4":16,"5":16,"6":16,"7":16,"8":16,"9":16,"10":16,"11":16,"12":4,"13":4,"14":12,"15":12,"16":12,"17":12,"18":12,"19":0,"20":0,"21":2,"22":2,"23":2,"24":2,"25":1,"26":1,"27":1,"28":1,"29":1,"30":1,"31":2,"32":2,"33":2,"34":2,"35":1,"36":1,"37":1,"38":1,"39":1,"40":1,"41":2,"42":2,"43":2,"44":2,"45":1,"46":1,"47":1,"48":1,"49":1,"50":1,"51":2,"52":2,"53":2,"54":2,"55":1,"56":1,"57":1,"58":1,"59":1,"60":1,"61":11},"f":{"0":16,"1":12,"2":2,"3":1,"4":2,"5":1,"6":2,"7":1,"8":2,"9":1},"b":{"0":[4,12],"1":[16,15,14,13],"2":[12,0],"3":[1,1],"4":[2,1],"5":[1,1],"6":[2,1],"7":[1,1],"8":[2,1],"9":[1,1],"10":[2,1]},"_coverageSchema":"1a1c01bbd47fc00a2c39e90264f33305004495a9","hash":"e8f57802f3d992c5d9105d5d052ba858a4316009"}
,"/Users/efeevci/Desktop/YEAR4/TERM1/CPEN321/CPEN321-ModernWaiter/BackEnd/routes/payment.js": {"path":"/Users/efeevci/Desktop/YEAR4/TERM1/CPEN321/CPEN321-ModernWaiter/BackEnd/routes/payment.js","statementMap":{"0":{"start":{"line":1,"column":16},"end":{"line":1,"column":34}},"1":{"start":{"line":2,"column":12},"end":{"line":2,"column":56}},"2":{"start":{"line":3,"column":15},"end":{"line":3,"column":63}},"3":{"start":{"line":4,"column":43},"end":{"line":4,"column":77}},"4":{"start":{"line":13,"column":4},"end":{"line":13,"column":27}},"5":{"start":{"line":14,"column":4},"end":{"line":14,"column":68}},"6":{"start":{"line":15,"column":4},"end":{"line":15,"column":10}},"7":{"start":{"line":24,"column":4},"end":{"line":24,"column":28}},"8":{"start":{"line":26,"column":26},"end":{"line":26,"column":50}},"9":{"start":{"line":27,"column":26},"end":{"line":27,"column":50}},"10":{"start":{"line":28,"column":19},"end":{"line":28,"column":36}},"11":{"start":{"line":29,"column":23},"end":{"line":29,"column":44}},"12":{"start":{"line":30,"column":22},"end":{"line":30,"column":54}},"13":{"start":{"line":31,"column":4},"end":{"line":31,"column":33}},"14":{"start":{"line":32,"column":18},"end":{"line":32,"column":47}},"15":{"start":{"line":34,"column":4},"end":{"line":37,"column":5}},"16":{"start":{"line":35,"column":8},"end":{"line":35,"column":76}},"17":{"start":{"line":36,"column":8},"end":{"line":36,"column":14}},"18":{"start":{"line":39,"column":29},"end":{"line":53,"column":5}},"19":{"start":{"line":41,"column":8},"end":{"line":52,"column":9}},"20":{"start":{"line":44,"column":12},"end":{"line":47,"column":13}},"21":{"start":{"line":51,"column":12},"end":{"line":51,"column":57}},"22":{"start":{"line":55,"column":4},"end":{"line":77,"column":5}},"23":{"start":{"line":58,"column":8},"end":{"line":67,"column":10}},"24":{"start":{"line":68,"column":8},"end":{"line":68,"column":42}},"25":{"start":{"line":69,"column":8},"end":{"line":69,"column":80}},"26":{"start":{"line":70,"column":8},"end":{"line":70,"column":70}},"27":{"start":{"line":71,"column":8},"end":{"line":71,"column":14}},"28":{"start":{"line":75,"column":8},"end":{"line":75,"column":38}},"29":{"start":{"line":76,"column":8},"end":{"line":76,"column":14}},"30":{"start":{"line":80,"column":0},"end":{"line":80,"column":52}}},"fnMap":{"0":{"name":"getStripeKey","decl":{"start":{"line":12,"column":9},"end":{"line":12,"column":21}},"loc":{"start":{"line":12,"column":31},"end":{"line":16,"column":1}},"line":12},"1":{"name":"createStripePayment","decl":{"start":{"line":23,"column":15},"end":{"line":23,"column":34}},"loc":{"start":{"line":23,"column":44},"end":{"line":78,"column":1}},"line":23},"2":{"name":"(anonymous_2)","decl":{"start":{"line":39,"column":29},"end":{"line":39,"column":30}},"loc":{"start":{"line":39,"column":39},"end":{"line":53,"column":5}},"line":39}},"branchMap":{"0":{"loc":{"start":{"line":34,"column":4},"end":{"line":37,"column":5}},"type":"if","locations":[{"start":{"line":34,"column":4},"end":{"line":37,"column":5}},{"start":{"line":34,"column":4},"end":{"line":37,"column":5}}],"line":34},"1":{"loc":{"start":{"line":41,"column":8},"end":{"line":52,"column":9}},"type":"switch","locations":[{"start":{"line":42,"column":12},"end":{"line":47,"column":13}},{"start":{"line":48,"column":12},"end":{"line":51,"column":57}}],"line":41}},"s":{"0":11,"1":11,"2":11,"3":11,"4":6,"5":6,"6":6,"7":6,"8":6,"9":6,"10":6,"11":6,"12":6,"13":6,"14":6,"15":6,"16":1,"17":1,"18":5,"19":4,"20":1,"21":3,"22":5,"23":5,"24":4,"25":4,"26":4,"27":3,"28":1,"29":1,"30":11},"f":{"0":6,"1":6,"2":4},"b":{"0":[1,5],"1":[1,3]},"_coverageSchema":"1a1c01bbd47fc00a2c39e90264f33305004495a9","hash":"1422cdd4357d6039682c332bc496621a7bf231d0"}
,"/Users/efeevci/Desktop/YEAR4/TERM1/CPEN321/CPEN321-ModernWaiter/BackEnd/routes/recommendation.js": {"path":"/Users/efeevci/Desktop/YEAR4/TERM1/CPEN321/CPEN321-ModernWaiter/BackEnd/routes/recommendation.js","statementMap":{"0":{"start":{"line":1,"column":14},"end":{"line":1,"column":30}},"1":{"start":{"line":2,"column":12},"end":{"line":2,"column":45}},"2":{"start":{"line":3,"column":12},"end":{"line":3,"column":31}},"3":{"start":{"line":4,"column":21},"end":{"line":4,"column":58}},"4":{"start":{"line":15,"column":4},"end":{"line":15,"column":38}},"5":{"start":{"line":17,"column":19},"end":{"line":17,"column":49}},"6":{"start":{"line":18,"column":24},"end":{"line":18,"column":60}},"7":{"start":{"line":20,"column":4},"end":{"line":23,"column":5}},"8":{"start":{"line":21,"column":8},"end":{"line":21,"column":88}},"9":{"start":{"line":22,"column":8},"end":{"line":22,"column":14}},"10":{"start":{"line":25,"column":4},"end":{"line":25,"column":36}},"11":{"start":{"line":26,"column":4},"end":{"line":26,"column":47}},"12":{"start":{"line":28,"column":21},"end":{"line":28,"column":91}},"13":{"start":{"line":29,"column":21},"end":{"line":29,"column":111}},"14":{"start":{"line":31,"column":4},"end":{"line":53,"column":6}},"15":{"start":{"line":34,"column":8},"end":{"line":39,"column":9}},"16":{"start":{"line":35,"column":12},"end":{"line":35,"column":53}},"17":{"start":{"line":37,"column":12},"end":{"line":37,"column":102}},"18":{"start":{"line":38,"column":12},"end":{"line":38,"column":18}},"19":{"start":{"line":41,"column":8},"end":{"line":52,"column":10}},"20":{"start":{"line":42,"column":39},"end":{"line":42,"column":77}},"21":{"start":{"line":43,"column":37},"end":{"line":43,"column":46}},"22":{"start":{"line":45,"column":12},"end":{"line":47,"column":14}},"23":{"start":{"line":46,"column":16},"end":{"line":46,"column":71}},"24":{"start":{"line":49,"column":25},"end":{"line":49,"column":89}},"25":{"start":{"line":50,"column":12},"end":{"line":50,"column":53}},"26":{"start":{"line":51,"column":12},"end":{"line":51,"column":18}},"27":{"start":{"line":63,"column":4},"end":{"line":63,"column":47}},"28":{"start":{"line":65,"column":20},"end":{"line":65,"column":79}},"29":{"start":{"line":66,"column":20},"end":{"line":66,"column":100}},"30":{"start":{"line":67,"column":22},"end":{"line":67,"column":60}},"31":{"start":{"line":68,"column":19},"end":{"line":68,"column":97}},"32":{"start":{"line":69,"column":17},"end":{"line":69,"column":82}},"33":{"start":{"line":72,"column":4},"end":{"line":78,"column":5}},"34":{"start":{"line":80,"column":4},"end":{"line":80,"column":49}},"35":{"start":{"line":83,"column":0},"end":{"line":83,"column":53}}},"fnMap":{"0":{"name":"getItemRecommendation","decl":{"start":{"line":14,"column":9},"end":{"line":14,"column":30}},"loc":{"start":{"line":14,"column":40},"end":{"line":54,"column":1}},"line":14},"1":{"name":"(anonymous_1)","decl":{"start":{"line":31,"column":26},"end":{"line":31,"column":27}},"loc":{"start":{"line":31,"column":51},"end":{"line":53,"column":5}},"line":31},"2":{"name":"(anonymous_2)","decl":{"start":{"line":41,"column":30},"end":{"line":41,"column":31}},"loc":{"start":{"line":41,"column":56},"end":{"line":52,"column":9}},"line":41},"3":{"name":"(anonymous_3)","decl":{"start":{"line":45,"column":41},"end":{"line":45,"column":42}},"loc":{"start":{"line":45,"column":49},"end":{"line":47,"column":13}},"line":45},"4":{"name":"getKeyWords","decl":{"start":{"line":62,"column":9},"end":{"line":62,"column":20}},"loc":{"start":{"line":62,"column":30},"end":{"line":81,"column":1}},"line":62}},"branchMap":{"0":{"loc":{"start":{"line":20,"column":4},"end":{"line":23,"column":5}},"type":"if","locations":[{"start":{"line":20,"column":4},"end":{"line":23,"column":5}},{"start":{"line":20,"column":4},"end":{"line":23,"column":5}}],"line":20},"1":{"loc":{"start":{"line":20,"column":8},"end":{"line":20,"column":47}},"type":"binary-expr","locations":[{"start":{"line":20,"column":8},"end":{"line":20,"column":23}},{"start":{"line":20,"column":27},"end":{"line":20,"column":47}}],"line":20}},"s":{"0":11,"1":11,"2":11,"3":11,"4":6,"5":6,"6":6,"7":6,"8":2,"9":2,"10":4,"11":4,"12":4,"13":4,"14":4,"15":4,"16":4,"17":4,"18":4,"19":0,"20":0,"21":0,"22":0,"23":0,"24":0,"25":0,"26":0,"27":1,"28":1,"29":1,"30":1,"31":1,"32":1,"33":1,"34":1,"35":11},"f":{"0":6,"1":4,"2":0,"3":0,"4":1},"b":{"0":[2,4],"1":[6,5]},"_coverageSchema":"1a1c01bbd47fc00a2c39e90264f33305004495a9","hash":"b8eb70c7b1c4a9444b9bc8656d27e81b6cbf700b"}
,"/Users/efeevci/Desktop/YEAR4/TERM1/CPEN321/CPEN321-ModernWaiter/BackEnd/routes/restaurants.js": {"path":"/Users/efeevci/Desktop/YEAR4/TERM1/CPEN321/CPEN321-ModernWaiter/BackEnd/routes/restaurants.js","statementMap":{"0":{"start":{"line":1,"column":14},"end":{"line":1,"column":30}},"1":{"start":{"line":2,"column":12},"end":{"line":2,"column":45}},"2":{"start":{"line":3,"column":12},"end":{"line":3,"column":31}},"3":{"start":{"line":13,"column":4},"end":{"line":13,"column":42}},"4":{"start":{"line":15,"column":13},"end":{"line":15,"column":39}},"5":{"start":{"line":16,"column":4},"end":{"line":19,"column":5}},"6":{"start":{"line":17,"column":8},"end":{"line":17,"column":67}},"7":{"start":{"line":18,"column":8},"end":{"line":18,"column":14}},"8":{"start":{"line":21,"column":20},"end":{"line":21,"column":79}},"9":{"start":{"line":22,"column":4},"end":{"line":25,"column":6}},"10":{"start":{"line":23,"column":8},"end":{"line":23,"column":36}},"11":{"start":{"line":24,"column":8},"end":{"line":24,"column":14}},"12":{"start":{"line":34,"column":4},"end":{"line":34,"column":36}},"13":{"start":{"line":35,"column":24},"end":{"line":35,"column":58}},"14":{"start":{"line":36,"column":31},"end":{"line":36,"column":72}},"15":{"start":{"line":38,"column":4},"end":{"line":41,"column":5}},"16":{"start":{"line":39,"column":8},"end":{"line":39,"column":74}},"17":{"start":{"line":40,"column":8},"end":{"line":40,"column":14}},"18":{"start":{"line":43,"column":15},"end":{"line":43,"column":28}},"19":{"start":{"line":44,"column":19},"end":{"line":44,"column":36}},"20":{"start":{"line":46,"column":20},"end":{"line":46,"column":190}},"21":{"start":{"line":47,"column":4},"end":{"line":54,"column":6}},"22":{"start":{"line":48,"column":8},"end":{"line":51,"column":9}},"23":{"start":{"line":49,"column":12},"end":{"line":49,"column":70}},"24":{"start":{"line":50,"column":12},"end":{"line":50,"column":18}},"25":{"start":{"line":52,"column":8},"end":{"line":52,"column":36}},"26":{"start":{"line":53,"column":8},"end":{"line":53,"column":14}},"27":{"start":{"line":56,"column":0},"end":{"line":56,"column":47}}},"fnMap":{"0":{"name":"getRestaurant","decl":{"start":{"line":12,"column":9},"end":{"line":12,"column":22}},"loc":{"start":{"line":12,"column":32},"end":{"line":26,"column":1}},"line":12},"1":{"name":"(anonymous_1)","decl":{"start":{"line":22,"column":25},"end":{"line":22,"column":26}},"loc":{"start":{"line":22,"column":46},"end":{"line":25,"column":5}},"line":22},"2":{"name":"addRestaurant","decl":{"start":{"line":33,"column":9},"end":{"line":33,"column":22}},"loc":{"start":{"line":33,"column":32},"end":{"line":55,"column":1}},"line":33},"3":{"name":"(anonymous_3)","decl":{"start":{"line":47,"column":25},"end":{"line":47,"column":26}},"loc":{"start":{"line":47,"column":46},"end":{"line":54,"column":5}},"line":47}},"branchMap":{"0":{"loc":{"start":{"line":16,"column":4},"end":{"line":19,"column":5}},"type":"if","locations":[{"start":{"line":16,"column":4},"end":{"line":19,"column":5}},{"start":{"line":16,"column":4},"end":{"line":19,"column":5}}],"line":16},"1":{"loc":{"start":{"line":38,"column":4},"end":{"line":41,"column":5}},"type":"if","locations":[{"start":{"line":38,"column":4},"end":{"line":41,"column":5}},{"start":{"line":38,"column":4},"end":{"line":41,"column":5}}],"line":38},"2":{"loc":{"start":{"line":38,"column":8},"end":{"line":38,"column":59}},"type":"binary-expr","locations":[{"start":{"line":38,"column":8},"end":{"line":38,"column":28}},{"start":{"line":38,"column":32},"end":{"line":38,"column":59}}],"line":38},"3":{"loc":{"start":{"line":48,"column":8},"end":{"line":51,"column":9}},"type":"if","locations":[{"start":{"line":48,"column":8},"end":{"line":51,"column":9}},{"start":{"line":48,"column":8},"end":{"line":51,"column":9}}],"line":48}},"s":{"0":11,"1":11,"2":11,"3":1,"4":1,"5":1,"6":1,"7":1,"8":0,"9":0,"10":0,"11":0,"12":3,"13":3,"14":3,"15":3,"16":1,"17":1,"18":2,"19":2,"20":2,"21":2,"22":2,"23":2,"24":2,"25":0,"26":0,"27":11},"f":{"0":1,"1":0,"2":3,"3":2},"b":{"0":[1,0],"1":[1,2],"2":[3,2],"3":[2,0]},"_coverageSchema":"1a1c01bbd47fc00a2c39e90264f33305004495a9","hash":"0d5633972465e4819bb03c4e360c098541b39a1d"}
,"/Users/efeevci/Desktop/YEAR4/TERM1/CPEN321/CPEN321-ModernWaiter/BackEnd/routes/tables.js": {"path":"/Users/efeevci/Desktop/YEAR4/TERM1/CPEN321/CPEN321-ModernWaiter/BackEnd/routes/tables.js","statementMap":{"0":{"start":{"line":1,"column":14},"end":{"line":1,"column":30}},"1":{"start":{"line":2,"column":12},"end":{"line":2,"column":45}},"2":{"start":{"line":3,"column":12},"end":{"line":3,"column":31}},"3":{"start":{"line":14,"column":4},"end":{"line":14,"column":37}},"4":{"start":{"line":16,"column":13},"end":{"line":16,"column":39}},"5":{"start":{"line":17,"column":4},"end":{"line":20,"column":5}},"6":{"start":{"line":18,"column":8},"end":{"line":18,"column":67}},"7":{"start":{"line":19,"column":8},"end":{"line":19,"column":14}},"8":{"start":{"line":22,"column":20},"end":{"line":22,"column":75}},"9":{"start":{"line":23,"column":4},"end":{"line":26,"column":6}},"10":{"start":{"line":24,"column":8},"end":{"line":24,"column":39}},"11":{"start":{"line":25,"column":8},"end":{"line":25,"column":14}},"12":{"start":{"line":36,"column":4},"end":{"line":36,"column":31}},"13":{"start":{"line":38,"column":22},"end":{"line":38,"column":55}},"14":{"start":{"line":39,"column":4},"end":{"line":42,"column":5}},"15":{"start":{"line":40,"column":8},"end":{"line":40,"column":77}},"16":{"start":{"line":41,"column":8},"end":{"line":41,"column":14}},"17":{"start":{"line":44,"column":20},"end":{"line":44,"column":95}},"18":{"start":{"line":45,"column":4},"end":{"line":48,"column":6}},"19":{"start":{"line":46,"column":8},"end":{"line":46,"column":36}},"20":{"start":{"line":47,"column":8},"end":{"line":47,"column":14}},"21":{"start":{"line":51,"column":0},"end":{"line":51,"column":37}}},"fnMap":{"0":{"name":"getTable","decl":{"start":{"line":13,"column":9},"end":{"line":13,"column":17}},"loc":{"start":{"line":13,"column":28},"end":{"line":27,"column":1}},"line":13},"1":{"name":"(anonymous_1)","decl":{"start":{"line":23,"column":25},"end":{"line":23,"column":26}},"loc":{"start":{"line":23,"column":46},"end":{"line":26,"column":5}},"line":23},"2":{"name":"addTable","decl":{"start":{"line":35,"column":9},"end":{"line":35,"column":17}},"loc":{"start":{"line":35,"column":28},"end":{"line":49,"column":1}},"line":35},"3":{"name":"(anonymous_3)","decl":{"start":{"line":45,"column":25},"end":{"line":45,"column":26}},"loc":{"start":{"line":45,"column":46},"end":{"line":48,"column":5}},"line":45}},"branchMap":{"0":{"loc":{"start":{"line":17,"column":4},"end":{"line":20,"column":5}},"type":"if","locations":[{"start":{"line":17,"column":4},"end":{"line":20,"column":5}},{"start":{"line":17,"column":4},"end":{"line":20,"column":5}}],"line":17},"1":{"loc":{"start":{"line":39,"column":4},"end":{"line":42,"column":5}},"type":"if","locations":[{"start":{"line":39,"column":4},"end":{"line":42,"column":5}},{"start":{"line":39,"column":4},"end":{"line":42,"column":5}}],"line":39}},"s":{"0":11,"1":11,"2":11,"3":2,"4":2,"5":2,"6":1,"7":1,"8":1,"9":1,"10":1,"11":0,"12":2,"13":2,"14":2,"15":1,"16":1,"17":1,"18":1,"19":1,"20":1,"21":11},"f":{"0":2,"1":1,"2":2,"3":1},"b":{"0":[1,1],"1":[1,1]},"_coverageSchema":"1a1c01bbd47fc00a2c39e90264f33305004495a9","hash":"4b3ce320cebbc3fa717f4e33bd219bfee7f8e739"}
,"/Users/efeevci/Desktop/YEAR4/TERM1/CPEN321/CPEN321-ModernWaiter/BackEnd/routes/users.js": {"path":"/Users/efeevci/Desktop/YEAR4/TERM1/CPEN321/CPEN321-ModernWaiter/BackEnd/routes/users.js","statementMap":{"0":{"start":{"line":1,"column":14},"end":{"line":1,"column":30}},"1":{"start":{"line":2,"column":12},"end":{"line":2,"column":45}},"2":{"start":{"line":3,"column":12},"end":{"line":3,"column":31}},"3":{"start":{"line":13,"column":4},"end":{"line":13,"column":36}},"4":{"start":{"line":15,"column":13},"end":{"line":15,"column":39}},"5":{"start":{"line":16,"column":4},"end":{"line":19,"column":5}},"6":{"start":{"line":17,"column":8},"end":{"line":17,"column":67}},"7":{"start":{"line":18,"column":8},"end":{"line":18,"column":14}},"8":{"start":{"line":21,"column":20},"end":{"line":21,"column":74}},"9":{"start":{"line":22,"column":4},"end":{"line":25,"column":6}},"10":{"start":{"line":23,"column":8},"end":{"line":23,"column":39}},"11":{"start":{"line":24,"column":8},"end":{"line":24,"column":14}},"12":{"start":{"line":36,"column":4},"end":{"line":36,"column":49}},"13":{"start":{"line":37,"column":19},"end":{"line":37,"column":38}},"14":{"start":{"line":38,"column":20},"end":{"line":38,"column":87}},"15":{"start":{"line":39,"column":4},"end":{"line":42,"column":6}},"16":{"start":{"line":40,"column":8},"end":{"line":40,"column":39}},"17":{"start":{"line":41,"column":8},"end":{"line":41,"column":14}},"18":{"start":{"line":52,"column":4},"end":{"line":52,"column":30}},"19":{"start":{"line":53,"column":19},"end":{"line":53,"column":36}},"20":{"start":{"line":54,"column":16},"end":{"line":54,"column":30}},"21":{"start":{"line":55,"column":19},"end":{"line":55,"column":36}},"22":{"start":{"line":56,"column":22},"end":{"line":56,"column":42}},"23":{"start":{"line":58,"column":20},"end":{"line":58,"column":157}},"24":{"start":{"line":59,"column":4},"end":{"line":66,"column":6}},"25":{"start":{"line":60,"column":8},"end":{"line":63,"column":9}},"26":{"start":{"line":61,"column":12},"end":{"line":61,"column":37}},"27":{"start":{"line":62,"column":12},"end":{"line":62,"column":18}},"28":{"start":{"line":64,"column":8},"end":{"line":64,"column":30}},"29":{"start":{"line":65,"column":8},"end":{"line":65,"column":14}},"30":{"start":{"line":76,"column":4},"end":{"line":76,"column":48}},"31":{"start":{"line":78,"column":13},"end":{"line":78,"column":39}},"32":{"start":{"line":79,"column":4},"end":{"line":82,"column":5}},"33":{"start":{"line":80,"column":8},"end":{"line":80,"column":67}},"34":{"start":{"line":81,"column":8},"end":{"line":81,"column":14}},"35":{"start":{"line":84,"column":20},"end":{"line":84,"column":84}},"36":{"start":{"line":85,"column":4},"end":{"line":88,"column":6}},"37":{"start":{"line":86,"column":8},"end":{"line":86,"column":39}},"38":{"start":{"line":87,"column":8},"end":{"line":87,"column":14}},"39":{"start":{"line":98,"column":4},"end":{"line":98,"column":29}},"40":{"start":{"line":100,"column":17},"end":{"line":100,"column":45}},"41":{"start":{"line":101,"column":4},"end":{"line":104,"column":5}},"42":{"start":{"line":102,"column":8},"end":{"line":102,"column":72}},"43":{"start":{"line":103,"column":8},"end":{"line":103,"column":14}},"44":{"start":{"line":106,"column":22},"end":{"line":106,"column":42}},"45":{"start":{"line":108,"column":4},"end":{"line":111,"column":5}},"46":{"start":{"line":109,"column":8},"end":{"line":109,"column":59}},"47":{"start":{"line":110,"column":8},"end":{"line":110,"column":14}},"48":{"start":{"line":113,"column":20},"end":{"line":113,"column":104}},"49":{"start":{"line":114,"column":4},"end":{"line":117,"column":6}},"50":{"start":{"line":115,"column":8},"end":{"line":115,"column":30}},"51":{"start":{"line":116,"column":8},"end":{"line":116,"column":14}},"52":{"start":{"line":120,"column":0},"end":{"line":120,"column":101}}},"fnMap":{"0":{"name":"getUserById","decl":{"start":{"line":12,"column":9},"end":{"line":12,"column":20}},"loc":{"start":{"line":12,"column":30},"end":{"line":26,"column":1}},"line":12},"1":{"name":"(anonymous_1)","decl":{"start":{"line":22,"column":25},"end":{"line":22,"column":26}},"loc":{"start":{"line":22,"column":46},"end":{"line":25,"column":5}},"line":22},"2":{"name":"getUserByGoogleId","decl":{"start":{"line":35,"column":9},"end":{"line":35,"column":26}},"loc":{"start":{"line":35,"column":36},"end":{"line":43,"column":1}},"line":35},"3":{"name":"(anonymous_3)","decl":{"start":{"line":39,"column":25},"end":{"line":39,"column":26}},"loc":{"start":{"line":39,"column":46},"end":{"line":42,"column":5}},"line":39},"4":{"name":"addUser","decl":{"start":{"line":51,"column":9},"end":{"line":51,"column":16}},"loc":{"start":{"line":51,"column":26},"end":{"line":67,"column":1}},"line":51},"5":{"name":"(anonymous_5)","decl":{"start":{"line":59,"column":25},"end":{"line":59,"column":26}},"loc":{"start":{"line":59,"column":46},"end":{"line":66,"column":5}},"line":59},"6":{"name":"getUserPreferences","decl":{"start":{"line":75,"column":9},"end":{"line":75,"column":27}},"loc":{"start":{"line":75,"column":37},"end":{"line":89,"column":1}},"line":75},"7":{"name":"(anonymous_7)","decl":{"start":{"line":85,"column":25},"end":{"line":85,"column":26}},"loc":{"start":{"line":85,"column":46},"end":{"line":88,"column":5}},"line":85},"8":{"name":"updateUserPreferences","decl":{"start":{"line":97,"column":9},"end":{"line":97,"column":30}},"loc":{"start":{"line":97,"column":40},"end":{"line":118,"column":1}},"line":97},"9":{"name":"(anonymous_9)","decl":{"start":{"line":114,"column":25},"end":{"line":114,"column":26}},"loc":{"start":{"line":114,"column":46},"end":{"line":117,"column":5}},"line":114}},"branchMap":{"0":{"loc":{"start":{"line":16,"column":4},"end":{"line":19,"column":5}},"type":"if","locations":[{"start":{"line":16,"column":4},"end":{"line":19,"column":5}},{"start":{"line":16,"column":4},"end":{"line":19,"column":5}}],"line":16},"1":{"loc":{"start":{"line":60,"column":8},"end":{"line":63,"column":9}},"type":"if","locations":[{"start":{"line":60,"column":8},"end":{"line":63,"column":9}},{"start":{"line":60,"column":8},"end":{"line":63,"column":9}}],"line":60},"2":{"loc":{"start":{"line":79,"column":4},"end":{"line":82,"column":5}},"type":"if","locations":[{"start":{"line":79,"column":4},"end":{"line":82,"column":5}},{"start":{"line":79,"column":4},"end":{"line":82,"column":5}}],"line":79},"3":{"loc":{"start":{"line":101,"column":4},"end":{"line":104,"column":5}},"type":"if","locations":[{"start":{"line":101,"column":4},"end":{"line":104,"column":5}},{"start":{"line":101,"column":4},"end":{"line":104,"column":5}}],"line":101},"4":{"loc":{"start":{"line":108,"column":4},"end":{"line":111,"column":5}},"type":"if","locations":[{"start":{"line":108,"column":4},"end":{"line":111,"column":5}},{"start":{"line":108,"column":4},"end":{"line":111,"column":5}}],"line":108}},"s":{"0":11,"1":11,"2":11,"3":0,"4":0,"5":0,"6":0,"7":0,"8":0,"9":0,"10":0,"11":0,"12":0,"13":0,"14":0,"15":0,"16":0,"17":0,"18":1,"19":1,"20":1,"21":1,"22":1,"23":1,"24":1,"25":1,"26":1,"27":1,"28":0,"29":0,"30":0,"31":0,"32":0,"33":0,"34":0,"35":0,"36":0,"37":0,"38":0,"39":0,"40":0,"41":0,"42":0,"43":0,"44":0,"45":0,"46":0,"47":0,"48":0,"49":0,"50":0,"51":0,"52":11},"f":{"0":0,"1":0,"2":0,"3":0,"4":1,"5":1,"6":0,"7":0,"8":0,"9":0},"b":{"0":[0,0],"1":[1,0],"2":[0,0],"3":[0,0],"4":[0,0]},"_coverageSchema":"1a1c01bbd47fc00a2c39e90264f33305004495a9","hash":"a4749fc1641626fad8bfdbb51141aca11184408b"}
,"/Users/efeevci/Desktop/YEAR4/TERM1/CPEN321/CPEN321-ModernWaiter/BackEnd/tests/integration_tests/test_functions.js": {"path":"/Users/efeevci/Desktop/YEAR4/TERM1/CPEN321/CPEN321-ModernWaiter/BackEnd/tests/integration_tests/test_functions.js","statementMap":{"0":{"start":{"line":1,"column":12},"end":{"line":1,"column":43}},"1":{"start":{"line":2,"column":18},"end":{"line":2,"column":38}},"2":{"start":{"line":3,"column":17},"end":{"line":3,"column":65}},"3":{"start":{"line":4,"column":16},"end":{"line":4,"column":30}},"4":{"start":{"line":7,"column":13},"end":{"line":7,"column":14}},"5":{"start":{"line":8,"column":19},"end":{"line":8,"column":20}},"6":{"start":{"line":9,"column":14},"end":{"line":9,"column":15}},"7":{"start":{"line":10,"column":18},"end":{"line":10,"column":20}},"8":{"start":{"line":11,"column":13},"end":{"line":11,"column":15}},"9":{"start":{"line":14,"column":11},"end":{"line":14,"column":21}},"10":{"start":{"line":15,"column":11},"end":{"line":15,"column":18}},"11":{"start":{"line":16,"column":11},"end":{"line":16,"column":17}},"12":{"start":{"line":17,"column":18},"end":{"line":17,"column":64}},"13":{"start":{"line":18,"column":15},"end":{"line":18,"column":20}},"14":{"start":{"line":19,"column":22},"end":{"line":19,"column":25}},"15":{"start":{"line":20,"column":12},"end":{"line":20,"column":14}},"16":{"start":{"line":23,"column":16},"end":{"line":23,"column":36}},"17":{"start":{"line":24,"column":15},"end":{"line":24,"column":45}},"18":{"start":{"line":25,"column":15},"end":{"line":25,"column":41}},"19":{"start":{"line":26,"column":12},"end":{"line":26,"column":62}},"20":{"start":{"line":27,"column":18},"end":{"line":27,"column":27}},"21":{"start":{"line":29,"column":18},"end":{"line":29,"column":25}},"22":{"start":{"line":33,"column":16},"end":{"line":33,"column":25}},"23":{"start":{"line":35,"column":8},"end":{"line":42,"column":9}},"24":{"start":{"line":45,"column":21},"end":{"line":45,"column":54}},"25":{"start":{"line":48,"column":4},"end":{"line":48,"column":37}},"26":{"start":{"line":53,"column":21},"end":{"line":53,"column":22}},"27":{"start":{"line":54,"column":16},"end":{"line":54,"column":61}},"28":{"start":{"line":57,"column":21},"end":{"line":57,"column":43}},"29":{"start":{"line":60,"column":4},"end":{"line":60,"column":37}},"30":{"start":{"line":61,"column":4},"end":{"line":61,"column":64}},"31":{"start":{"line":62,"column":4},"end":{"line":62,"column":61}},"32":{"start":{"line":63,"column":4},"end":{"line":63,"column":59}},"33":{"start":{"line":64,"column":4},"end":{"line":64,"column":70}},"34":{"start":{"line":65,"column":4},"end":{"line":65,"column":68}},"35":{"start":{"line":66,"column":4},"end":{"line":66,"column":70}},"36":{"start":{"line":67,"column":4},"end":{"line":67,"column":79}},"37":{"start":{"line":69,"column":4},"end":{"line":69,"column":33}},"38":{"start":{"line":74,"column":21},"end":{"line":74,"column":22}},"39":{"start":{"line":75,"column":16},"end":{"line":75,"column":63}},"40":{"start":{"line":78,"column":21},"end":{"line":78,"column":43}},"41":{"start":{"line":81,"column":4},"end":{"line":81,"column":37}},"42":{"start":{"line":82,"column":4},"end":{"line":82,"column":64}},"43":{"start":{"line":83,"column":4},"end":{"line":83,"column":61}},"44":{"start":{"line":84,"column":4},"end":{"line":84,"column":59}},"45":{"start":{"line":85,"column":4},"end":{"line":85,"column":70}},"46":{"start":{"line":86,"column":4},"end":{"line":86,"column":68}},"47":{"start":{"line":87,"column":4},"end":{"line":87,"column":70}},"48":{"start":{"line":88,"column":4},"end":{"line":88,"column":79}},"49":{"start":{"line":90,"column":4},"end":{"line":90,"column":33}},"50":{"start":{"line":95,"column":16},"end":{"line":95,"column":40}},"51":{"start":{"line":98,"column":21},"end":{"line":98,"column":43}},"52":{"start":{"line":101,"column":4},"end":{"line":101,"column":37}},"53":{"start":{"line":102,"column":4},"end":{"line":102,"column":64}},"54":{"start":{"line":103,"column":4},"end":{"line":103,"column":70}},"55":{"start":{"line":104,"column":4},"end":{"line":104,"column":66}},"56":{"start":{"line":105,"column":4},"end":{"line":105,"column":66}},"57":{"start":{"line":106,"column":4},"end":{"line":106,"column":66}},"58":{"start":{"line":107,"column":4},"end":{"line":107,"column":73}},"59":{"start":{"line":108,"column":4},"end":{"line":108,"column":70}},"60":{"start":{"line":109,"column":4},"end":{"line":109,"column":78}},"61":{"start":{"line":110,"column":4},"end":{"line":110,"column":67}},"62":{"start":{"line":112,"column":4},"end":{"line":112,"column":24}},"63":{"start":{"line":117,"column":16},"end":{"line":117,"column":59}},"64":{"start":{"line":120,"column":21},"end":{"line":120,"column":43}},"65":{"start":{"line":123,"column":4},"end":{"line":123,"column":37}},"66":{"start":{"line":124,"column":4},"end":{"line":124,"column":65}},"67":{"start":{"line":129,"column":16},"end":{"line":129,"column":42}},"68":{"start":{"line":132,"column":21},"end":{"line":132,"column":43}},"69":{"start":{"line":135,"column":4},"end":{"line":135,"column":37}},"70":{"start":{"line":136,"column":4},"end":{"line":136,"column":67}},"71":{"start":{"line":142,"column":4},"end":{"line":158,"column":5}},"72":{"start":{"line":160,"column":14},"end":{"line":160,"column":31}},"73":{"start":{"line":163,"column":16},"end":{"line":163,"column":54}},"74":{"start":{"line":166,"column":4},"end":{"line":166,"column":32}},"75":{"start":{"line":167,"column":4},"end":{"line":167,"column":38}},"76":{"start":{"line":172,"column":14},"end":{"line":172,"column":31}},"77":{"start":{"line":175,"column":16},"end":{"line":175,"column":48}},"78":{"start":{"line":178,"column":4},"end":{"line":178,"column":32}},"79":{"start":{"line":179,"column":4},"end":{"line":179,"column":48}},"80":{"start":{"line":180,"column":4},"end":{"line":180,"column":55}},"81":{"start":{"line":181,"column":4},"end":{"line":181,"column":54}},"82":{"start":{"line":182,"column":4},"end":{"line":182,"column":54}},"83":{"start":{"line":183,"column":4},"end":{"line":183,"column":57}},"84":{"start":{"line":184,"column":4},"end":{"line":184,"column":54}},"85":{"start":{"line":189,"column":14},"end":{"line":189,"column":20}},"86":{"start":{"line":192,"column":16},"end":{"line":192,"column":38}},"87":{"start":{"line":195,"column":4},"end":{"line":195,"column":35}},"88":{"start":{"line":196,"column":4},"end":{"line":196,"column":68}},"89":{"start":{"line":202,"column":8},"end":{"line":208,"column":9}},"90":{"start":{"line":210,"column":14},"end":{"line":210,"column":20}},"91":{"start":{"line":213,"column":16},"end":{"line":213,"column":54}},"92":{"start":{"line":216,"column":4},"end":{"line":216,"column":32}},"93":{"start":{"line":217,"column":4},"end":{"line":217,"column":66}},"94":{"start":{"line":223,"column":8},"end":{"line":229,"column":9}},"95":{"start":{"line":231,"column":14},"end":{"line":231,"column":20}},"96":{"start":{"line":234,"column":16},"end":{"line":234,"column":54}},"97":{"start":{"line":237,"column":4},"end":{"line":237,"column":32}},"98":{"start":{"line":238,"column":4},"end":{"line":238,"column":66}},"99":{"start":{"line":244,"column":8},"end":{"line":247,"column":9}},"100":{"start":{"line":249,"column":14},"end":{"line":249,"column":31}},"101":{"start":{"line":252,"column":16},"end":{"line":252,"column":53}},"102":{"start":{"line":255,"column":4},"end":{"line":255,"column":32}},"103":{"start":{"line":261,"column":8},"end":{"line":264,"column":9}},"104":{"start":{"line":266,"column":14},"end":{"line":266,"column":28}},"105":{"start":{"line":269,"column":16},"end":{"line":269,"column":53}},"106":{"start":{"line":272,"column":4},"end":{"line":272,"column":32}},"107":{"start":{"line":278,"column":8},"end":{"line":283,"column":9}},"108":{"start":{"line":285,"column":14},"end":{"line":285,"column":39}},"109":{"start":{"line":288,"column":16},"end":{"line":288,"column":53}},"110":{"start":{"line":291,"column":4},"end":{"line":291,"column":32}},"111":{"start":{"line":297,"column":8},"end":{"line":302,"column":9}},"112":{"start":{"line":304,"column":14},"end":{"line":304,"column":39}},"113":{"start":{"line":307,"column":16},"end":{"line":307,"column":53}},"114":{"start":{"line":310,"column":4},"end":{"line":310,"column":32}},"115":{"start":{"line":316,"column":8},"end":{"line":320,"column":9}},"116":{"start":{"line":322,"column":14},"end":{"line":322,"column":35}},"117":{"start":{"line":325,"column":16},"end":{"line":325,"column":53}},"118":{"start":{"line":328,"column":4},"end":{"line":328,"column":32}},"119":{"start":{"line":334,"column":8},"end":{"line":338,"column":9}},"120":{"start":{"line":340,"column":14},"end":{"line":340,"column":35}},"121":{"start":{"line":343,"column":16},"end":{"line":343,"column":53}},"122":{"start":{"line":346,"column":4},"end":{"line":346,"column":32}},"123":{"start":{"line":352,"column":8},"end":{"line":361,"column":9}},"124":{"start":{"line":363,"column":14},"end":{"line":363,"column":22}},"125":{"start":{"line":366,"column":16},"end":{"line":366,"column":54}},"126":{"start":{"line":369,"column":4},"end":{"line":369,"column":32}},"127":{"start":{"line":374,"column":16},"end":{"line":374,"column":40}},"128":{"start":{"line":377,"column":21},"end":{"line":377,"column":43}},"129":{"start":{"line":380,"column":4},"end":{"line":380,"column":37}},"130":{"start":{"line":382,"column":4},"end":{"line":382,"column":85}},"131":{"start":{"line":383,"column":4},"end":{"line":383,"column":91}},"132":{"start":{"line":384,"column":4},"end":{"line":384,"column":74}},"133":{"start":{"line":385,"column":4},"end":{"line":385,"column":74}},"134":{"start":{"line":386,"column":4},"end":{"line":386,"column":90}},"135":{"start":{"line":387,"column":4},"end":{"line":387,"column":88}},"136":{"start":{"line":388,"column":4},"end":{"line":388,"column":98}},"137":{"start":{"line":389,"column":4},"end":{"line":389,"column":113}},"138":{"start":{"line":390,"column":4},"end":{"line":390,"column":76}},"139":{"start":{"line":395,"column":16},"end":{"line":395,"column":24}},"140":{"start":{"line":397,"column":8},"end":{"line":402,"column":9}},"141":{"start":{"line":405,"column":21},"end":{"line":405,"column":59}},"142":{"start":{"line":408,"column":4},"end":{"line":408,"column":37}},"143":{"start":{"line":413,"column":16},"end":{"line":413,"column":43}},"144":{"start":{"line":416,"column":21},"end":{"line":416,"column":43}},"145":{"start":{"line":419,"column":4},"end":{"line":419,"column":37}},"146":{"start":{"line":420,"column":4},"end":{"line":420,"column":58}},"147":{"start":{"line":421,"column":4},"end":{"line":421,"column":52}},"148":{"start":{"line":422,"column":4},"end":{"line":422,"column":59}},"149":{"start":{"line":423,"column":4},"end":{"line":423,"column":64}},"150":{"start":{"line":424,"column":4},"end":{"line":424,"column":58}},"151":{"start":{"line":426,"column":4},"end":{"line":426,"column":29}},"152":{"start":{"line":431,"column":16},"end":{"line":431,"column":34}},"153":{"start":{"line":434,"column":21},"end":{"line":434,"column":43}},"154":{"start":{"line":437,"column":4},"end":{"line":437,"column":37}},"155":{"start":{"line":438,"column":4},"end":{"line":438,"column":58}},"156":{"start":{"line":439,"column":4},"end":{"line":439,"column":52}},"157":{"start":{"line":440,"column":4},"end":{"line":440,"column":59}},"158":{"start":{"line":441,"column":4},"end":{"line":441,"column":64}},"159":{"start":{"line":442,"column":4},"end":{"line":442,"column":58}},"160":{"start":{"line":447,"column":16},"end":{"line":447,"column":46}},"161":{"start":{"line":450,"column":21},"end":{"line":450,"column":43}},"162":{"start":{"line":453,"column":4},"end":{"line":453,"column":37}},"163":{"start":{"line":454,"column":4},"end":{"line":454,"column":64}},"164":{"start":{"line":459,"column":16},"end":{"line":459,"column":37}},"165":{"start":{"line":461,"column":8},"end":{"line":464,"column":9}},"166":{"start":{"line":467,"column":21},"end":{"line":467,"column":58}},"167":{"start":{"line":470,"column":4},"end":{"line":470,"column":37}},"168":{"start":{"line":471,"column":4},"end":{"line":471,"column":45}},"169":{"start":{"line":476,"column":16},"end":{"line":476,"column":32}},"170":{"start":{"line":479,"column":21},"end":{"line":479,"column":43}},"171":{"start":{"line":482,"column":4},"end":{"line":482,"column":37}},"172":{"start":{"line":493,"column":16},"end":{"line":493,"column":30}},"173":{"start":{"line":494,"column":21},"end":{"line":499,"column":5}},"174":{"start":{"line":502,"column":21},"end":{"line":502,"column":59}},"175":{"start":{"
[...]
art":{"line":411,"column":15},"end":{"line":411,"column":36}},"loc":{"start":{"line":411,"column":39},"end":{"line":427,"column":1}},"line":411},"21":{"name":"testGetUserByUserId","decl":{"start":{"line":429,"column":15},"end":{"line":429,"column":34}},"loc":{"start":{"line":429,"column":37},"end":{"line":443,"column":1}},"line":429},"22":{"name":"testGetUserPreferences","decl":{"start":{"line":445,"column":15},"end":{"line":445,"column":37}},"loc":{"start":{"line":445,"column":40},"end":{"line":455,"column":1}},"line":445},"23":{"name":"testUpdateUserPreferences","decl":{"start":{"line":457,"column":15},"end":{"line":457,"column":40}},"loc":{"start":{"line":457,"column":43},"end":{"line":472,"column":1}},"line":457},"24":{"name":"testGetRestaurant","decl":{"start":{"line":474,"column":15},"end":{"line":474,"column":32}},"loc":{"start":{"line":474,"column":35},"end":{"line":489,"column":1}},"line":474},"25":{"name":"testAddRestaurant","decl":{"start":{"line":491,"column":15},"end":{"line":491,"column":32}},"loc":{"start":{"line":491,"column":35},"end":{"line":506,"column":1}},"line":491},"26":{"name":"testGetTable","decl":{"start":{"line":508,"column":15},"end":{"line":508,"column":27}},"loc":{"start":{"line":508,"column":30},"end":{"line":517,"column":1}},"line":508},"27":{"name":"testAddTable","decl":{"start":{"line":519,"column":15},"end":{"line":519,"column":27}},"loc":{"start":{"line":519,"column":30},"end":{"line":532,"column":1}},"line":519},"28":{"name":"testTokenRegistration","decl":{"start":{"line":535,"column":15},"end":{"line":535,"column":36}},"loc":{"start":{"line":535,"column":39},"end":{"line":549,"column":1}},"line":535},"29":{"name":"testUnsubscribeToken","decl":{"start":{"line":551,"column":15},"end":{"line":551,"column":35}},"loc":{"start":{"line":551,"column":38},"end":{"line":566,"column":1}},"line":551}},"branchMap":{},"s":{"0":8,"1":8,"2":8,"3":8,"4":8,"5":8,"6":8,"7":8,"8":8,"9":8,"10":8,"11":8,"12":8,"13":8,"14":8,"15":8,"16":8,"17":8,"18":8,"19":8,"20":8,"21":8,"22":6,"23":6,"24":6,"25":6,"26":0,"27":0,"28":0,"29":0,"30":0,"31":0,"32":0,"33":0,"34":0,"35":0,"36":0,"37":0,"38":0,"39":0,"40":0,"41":0,"42":0,"43":0,"44":0,"45":0,"46":0,"47":0,"48":0,"49":0,"50":0,"51":0,"52":0,"53":0,"54":0,"55":0,"56":0,"57":0,"58":0,"59":0,"60":0,"61":0,"62":0,"63":0,"64":0,"65":0,"66":0,"67":0,"68":0,"69":0,"70":0,"71":0,"72":0,"73":0,"74":0,"75":0,"76":0,"77":0,"78":0,"79":0,"80":0,"81":0,"82":0,"83":0,"84":0,"85":6,"86":6,"87":6,"88":6,"89":3,"90":3,"91":3,"92":3,"93":3,"94":1,"95":1,"96":1,"97":1,"98":1,"99":0,"100":0,"101":0,"102":0,"103":0,"104":0,"105":0,"106":0,"107":0,"108":0,"109":0,"110":0,"111":1,"112":1,"113":1,"114":1,"115":1,"116":1,"117":1,"118":1,"119":0,"120":0,"121":0,"122":0,"123":1,"124":1,"125":1,"126":1,"127":0,"128":0,"129":0,"130":0,"131":0,"132":0,"133":0,"134":0,"135":0,"136":0,"137":0,"138":0,"139":1,"140":1,"141":1,"142":1,"143":0,"144":0,"145":0,"146":0,"147":0,"148":0,"149":0,"150":0,"151":0,"152":0,"153":0,"154":0,"155":0,"156":0,"157":0,"158":0,"159":0,"160":0,"161":0,"162":0,"163":0,"164":0,"165":0,"166":0,"167":0,"168":0,"169":0,"170":0,"171":0,"172":2,"173":2,"174":2,"175":2,"176":1,"177":1,"178":0,"179":1,"180":1,"181":1,"182":1,"183":8,"184":1,"185":1,"186":1,"187":0,"188":1,"189":1,"190":1,"191":1,"192":8},"f":{"0":6,"1":0,"2":0,"3":0,"4":0,"5":0,"6":0,"7":0,"8":6,"9":3,"10":1,"11":0,"12":0,"13":0,"14":1,"15":1,"16":0,"17":1,"18":0,"19":1,"20":0,"21":0,"22":0,"23":0,"24":0,"25":2,"26":1,"27":1,"28":1,"29":1},"b":{},"_coverageSchema":"1a1c01bbd47fc00a2c39e90264f33305004495a9","hash":"26eaa28e32ef89229d52d681aa31cd32e70a0e4f"}
,"/Users/efeevci/Desktop/YEAR4/TERM1/CPEN321/CPEN321-ModernWaiter/BackEnd/tests/integration_tests/test_functions_invalid.js": {"path":"/Users/efeevci/Desktop/YEAR4/TERM1/CPEN321/CPEN321-ModernWaiter/BackEnd/tests/integration_tests/test_functions_invalid.js","statementMap":{"0":{"start":{"line":1,"column":12},"end":{"line":1,"column":43}},"1":{"start":{"line":2,"column":18},"end":{"line":2,"column":38}},"2":{"start":{"line":3,"column":16},"end":{"line":3,"column":30}},"3":{"start":{"line":6,"column":13},"end":{"line":6,"column":14}},"4":{"start":{"line":7,"column":19},"end":{"line":7,"column":20}},"5":{"start":{"line":8,"column":14},"end":{"line":8,"column":15}},"6":{"start":{"line":9,"column":13},"end":{"line":9,"column":15}},"7":{"start":{"line":12,"column":11},"end":{"line":12,"column":21}},"8":{"start":{"line":13,"column":11},"end":{"line":13,"column":18}},"9":{"start":{"line":14,"column":11},"end":{"line":14,"column":17}},"10":{"start":{"line":15,"column":18},"end":{"line":15,"column":23}},"11":{"start":{"line":16,"column":15},"end":{"line":16,"column":20}},"12":{"start":{"line":17,"column":22},"end":{"line":17,"column":25}},"13":{"start":{"line":18,"column":12},"end":{"line":18,"column":14}},"14":{"start":{"line":21,"column":16},"end":{"line":21,"column":36}},"15":{"start":{"line":22,"column":15},"end":{"line":22,"column":45}},"16":{"start":{"line":23,"column":15},"end":{"line":23,"column":41}},"17":{"start":{"line":24,"column":12},"end":{"line":24,"column":62}},"18":{"start":{"line":25,"column":18},"end":{"line":25,"column":27}},"19":{"start":{"line":27,"column":18},"end":{"line":27,"column":25}},"20":{"start":{"line":31,"column":21},"end":{"line":31,"column":22}},"21":{"start":{"line":32,"column":16},"end":{"line":32,"column":69}},"22":{"start":{"line":35,"column":21},"end":{"line":35,"column":43}},"23":{"start":{"line":38,"column":4},"end":{"line":38,"column":37}},"24":{"start":{"line":43,"column":21},"end":{"line":43,"column":22}},"25":{"start":{"line":44,"column":16},"end":{"line":44,"column":70}},"26":{"start":{"line":47,"column":21},"end":{"line":47,"column":43}},"27":{"start":{"line":50,"column":4},"end":{"line":50,"column":37}},"28":{"start":{"line":55,"column":16},"end":{"line":55,"column":39}},"29":{"start":{"line":58,"column":21},"end":{"line":58,"column":43}},"30":{"start":{"line":61,"column":4},"end":{"line":61,"column":37}},"31":{"start":{"line":67,"column":8},"end":{"line":83,"column":9}},"32":{"start":{"line":85,"column":14},"end":{"line":85,"column":31}},"33":{"start":{"line":88,"column":16},"end":{"line":88,"column":54}},"34":{"start":{"line":91,"column":4},"end":{"line":91,"column":32}},"35":{"start":{"line":96,"column":14},"end":{"line":96,"column":31}},"36":{"start":{"line":99,"column":16},"end":{"line":99,"column":52}},"37":{"start":{"line":102,"column":4},"end":{"line":102,"column":32}},"38":{"start":{"line":108,"column":8},"end":{"line":114,"column":9}},"39":{"start":{"line":116,"column":14},"end":{"line":116,"column":20}},"40":{"start":{"line":119,"column":16},"end":{"line":119,"column":54}},"41":{"start":{"line":122,"column":4},"end":{"line":122,"column":32}},"42":{"start":{"line":128,"column":8},"end":{"line":134,"column":9}},"43":{"start":{"line":136,"column":14},"end":{"line":136,"column":20}},"44":{"start":{"line":139,"column":16},"end":{"line":139,"column":54}},"45":{"start":{"line":142,"column":4},"end":{"line":142,"column":32}},"46":{"start":{"line":148,"column":8},"end":{"line":151,"column":9}},"47":{"start":{"line":153,"column":14},"end":{"line":153,"column":31}},"48":{"start":{"line":156,"column":16},"end":{"line":156,"column":53}},"49":{"start":{"line":159,"column":4},"end":{"line":159,"column":32}},"50":{"start":{"line":165,"column":8},"end":{"line":168,"column":9}},"51":{"start":{"line":170,"column":14},"end":{"line":170,"column":28}},"52":{"start":{"line":173,"column":16},"end":{"line":173,"column":53}},"53":{"start":{"line":176,"column":4},"end":{"line":176,"column":32}},"54":{"start":{"line":182,"column":8},"end":{"line":187,"column":9}},"55":{"start":{"line":189,"column":14},"end":{"line":189,"column":39}},"56":{"start":{"line":192,"column":16},"end":{"line":192,"column":53}},"57":{"start":{"line":195,"column":4},"end":{"line":195,"column":32}},"58":{"start":{"line":201,"column":8},"end":{"line":205,"column":9}},"59":{"start":{"line":207,"column":14},"end":{"line":207,"column":35}},"60":{"start":{"line":210,"column":16},"end":{"line":210,"column":53}},"61":{"start":{"line":213,"column":4},"end":{"line":213,"column":32}},"62":{"start":{"line":219,"column":8},"end":{"line":228,"column":9}},"63":{"start":{"line":230,"column":14},"end":{"line":230,"column":22}},"64":{"start":{"line":233,"column":16},"end":{"line":233,"column":54}},"65":{"start":{"line":236,"column":4},"end":{"line":236,"column":32}},"66":{"start":{"line":242,"column":8},"end":{"line":248,"column":9}},"67":{"start":{"line":250,"column":14},"end":{"line":250,"column":22}},"68":{"start":{"line":253,"column":16},"end":{"line":253,"column":54}},"69":{"start":{"line":256,"column":4},"end":{"line":256,"column":32}},"70":{"start":{"line":261,"column":16},"end":{"line":261,"column":24}},"71":{"start":{"line":263,"column":8},"end":{"line":266,"column":9}},"72":{"start":{"line":269,"column":21},"end":{"line":269,"column":59}},"73":{"start":{"line":270,"column":22},"end":{"line":270,"column":60}},"74":{"start":{"line":273,"column":4},"end":{"line":273,"column":38}},"75":{"start":{"line":278,"column":16},"end":{"line":278,"column":39}},"76":{"start":{"line":281,"column":21},"end":{"line":281,"column":43}},"77":{"start":{"line":284,"column":4},"end":{"line":284,"column":37}},"78":{"start":{"line":289,"column":16},"end":{"line":289,"column":51}},"79":{"start":{"line":292,"column":21},"end":{"line":292,"column":43}},"80":{"start":{"line":295,"column":4},"end":{"line":295,"column":37}},"81":{"start":{"line":300,"column":16},"end":{"line":300,"column":37}},"82":{"start":{"line":302,"column":8},"end":{"line":305,"column":9}},"83":{"start":{"line":308,"column":21},"end":{"line":308,"column":58}},"84":{"start":{"line":311,"column":4},"end":{"line":311,"column":37}},"85":{"start":{"line":316,"column":16},"end":{"line":316,"column":37}},"86":{"start":{"line":318,"column":8},"end":{"line":321,"column":9}},"87":{"start":{"line":324,"column":21},"end":{"line":324,"column":58}},"88":{"start":{"line":327,"column":4},"end":{"line":327,"column":37}},"89":{"start":{"line":333,"column":16},"end":{"line":333,"column":25}},"90":{"start":{"line":335,"column":8},"end":{"line":342,"column":9}},"91":{"start":{"line":345,"column":21},"end":{"line":345,"column":54}},"92":{"start":{"line":348,"column":4},"end":{"line":348,"column":37}},"93":{"start":{"line":353,"column":16},"end":{"line":353,"column":25}},"94":{"start":{"line":355,"column":8},"end":{"line":362,"column":9}},"95":{"start":{"line":365,"column":21},"end":{"line":365,"column":54}},"96":{"start":{"line":368,"column":4},"end":{"line":368,"column":37}},"97":{"start":{"line":373,"column":16},"end":{"line":373,"column":63}},"98":{"start":{"line":376,"column":21},"end":{"line":376,"column":43}},"99":{"start":{"line":379,"column":4},"end":{"line":379,"column":37}},"100":{"start":{"line":384,"column":16},"end":{"line":384,"column":56}},"101":{"start":{"line":387,"column":21},"end":{"line":387,"column":43}},"102":{"start":{"line":390,"column":4},"end":{"line":390,"column":37}},"103":{"start":{"line":396,"column":16},"end":{"line":396,"column":45}},"104":{"start":{"line":399,"column":21},"end":{"line":399,"column":43}},"105":{"start":{"line":402,"column":4},"end":{"line":402,"column":37}},"106":{"start":{"line":407,"column":16},"end":{"line":407,"column":30}},"107":{"start":{"line":408,"column":21},"end":{"line":413,"column":5}},"108":{"start":{"line":416,"column":21},"end":{"line":416,"column":59}},"109":{"start":{"line":419,"column":4},"end":{"line":419,"column":37}},"110":{"start":{"line":424,"column":16},"end":{"line":424,"column":30}},"111":{"start":{"line":425,"column":21},"end":{"line":428,"column":5}},"112":{"start":{"line":431,"column":21},"end":{"line":431,"column":59}},"113":{"start":{"line":434,"column":4},"end":{"line":434,"column":37}},"114":{"start":{"line":439,"column":16},"end":{"line":439,"column":40}},"115":{"start":{"line":442,"column":21},"end":{"line":442,"column":43}},"116":{"start":{"line":445,"column":4},"end":{"line":445,"column":37}},"117":{"start":{"line":450,"column":16},"end":{"line":450,"column":25}},"118":{"start":{"line":452,"column":8},"end":{"line":454,"column":9}},"119":{"start":{"line":457,"column":21},"end":{"line":457,"column":59}},"120":{"start":{"line":460,"column":4},"end":{"line":460,"column":37}},"121":{"start":{"line":465,"column":16},"end":{"line":465,"column":36}},"122":{"start":{"line":467,"column":8},"end":{"line":469,"column":9}},"123":{"start":{"line":472,"column":21},"end":{"line":472,"column":59}},"124":{"start":{"line":475,"column":4},"end":{"line":475,"column":37}},"125":{"start":{"line":480,"column":16},"end":{"line":480,"column":36}},"126":{"start":{"line":482,"column":8},"end":{"line":484,"column":9}},"127":{"start":{"line":487,"column":21},"end":{"line":487,"column":59}},"128":{"start":{"line":490,"column":4},"end":{"line":490,"column":37}},"129":{"start":{"line":493,"column":0},"end":{"line":502,"column":1}}},"fnMap":{"0":{"name":"testGetUserOrderInvalid","decl":{"start":{"line":29,"column":15},"end":{"line":29,"column":38}},"loc":{"start":{"line":29,"column":41},"end":{"line":39,"column":1}},"line":29},"1":{"name":"testGetTableOrderInvalid","decl":{"start":{"line":41,"column":15},"end":{"line":41,"column":39}},"loc":{"start":{"line":41,"column":42},"end":{"line":51,"column":1}},"line":41},"2":{"name":"testGetMenuInvalid","decl":{"start":{"line":53,"column":15},"end":{"line":53,"column":33}},"loc":{"start":{"line":53,"column":36},"end":{"line":62,"column":1}},"line":53},"3":{"name":"testAddOrderedItemsInvalid","decl":{"start":{"line":64,"column":15},"end":{"line":64,"column":41}},"loc":{"start":{"line":64,"column":44},"end":{"line":92,"column":1}},"line":64},"4":{"name":"testGetOrderedItemsInvalid","decl":{"start":{"line":94,"column":15},"end":{"line":94,"column":41}},"loc":{"start":{"line":94,"column":44},"end":{"line":103,"column":1}},"line":94},"5":{"name":"testCreateStripePaymentInvalidAmount","decl":{"start":{"line":105,"column":15},"end":{"line":105,"column":51}},"loc":{"start":{"line":105,"column":54},"end":{"line":123,"column":1}},"line":105},"6":{"name":"testCreateStripePaymentIncorrectCVC","decl":{"start":{"line":125,"column":15},"end":{"line":125,"column":50}},"loc":{"start":{"line":125,"column":53},"end":{"line":143,"column":1}},"line":125},"7":{"name":"testTableSessionDoneInvalid","decl":{"start":{"line":145,"column":15},"end":{"line":145,"column":42}},"loc":{"start":{"line":145,"column":44},"end":{"line":160,"column":1}},"line":145},"8":{"name":"testPaidStatusDoneInvalid","decl":{"start":{"line":162,"column":15},"end":{"line":162,"column":40}},"loc":{"start":{"line":162,"column":42},"end":{"line":177,"column":1}},"line":162},"9":{"name":"testOrderedItemSelectedInvalid","decl":{"start":{"line":179,"column":15},"end":{"line":179,"column":45}},"loc":{"start":{"line":179,"column":47},"end":{"line":196,"column":1}},"line":179},"10":{"name":"testOrderedItemPaidInvalid","decl":{"start":{"line":198,"column":15},"end":{"line":198,"column":41}},"loc":{"start":{"line":198,"column":43},"end":{"line":214,"column":1}},"line":198},"11":{"name":"testAddToMenuInvalid","decl":{"start":{"line":216,"column":15},"end":{"line":216,"column":35}},"loc":{"start":{"line":216,"column":38},"end":{"line":237,"column":1}},"line":216},"12":{"name":"testAddToMenuInvalidAlt","decl":{"start":{"line":239,"column":15},"end":{"line":239,"column":38}},"loc":{"start":{"line":239,"column":41},"end":{"line":257,"column":1}},"line":239},"13":{"name":"testCreateUserInvalid","decl":{"start":{"line":259,"column":15},"end":{"line":259,"column":36}},"loc":{"start":{"line":259,"column":39},"end":{"line":274,"column":1}},"line":259},"14":{"name":"testGetUserByUserIdInvalid","decl":{"start":{"line":276,"column":15},"end":{"line":276,"column":41}},"loc":{"start":{"line":276,"column":44},"end":{"line":285,"column":1}},"line":276},"15":{"name":"testGetUserPreferencesInvalid","decl":{"start":{"line":287,"column":15},"end":{"line":287,"column":44}},"loc":{"start":{"line":287,"column":47},"end":{"line":296,"column":1}},"line":287},"16":{"name":"testUpdateUserPreferencesInvalid","decl":{"start":{"line":298,"column":15},"end":{"line":298,"column":47}},"loc":{"start":{"line":298,"column":50},"end":{"line":312,"column":1}},"line":298},"17":{"name":"testUpdateUserPreferencesInvalidAlt","decl":{"start":{"line":314,"column":15},"end":{"line":314,"column":50}},"loc":{"start":{"line":314,"column":53},"end":{"line":328,"column":1}},"line":314},"18":{"name":"testCreateOrderInvalid","decl":{"start":{"line":331,"column":15},"end":{"line":331,"column":37}},"loc":{"start":{"line":331,"column":40},"end":{"line":349,"column":1}},"line":331},"19":{"name":"testCreateOrderInvalidAlt","decl":{"start":{"line":351,"column":15},"end":{"line":351,"column":40}},"loc":{"start":{"line":351,"column":43},"end":{"line":369,"column":1}},"line":351},"20":{"name":"testGetRecommendationInvalid","decl":{"start":{"line":371,"column":15},"end":{"line":371,"column":43}},"loc":{"start":{"line":371,"column":46},"end":{"line":380,"column":1}},"line":371},"21":{"name":"testGetRecommendationInvalidAlt","decl":{"start":{"line":382,"column":15},"end":{"line":382,"column":46}},"loc":{"start":{"line":382,"column":49},"end":{"line":391,"column":1}},"line":382},"22":{"name":"testGetRestaurantInvalid","decl":{"start":{"line":394,"column":15},"end":{"line":394,"column":39}},"loc":{"start":{"line":394,"column":42},"end":{"line":403,"column":1}},"line":394},"23":{"name":"testAddRestaurantInvalid","decl":{"start":{"line":405,"column":15},"end":{"line":405,"column":39}},"loc":{"start":{"line":405,"column":42},"end":{"line":420,"column":1}},"line":405},"24":{"name":"testAddRestaurantInvalidAlt","decl":{"start":{"line":422,"column":15},"end":{"line":422,"column":42}},"loc":{"start":{"line":422,"column":45},"end":{"line":435,"column":1}},"line":422},"25":{"name":"testGetTableInvalid","decl":{"start":{"line":437,"column":15},"end":{"line":437,"column":34}},"loc":{"start":{"line":437,"column":37},"end":{"line":446,"column":1}},"line":437},"26":{"name":"testAddTableInvalid","decl":{"start":{"line":448,"column":15},"end":{"line":448,"column":34}},"loc":{"start":{"line":448,"column":37},"end":{"line":461,"column":1}},"line":448},"27":{"name":"testTokenRegistrationInvalid","decl":{"start":{"line":463,"column":15},"end":{"line":463,"column":43}},"loc":{"start":{"line":463,"column":46},"end":{"line":476,"column":1}},"line":463},"28":{"name":"testUnsubscribeTokenInvalid","decl":{"start":{"line":478,"column":15},"end":{"line":478,"column":42}},"loc":{"start":{"line":478,"column":45},"end":{"line":491,"column":1}},"line":478}},"branchMap":{},"s":{"0":8,"1":8,"2":8,"3":8,"4":8,"5":8,"6":8,"7":8,"8":8,"9":8,"10":8,"11":8,"12":8,"13":8,"14":8,"15":8,"16":8,"17":8,"18":8,"19":8,"20":0,"21":0,"22":0,"23":0,"24":0,"25":0,"26":0,"27":0,"28":1,"29":1,"30":1,"31":0,"32":0,"33":0,"34":0,"35":0,"36":0,"37":0,"38":1,"39":1,"40":1,"41":1,"42":1,"43":1,"44":1,"45":1,"46":0,"47":0,"48":0,"49":0,"50":0,"51":0,"52":0,"53":0,"54":1,"55":1,"56":1,"57":1,"58":1,"59":1,"60":1,"61":1,"62":1,"63":1,"64":1,"65":0,"66":0,"67":0,"68":0,"69":0,"70":1,"71":1,"72":1,"73":0,"74":0,"75":0,"76":0,"77":0,"78":0,"79":0,"80":0,"81":0,"82":0,"83":0,"84":0,"85":0,"86":0,"87":0,"88":0,"89":1,"90":1,"91":1,"92":0,"93":0,"94":0,"95":0,"96":0,"97":0,"98":0,"99":0,"100":0,"101":0,"102":0,"103":1,"104":1,"105":1,"106":1,"107":1,"108":1,"109":0,"110":0,"111":0,"112":0,"113":0,"114":1,"115":1,"116":0,"117":1,"118":1,"119":1,"120":1,"121":1,"122":1,"123":1,"124":1,"125":1,"126":1,"127":1,"128":1,"129":8},"f":{"0":0,"1":0,"2":1,"3":0,"4":0,"5":1,"6":1,"7":0,"8":0,"9":1,"10":1,"11":1,"12":0,"13":1,"14":0,"15":0,"16":0,"17":0,"18":1,"19":0,"20":0,"21":0,"22":1,"23":1,"24":0,"25":1,"26":1,"27":1,"28":1},"b":{},"_coverageSchema":"1a1c01bbd47fc00a2c39e90264f33305004495a9","hash":"6da3b2503ffca77afc8e1576c1f673d26df2fe1e"}
}
