{"/home/modernwaiter/CPEN321-ModernWaiter/BackEnd/backend_server.js": {"path":"/home/modernwaiter/CPEN321-ModernWaiter/BackEnd/backend_server.js","statementMap":{"0":{"start":{"line":1,"column":16},"end":{"line":1,"column":34}},"1":{"start":{"line":2,"column":14},"end":{"line":2,"column":30}},"2":{"start":{"line":3,"column":12},"end":{"line":3,"column":21}},"3":{"start":{"line":4,"column":26},"end":{"line":4,"column":59}},"4":{"start":{"line":5,"column":12},"end":{"line":5,"column":42}},"5":{"start":{"line":6,"column":12},"end":{"line":6,"column":31}},"6":{"start":{"line":8,"column":14},"end":{"line":8,"column":42}},"7":{"start":{"line":9,"column":22},"end":{"line":9,"column":58}},"8":{"start":{"line":10,"column":15},"end":{"line":10,"column":44}},"9":{"start":{"line":11,"column":16},"end":{"line":11,"column":46}},"10":{"start":{"line":12,"column":23},"end":{"line":12,"column":60}},"11":{"start":{"line":13,"column":20},"end":{"line":13,"column":54}},"12":{"start":{"line":14,"column":15},"end":{"line":14,"column":44}},"13":{"start":{"line":15,"column":14},"end":{"line":15,"column":42}},"14":{"start":{"line":17,"column":0},"end":{"line":17,"column":23}},"15":{"start":{"line":19,"column":0},"end":{"line":29,"column":2}},"16":{"start":{"line":20,"column":4},"end":{"line":20,"column":22}},"17":{"start":{"line":20,"column":13},"end":{"line":20,"column":22}},"18":{"start":{"line":21,"column":4},"end":{"line":21,"column":29}},"19":{"start":{"line":23,"column":4},"end":{"line":28,"column":5}},"20":{"start":{"line":24,"column":21},"end":{"line":27,"column":10}},"21":{"start":{"line":25,"column":23},"end":{"line":25,"column":44}},"22":{"start":{"line":26,"column":12},"end":{"line":26,"column":63}},"23":{"start":{"line":34,"column":0},"end":{"line":34,"column":46}},"24":{"start":{"line":35,"column":0},"end":{"line":35,"column":35}},"25":{"start":{"line":38,"column":0},"end":{"line":38,"column":65}},"26":{"start":{"line":39,"column":0},"end":{"line":39,"column":57}},"27":{"start":{"line":40,"column":0},"end":{"line":40,"column":73}},"28":{"start":{"line":41,"column":0},"end":{"line":41,"column":70}},"29":{"start":{"line":44,"column":0},"end":{"line":44,"column":39}},"30":{"start":{"line":45,"column":0},"end":{"line":45,"column":54}},"31":{"start":{"line":46,"column":0},"end":{"line":46,"column":57}},"32":{"start":{"line":47,"column":0},"end":{"line":47,"column":59}},"33":{"start":{"line":48,"column":0},"end":{"line":48,"column":53}},"34":{"start":{"line":51,"column":0},"end":{"line":51,"column":37}},"35":{"start":{"line":52,"column":0},"end":{"line":52,"column":45}},"36":{"start":{"line":55,"column":0},"end":{"line":55,"column":86}},"37":{"start":{"line":58,"column":0},"end":{"line":58,"column":54}},"38":{"start":{"line":59,"column":0},"end":{"line":59,"column":51}},"39":{"start":{"line":62,"column":0},"end":{"line":62,"column":39}},"40":{"start":{"line":65,"column":0},"end":{"line":65,"column":33}},"41":{"start":{"line":66,"column":0},"end":{"line":66,"column":40}},"42":{"start":{"line":67,"column":0},"end":{"line":67,"column":59}},"43":{"start":{"line":68,"column":0},"end":{"line":68,"column":59}},"44":{"start":{"line":69,"column":0},"end":{"line":69,"column":58}},"45":{"start":{"line":80,"column":0},"end":{"line":86,"column":2}},"46":{"start":{"line":81,"column":4},"end":{"line":81,"column":37}},"47":{"start":{"line":82,"column":18},"end":{"line":82,"column":34}},"48":{"start":{"line":83,"column":28},"end":{"line":83,"column":54}},"49":{"start":{"line":84,"column":4},"end":{"line":84,"column":34}},"50":{"start":{"line":85,"column":4},"end":{"line":85,"column":69}},"51":{"start":{"line":88,"column":0},"end":{"line":94,"column":2}},"52":{"start":{"line":89,"column":4},"end":{"line":89,"column":37}},"53":{"start":{"line":90,"column":18},"end":{"line":90,"column":34}},"54":{"start":{"line":91,"column":28},"end":{"line":91,"column":54}},"55":{"start":{"line":92,"column":4},"end":{"line":92,"column":34}},"56":{"start":{"line":93,"column":4},"end":{"line":93,"column":71}},"57":{"start":{"line":97,"column":0},"end":{"line":102,"column":2}},"58":{"start":{"line":98,"column":4},"end":{"line":98,"column":36}},"59":{"start":{"line":99,"column":18},"end":{"line":99,"column":34}},"60":{"start":{"line":100,"column":4},"end":{"line":100,"column":63}},"61":{"start":{"line":101,"column":4},"end":{"line":101,"column":23}},"62":{"start":{"line":105,"column":0},"end":{"line":107,"column":2}},"63":{"start":{"line":106,"column":2},"end":{"line":106,"column":28}},"64":{"start":{"line":109,"column":0},"end":{"line":109,"column":20}}},"fnMap":{"0":{"name":"(anonymous_0)","decl":{"start":{"line":19,"column":12},"end":{"line":19,"column":13}},"loc":{"start":{"line":19,"column":26},"end":{"line":29,"column":1}},"line":19},"1":{"name":"(anonymous_1)","decl":{"start":{"line":24,"column":37},"end":{"line":24,"column":38}},"loc":{"start":{"line":24,"column":47},"end":{"line":27,"column":9}},"line":24},"2":{"name":"(anonymous_2)","decl":{"start":{"line":80,"column":31},"end":{"line":80,"column":32}},"loc":{"start":{"line":80,"column":44},"end":{"line":86,"column":1}},"line":80},"3":{"name":"(anonymous_3)","decl":{"start":{"line":88,"column":31},"end":{"line":88,"column":32}},"loc":{"start":{"line":88,"column":44},"end":{"line":94,"column":1}},"line":88},"4":{"name":"(anonymous_4)","decl":{"start":{"line":97,"column":21},"end":{"line":97,"column":22}},"loc":{"start":{"line":97,"column":33},"end":{"line":102,"column":1}},"line":97},"5":{"name":"(anonymous_5)","decl":{"start":{"line":105,"column":20},"end":{"line":105,"column":21}},"loc":{"start":{"line":105,"column":34},"end":{"line":107,"column":1}},"line":105}},"branchMap":{"0":{"loc":{"start":{"line":20,"column":4},"end":{"line":20,"column":22}},"type":"if","locations":[{"start":{"line":20,"column":4},"end":{"line":20,"column":22}},{"start":{"line":20,"column":4},"end":{"line":20,"column":22}}],"line":20},"1":{"loc":{"start":{"line":23,"column":4},"end":{"line":28,"column":5}},"type":"if","locations":[{"start":{"line":23,"column":4},"end":{"line":28,"column":5}},{"start":{"line":23,"column":4},"end":{"line":28,"column":5}}],"line":23}},"s":{"0":7,"1":7,"2":7,"3":7,"4":7,"5":7,"6":7,"7":7,"8":7,"9":7,"10":7,"11":7,"12":7,"13":7,"14":7,"15":7,"16":7,"17":0,"18":7,"19":7,"20":0,"21":0,"22":0,"23":7,"24":7,"25":7,"26":7,"27":7,"28":7,"29":7,"30":7,"31":7,"32":7,"33":7,"34":7,"35":7,"36":7,"37":7,"38":7,"39":7,"40":7,"41":7,"42":7,"43":7,"44":7,"45":7,"46":0,"47":0,"48":0,"49":0,"50":0,"51":7,"52":0,"53":0,"54":0,"55":0,"56":0,"57":7,"58":0,"59":0,"60":0,"61":0,"62":7,"63":0,"64":7},"f":{"0":7,"1":0,"2":0,"3":0,"4":0,"5":0},"b":{"0":[0,7],"1":[0,7]},"_coverageSchema":"1a1c01bbd47fc00a2c39e90264f33305004495a9","hash":"e24519e54966b219edd4eacb0cd7d9d3666ac212"}
,"/home/modernwaiter/CPEN321-ModernWaiter/BackEnd/push_notification.js": {"path":"/home/modernwaiter/CPEN321-ModernWaiter/BackEnd/push_notification.js","statementMap":{"0":{"start":{"line":7,"column":12},"end":{"line":7,"column":37}},"1":{"start":{"line":8,"column":21},"end":{"line":8,"column":93}},"2":{"start":{"line":9,"column":12},"end":{"line":9,"column":37}},"3":{"start":{"line":10,"column":12},"end":{"line":10,"column":37}},"4":{"start":{"line":12,"column":0},"end":{"line":15,"column":3}},"5":{"start":{"line":19,"column":4},"end":{"line":19,"column":45}},"6":{"start":{"line":22,"column":16},"end":{"line":22,"column":34}},"7":{"start":{"line":23,"column":4},"end":{"line":33,"column":11}},"8":{"start":{"line":27,"column":8},"end":{"line":27,"column":67}},"9":{"start":{"line":28,"column":8},"end":{"line":28,"column":67}},"10":{"start":{"line":31,"column":8},"end":{"line":31,"column":58}},"11":{"start":{"line":32,"column":8},"end":{"line":32,"column":62}},"12":{"start":{"line":40,"column":14},"end":{"line":40,"column":32}},"13":{"start":{"line":43,"column":2},"end":{"line":51,"column":9}},"14":{"start":{"line":47,"column":6},"end":{"line":47,"column":69}},"15":{"start":{"line":50,"column":6},"end":{"line":50,"column":60}},"16":{"start":{"line":56,"column":2},"end":{"line":56,"column":56}},"17":{"start":{"line":57,"column":14},"end":{"line":57,"column":32}},"18":{"start":{"line":59,"column":16},"end":{"line":64,"column":3}},"19":{"start":{"line":67,"column":2},"end":{"line":74,"column":7}},"20":{"start":{"line":70,"column":6},"end":{"line":70,"column":58}},"21":{"start":{"line":73,"column":6},"end":{"line":73,"column":51}},"22":{"start":{"line":78,"column":2},"end":{"line":78,"column":79}},"23":{"start":{"line":79,"column":14},"end":{"line":79,"column":32}},"24":{"start":{"line":81,"column":16},"end":{"line":86,"column":3}},"25":{"start":{"line":89,"column":2},"end":{"line":96,"column":7}},"26":{"start":{"line":92,"column":6},"end":{"line":92,"column":58}},"27":{"start":{"line":95,"column":6},"end":{"line":95,"column":51}},"28":{"start":{"line":101,"column":2},"end":{"line":101,"column":58}},"29":{"start":{"line":102,"column":14},"end":{"line":102,"column":32}},"30":{"start":{"line":104,"column":16},"end":{"line":108,"column":3}},"31":{"start":{"line":111,"column":2},"end":{"line":118,"column":7}},"32":{"start":{"line":114,"column":6},"end":{"line":114,"column":58}},"33":{"start":{"line":117,"column":6},"end":{"line":117,"column":51}},"34":{"start":{"line":120,"column":0},"end":{"line":120,"column":140}}},"fnMap":{"0":{"name":"subscribe","decl":{"start":{"line":18,"column":9},"end":{"line":18,"column":18}},"loc":{"start":{"line":18,"column":46},"end":{"line":35,"column":1}},"line":18},"1":{"name":"(anonymous_1)","decl":{"start":{"line":24,"column":14},"end":{"line":24,"column":15}},"loc":{"start":{"line":24,"column":33},"end":{"line":29,"column":9}},"line":24},"2":{"name":"(anonymous_2)","decl":{"start":{"line":30,"column":15},"end":{"line":30,"column":16}},"loc":{"start":{"line":30,"column":31},"end":{"line":33,"column":9}},"line":30},"3":{"name":"unsubscribe","decl":{"start":{"line":39,"column":9},"end":{"line":39,"column":20}},"loc":{"start":{"line":39,"column":48},"end":{"line":53,"column":1}},"line":39},"4":{"name":"(anonymous_4)","decl":{"start":{"line":44,"column":12},"end":{"line":44,"column":13}},"loc":{"start":{"line":44,"column":31},"end":{"line":48,"column":7}},"line":44},"5":{"name":"(anonymous_5)","decl":{"start":{"line":49,"column":13},"end":{"line":49,"column":14}},"loc":{"start":{"line":49,"column":29},"end":{"line":51,"column":7}},"line":49},"6":{"name":"push_notification_payment_done","decl":{"start":{"line":55,"column":9},"end":{"line":55,"column":39}},"loc":{"start":{"line":55,"column":48},"end":{"line":75,"column":1}},"line":55},"7":{"name":"(anonymous_7)","decl":{"start":{"line":68,"column":10},"end":{"line":68,"column":11}},"loc":{"start":{"line":68,"column":24},"end":{"line":71,"column":5}},"line":68},"8":{"name":"(anonymous_8)","decl":{"start":{"line":72,"column":11},"end":{"line":72,"column":12}},"loc":{"start":{"line":72,"column":22},"end":{"line":74,"column":5}},"line":72},"9":{"name":"push_notification_order_received","decl":{"start":{"line":77,"column":9},"end":{"line":77,"column":41}},"loc":{"start":{"line":77,"column":50},"end":{"line":97,"column":1}},"line":77},"10":{"name":"(anonymous_10)","decl":{"start":{"line":90,"column":10},"end":{"line":90,"column":11}},"loc":{"start":{"line":90,"column":24},"end":{"line":93,"column":5}},"line":90},"11":{"name":"(anonymous_11)","decl":{"start":{"line":94,"column":11},"end":{"line":94,"column":12}},"loc":{"start":{"line":94,"column":22},"end":{"line":96,"column":5}},"line":94},"12":{"name":"push_notification_item_claimed","decl":{"start":{"line":100,"column":9},"end":{"line":100,"column":39}},"loc":{"start":{"line":100,"column":49},"end":{"line":119,"column":1}},"line":100},"13":{"name":"(anonymous_13)","decl":{"start":{"line":112,"column":10},"end":{"line":112,"column":11}},"loc":{"start":{"line":112,"column":24},"end":{"line":115,"column":5}},"line":112},"14":{"name":"(anonymous_14)","decl":{"start":{"line":116,"column":11},"end":{"line":116,"column":12}},"loc":{"start":{"line":116,"column":22},"end":{"line":118,"column":5}},"line":116}},"branchMap":{},"s":{"0":7,"1":7,"2":7,"3":7,"4":7,"5":0,"6":0,"7":0,"8":0,"9":0,"10":0,"11":0,"12":0,"13":0,"14":0,"15":0,"16":2,"17":2,"18":2,"19":2,"20":1,"21":0,"22":6,"23":6,"24":6,"25":6,"26":3,"27":0,"28":1,"29":1,"30":1,"31":1,"32":1,"33":0,"34":7},"f":{"0":0,"1":0,"2":0,"3":0,"4":0,"5":0,"6":2,"7":1,"8":0,"9":6,"10":3,"11":0,"12":1,"13":1,"14":0},"b":{},"_coverageSchema":"1a1c01bbd47fc00a2c39e90264f33305004495a9","hash":"83be8f1c8072dbf5f66d73551cc91537055fb8a8"}
,"/home/modernwaiter/CPEN321-ModernWaiter/BackEnd/recommendation_logic.js": {"path":"/home/modernwaiter/CPEN321-ModernWaiter/BackEnd/recommendation_logic.js","statementMap":{"0":{"start":{"line":8,"column":24},"end":{"line":8,"column":33}},"1":{"start":{"line":9,"column":25},"end":{"line":9,"column":34}},"2":{"start":{"line":10,"column":19},"end":{"line":10,"column":21}},"3":{"start":{"line":13,"column":4},"end":{"line":24,"column":6}},"4":{"start":{"line":14,"column":6},"end":{"line":19,"column":7}},"5":{"start":{"line":15,"column":8},"end":{"line":15,"column":60}},"6":{"start":{"line":18,"column":8},"end":{"line":18,"column":34}},"7":{"start":{"line":21,"column":6},"end":{"line":23,"column":7}},"8":{"start":{"line":22,"column":8},"end":{"line":22,"column":27}},"9":{"start":{"line":27,"column":4},"end":{"line":38,"column":6}},"10":{"start":{"line":28,"column":6},"end":{"line":33,"column":7}},"11":{"start":{"line":29,"column":8},"end":{"line":29,"column":62}},"12":{"start":{"line":32,"column":8},"end":{"line":32,"column":35}},"13":{"start":{"line":35,"column":8},"end":{"line":37,"column":7}},"14":{"start":{"line":36,"column":8},"end":{"line":36,"column":27}},"15":{"start":{"line":41,"column":24},"end":{"line":41,"column":46}},"16":{"start":{"line":43,"column":14},"end":{"line":43,"column":15}},"17":{"start":{"line":44,"column":17},"end":{"line":44,"column":35}},"18":{"start":{"line":45,"column":17},"end":{"line":45,"column":36}},"19":{"start":{"line":47,"column":16},"end":{"line":47,"column":17}},"20":{"start":{"line":58,"column":4},"end":{"line":86,"column":6}},"21":{"start":{"line":59,"column":6},"end":{"line":63,"column":7}},"22":{"start":{"line":60,"column":8},"end":{"line":60,"column":44}},"23":{"start":{"line":62,"column":8},"end":{"line":62,"column":13}},"24":{"start":{"line":65,"column":6},"end":{"line":69,"column":7}},"25":{"start":{"line":66,"column":8},"end":{"line":66,"column":45}},"26":{"start":{"line":68,"column":8},"end":{"line":68,"column":13}},"27":{"start":{"line":71,"column":6},"end":{"line":71,"column":19}},"28":{"start":{"line":73,"column":6},"end":{"line":77,"column":7}},"29":{"start":{"line":74,"column":8},"end":{"line":74,"column":49}},"30":{"start":{"line":76,"column":8},"end":{"line":76,"column":19}},"31":{"start":{"line":79,"column":6},"end":{"line":83,"column":7}},"32":{"start":{"line":80,"column":8},"end":{"line":80,"column":49}},"33":{"start":{"line":82,"column":8},"end":{"line":82,"column":19}},"34":{"start":{"line":85,"column":6},"end":{"line":85,"column":32}},"35":{"start":{"line":88,"column":4},"end":{"line":88,"column":20}},"36":{"start":{"line":90,"column":4},"end":{"line":90,"column":14}},"37":{"start":{"line":100,"column":23},"end":{"line":100,"column":32}},"38":{"start":{"line":101,"column":19},"end":{"line":101,"column":56}},"39":{"start":{"line":102,"column":26},"end":{"line":102,"column":60}},"40":{"start":{"line":104,"column":4},"end":{"line":108,"column":6}},"41":{"start":{"line":105,"column":31},"end":{"line":105,"column":85}},"42":{"start":{"line":106,"column":22},"end":{"line":106,"column":90}},"43":{"start":{"line":107,"column":8},"end":{"line":107,"column":42}},"44":{"start":{"line":110,"column":4},"end":{"line":110,"column":29}},"45":{"start":{"line":111,"column":27},"end":{"line":111,"column":58}},"46":{"start":{"line":112,"column":4},"end":{"line":112,"column":72}},"47":{"start":{"line":112,"column":60},"end":{"line":112,"column":70}},"48":{"start":{"line":113,"column":4},"end":{"line":113,"column":33}},"49":{"start":{"line":115,"column":4},"end":{"line":115,"column":48}},"50":{"start":{"line":125,"column":6},"end":{"line":129,"column":18}},"51":{"start":{"line":132,"column":1},"end":{"line":132,"column":38}}},"fnMap":{"0":{"name":"jensenShannonDivergenceCalculator","decl":{"start":{"line":7,"column":9},"end":{"line":7,"column":42}},"loc":{"start":{"line":7,"column":60},"end":{"line":91,"column":3}},"line":7},"1":{"name":"(anonymous_1)","decl":{"start":{"line":13,"column":20},"end":{"line":13,"column":21}},"loc":{"start":{"line":13,"column":28},"end":{"line":24,"column":5}},"line":13},"2":{"name":"(anonymous_2)","decl":{"start":{"line":27,"column":20},"end":{"line":27,"column":21}},"loc":{"start":{"line":27,"column":28},"end":{"line":38,"column":5}},"line":27},"3":{"name":"(anonymous_3)","decl":{"start":{"line":58,"column":21},"end":{"line":58,"column":22}},"loc":{"start":{"line":58,"column":29},"end":{"line":86,"column":5}},"line":58},"4":{"name":"getRecommendation","decl":{"start":{"line":99,"column":11},"end":{"line":99,"column":28}},"loc":{"start":{"line":99,"column":60},"end":{"line":116,"column":3}},"line":99},"5":{"name":"(anonymous_5)","decl":{"start":{"line":104,"column":21},"end":{"line":104,"column":22}},"loc":{"start":{"line":104,"column":31},"end":{"line":108,"column":5}},"line":104},"6":{"name":"(anonymous_6)","decl":{"start":{"line":112,"column":45},"end":{"line":112,"column":46}},"loc":{"start":{"line":112,"column":59},"end":{"line":112,"column":71}},"line":112},"7":{"name":"normalizeStringToArray","decl":{"start":{"line":124,"column":11},"end":{"line":124,"column":33}},"loc":{"start":{"line":124,"column":46},"end":{"line":130,"column":3}},"line":124}},"branchMap":{"0":{"loc":{"start":{"line":14,"column":6},"end":{"line":19,"column":7}},"type":"if","locations":[{"start":{"line":14,"column":6},"end":{"line":19,"column":7}},{"start":{"line":14,"column":6},"end":{"line":19,"column":7}}],"line":14},"1":{"loc":{"start":{"line":21,"column":6},"end":{"line":23,"column":7}},"type":"if","locations":[{"start":{"line":21,"column":6},"end":{"line":23,"column":7}},{"start":{"line":21,"column":6},"end":{"line":23,"column":7}}],"line":21},"2":{"loc":{"start":{"line":28,"column":6},"end":{"line":33,"column":7}},"type":"if","locations":[{"start":{"line":28,"column":6},"end":{"line":33,"column":7}},{"start":{"line":28,"column":6},"end":{"line":33,"column":7}}],"line":28},"3":{"loc":{"start":{"line":35,"column":8},"end":{"line":37,"column":7}},"type":"if","locations":[{"start":{"line":35,"column":8},"end":{"line":37,"column":7}},{"start":{"line":35,"column":8},"end":{"line":37,"column":7}}],"line":35},"4":{"loc":{"start":{"line":59,"column":6},"end":{"line":63,"column":7}},"type":"if","locations":[{"start":{"line":59,"column":6},"end":{"line":63,"column":7}},{"start":{"line":59,"column":6},"end":{"line":63,"column":7}}],"line":59},"5":{"loc":{"start":{"line":65,"column":6},"end":{"line":69,"column":7}},"type":"if","locations":[{"start":{"line":65,"column":6},"end":{"line":69,"column":7}},{"start":{"line":65,"column":6},"end":{"line":69,"column":7}}],"line":65},"6":{"loc":{"start":{"line":73,"column":6},"end":{"line":77,"column":7}},"type":"if","locations":[{"start":{"line":73,"column":6},"end":{"line":77,"column":7}},{"start":{"line":73,"column":6},"end":{"line":77,"column":7}}],"line":73},"7":{"loc":{"start":{"line":79,"column":6},"end":{"line":83,"column":7}},"type":"if","locations":[{"start":{"line":79,"column":6},"end":{"line":83,"column":7}},{"start":{"line":79,"column":6},"end":{"line":83,"column":7}}],"line":79}},"s":{"0":53,"1":53,"2":53,"3":53,"4":212,"5":0,"6":212,"7":212,"8":212,"9":53,"10":53,"11":0,"12":53,"13":53,"14":53,"15":53,"16":53,"17":53,"18":53,"19":53,"20":53,"21":265,"22":212,"23":53,"24":265,"25":53,"26":212,"27":265,"28":265,"29":212,"30":53,"31":265,"32":53,"33":212,"34":265,"35":53,"36":53,"37":1,"38":1,"39":1,"40":1,"41":53,"42":53,"43":53,"44":1,"45":1,"46":1,"47":0,"48":1,"49":1,"50":54,"51":7},"f":{"0":53,"1":212,"2":53,"3":265,"4":1,"5":53,"6":0,"7":54},"b":{"0":[0,212],"1":[212,0],"2":[0,53],"3":[53,0],"4":[212,53],"5":[53,212],"6":[212,53],"7":[53,212]},"_coverageSchema":"1a1c01bbd47fc00a2c39e90264f33305004495a9","hash":"c461c7cf64045413e940c244ef63907756893faa"}
,"/home/modernwaiter/CPEN321-ModernWaiter/BackEnd/sql_connection.js": {"path":"/home/modernwaiter/CPEN321-ModernWaiter/BackEnd/sql_connection.js","statementMap":{"0":{"start":{"line":1,"column":14},"end":{"line":1,"column":30}},"1":{"start":{"line":2,"column":12},"end":{"line":2,"column":56}},"2":{"start":{"line":5,"column":4},"end":{"line":12,"column":6}},"3":{"start":{"line":15,"column":0},"end":{"line":15,"column":32}}},"fnMap":{"0":{"name":"getConnection","decl":{"start":{"line":4,"column":9},"end":{"line":4,"column":22}},"loc":{"start":{"line":4,"column":24},"end":{"line":13,"column":1}},"line":4}},"branchMap":{},"s":{"0":7,"1":7,"2":56,"3":7},"f":{"0":56},"b":{},"_coverageSchema":"1a1c01bbd47fc00a2c39e90264f33305004495a9","hash":"b73bd0bae2e004a3f14a09053b43d413efdf3ac3"}
,"/home/modernwaiter/CPEN321-ModernWaiter/BackEnd/routes/items.js": {"path":"/home/modernwaiter/CPEN321-ModernWaiter/BackEnd/routes/items.js","statementMap":{"0":{"start":{"line":1,"column":14},"end":{"line":1,"column":30}},"1":{"start":{"line":2,"column":12},"end":{"line":2,"column":45}},"2":{"start":{"line":3,"column":12},"end":{"line":3,"column":31}},"3":{"start":{"line":13,"column":4},"end":{"line":13,"column":46}},"4":{"start":{"line":14,"column":23},"end":{"line":14,"column":59}},"5":{"start":{"line":16,"column":4},"end":{"line":19,"column":5}},"6":{"start":{"line":17,"column":8},"end":{"line":17,"column":79}},"7":{"start":{"line":18,"column":8},"end":{"line":18,"column":15}},"8":{"start":{"line":21,"column":20},"end":{"line":21,"column":95}},"9":{"start":{"line":22,"column":4},"end":{"line":29,"column":6}},"10":{"start":{"line":23,"column":8},"end":{"line":26,"column":9}},"11":{"start":{"line":24,"column":12},"end":{"line":24,"column":71}},"12":{"start":{"line":25,"column":12},"end":{"line":25,"column":19}},"13":{"start":{"line":27,"column":8},"end":{"line":27,"column":37}},"14":{"start":{"line":28,"column":8},"end":{"line":28,"column":15}},"15":{"start":{"line":38,"column":4},"end":{"line":38,"column":30}},"16":{"start":{"line":39,"column":23},"end":{"line":39,"column":44}},"17":{"start":{"line":40,"column":15},"end":{"line":40,"column":28}},"18":{"start":{"line":41,"column":15},"end":{"line":41,"column":28}},"19":{"start":{"line":42,"column":15},"end":{"line":42,"column":40}},"20":{"start":{"line":43,"column":22},"end":{"line":43,"column":42}},"21":{"start":{"line":44,"column":19},"end":{"line":44,"column":48}},"22":{"start":{"line":45,"column":26},"end":{"line":45,"column":63}},"23":{"start":{"line":46,"column":16},"end":{"line":46,"column":30}},"24":{"start":{"line":48,"column":4},"end":{"line":51,"column":5}},"25":{"start":{"line":49,"column":8},"end":{"line":49,"column":126}},"26":{"start":{"line":50,"column":8},"end":{"line":50,"column":15}},"27":{"start":{"line":53,"column":20},"end":{"line":53,"column":248}},"28":{"start":{"line":54,"column":4},"end":{"line":62,"column":6}},"29":{"start":{"line":55,"column":8},"end":{"line":59,"column":9}},"30":{"start":{"line":57,"column":12},"end":{"line":57,"column":71}},"31":{"start":{"line":58,"column":12},"end":{"line":58,"column":19}},"32":{"start":{"line":60,"column":8},"end":{"line":60,"column":37}},"33":{"start":{"line":61,"column":8},"end":{"line":61,"column":15}},"34":{"start":{"line":66,"column":20},"end":{"line":66,"column":81}},"35":{"start":{"line":67,"column":4},"end":{"line":74,"column":7}},"36":{"start":{"line":68,"column":8},"end":{"line":73,"column":9}},"37":{"start":{"line":69,"column":12},"end":{"line":69,"column":63}},"38":{"start":{"line":72,"column":12},"end":{"line":72,"column":26}},"39":{"start":{"line":77,"column":0},"end":{"line":77,"column":50}}},"fnMap":{"0":{"name":"getMenu","decl":{"start":{"line":12,"column":9},"end":{"line":12,"column":16}},"loc":{"start":{"line":12,"column":26},"end":{"line":30,"column":1}},"line":12},"1":{"name":"(anonymous_1)","decl":{"start":{"line":22,"column":25},"end":{"line":22,"column":26}},"loc":{"start":{"line":22,"column":46},"end":{"line":29,"column":5}},"line":22},"2":{"name":"addToMenu","decl":{"start":{"line":37,"column":9},"end":{"line":37,"column":18}},"loc":{"start":{"line":37,"column":28},"end":{"line":63,"column":1}},"line":37},"3":{"name":"(anonymous_3)","decl":{"start":{"line":54,"column":25},"end":{"line":54,"column":26}},"loc":{"start":{"line":54,"column":46},"end":{"line":62,"column":5}},"line":54},"4":{"name":"getItemName","decl":{"start":{"line":65,"column":9},"end":{"line":65,"column":20}},"loc":{"start":{"line":65,"column":28},"end":{"line":75,"column":1}},"line":65},"5":{"name":"(anonymous_5)","decl":{"start":{"line":67,"column":25},"end":{"line":67,"column":26}},"loc":{"start":{"line":67,"column":46},"end":{"line":74,"column":5}},"line":67}},"branchMap":{"0":{"loc":{"start":{"line":16,"column":4},"end":{"line":19,"column":5}},"type":"if","locations":[{"start":{"line":16,"column":4},"end":{"line":19,"column":5}},{"start":{"line":16,"column":4},"end":{"line":19,"column":5}}],"line":16},"1":{"loc":{"start":{"line":23,"column":8},"end":{"line":26,"column":9}},"type":"if","locations":[{"start":{"line":23,"column":8},"end":{"line":26,"column":9}},{"start":{"line":23,"column":8},"end":{"line":26,"column":9}}],"line":23},"2":{"loc":{"start":{"line":48,"column":4},"end":{"line":51,"column":5}},"type":"if","locations":[{"start":{"line":48,"column":4},"end":{"line":51,"column":5}},{"start":{"line":48,"column":4},"end":{"line":51,"column":5}}],"line":48},"3":{"loc":{"start":{"line":48,"column":8},"end":{"line":48,"column":64}},"type":"binary-expr","locations":[{"start":{"line":48,"column":8},"end":{"line":48,"column":19}},{"start":{"line":48,"column":23},"end":{"line":48,"column":38}},{"start":{"line":48,"column":42},"end":{"line":48,"column":64}}],"line":48},"4":{"loc":{"start":{"line":55,"column":8},"end":{"line":59,"column":9}},"type":"if","locations":[{"start":{"line":55,"column":8},"end":{"line":59,"column":9}},{"start":{"line":55,"column":8},"end":{"line":59,"column":9}}],"line":55},"5":{"loc":{"start":{"line":68,"column":8},"end":{"line":73,"column":9}},"type":"if","locations":[{"start":{"line":68,"column":8},"end":{"line":73,"column":9}},{"start":{"line":68,"column":8},"end":{"line":73,"column":9}}],"line":68}},"s":{"0":7,"1":7,"2":7,"3":4,"4":4,"5":4,"6":0,"7":0,"8":4,"9":4,"10":4,"11":0,"12":0,"13":4,"14":4,"15":1,"16":1,"17":1,"18":1,"19":1,"20":1,"21":1,"22":1,"23":1,"24":1,"25":0,"26":0,"27":1,"28":1,"29":1,"30":0,"31":0,"32":1,"33":1,"34":0,"35":0,"36":0,"37":0,"38":0,"39":7},"f":{"0":4,"1":4,"2":1,"3":1,"4":0,"5":0},"b":{"0":[0,4],"1":[0,4],"2":[0,1],"3":[1,1,1],"4":[0,1],"5":[0,0]},"_coverageSchema":"1a1c01bbd47fc00a2c39e90264f33305004495a9","hash":"23f01e13170ba2f99b78b0891aee3201c89f0f42"}
,"/home/modernwaiter/CPEN321-ModernWaiter/BackEnd/routes/ordered_items.js": {"path":"/home/modernwaiter/CPEN321-ModernWaiter/BackEnd/routes/ordered_items.js","statementMap":{"0":{"start":{"line":1,"column":14},"end":{"line":1,"column":30}},"1":{"start":{"line":2,"column":12},"end":{"line":2,"column":45}},"2":{"start":{"line":3,"column":12},"end":{"line":3,"column":31}},"3":{"start":{"line":4,"column":26},"end":{"line":4,"column":60}},"4":{"start":{"line":14,"column":4},"end":{"line":14,"column":49}},"5":{"start":{"line":16,"column":18},"end":{"line":16,"column":49}},"6":{"start":{"line":17,"column":4},"end":{"line":20,"column":5}},"7":{"start":{"line":18,"column":8},"end":{"line":18,"column":73}},"8":{"start":{"line":19,"column":8},"end":{"line":19,"column":14}},"9":{"start":{"line":22,"column":20},"end":{"line":22,"column":94}},"10":{"start":{"line":23,"column":4},"end":{"line":30,"column":6}},"11":{"start":{"line":28,"column":8},"end":{"line":28,"column":36}},"12":{"start":{"line":29,"column":8},"end":{"line":29,"column":14}},"13":{"start":{"line":41,"column":4},"end":{"line":41,"column":39}},"14":{"start":{"line":42,"column":24},"end":{"line":42,"column":32}},"15":{"start":{"line":45,"column":4},"end":{"line":63,"column":5}},"16":{"start":{"line":45,"column":16},"end":{"line":45,"column":17}},"17":{"start":{"line":48,"column":22},"end":{"line":48,"column":59}},"18":{"start":{"line":49,"column":21},"end":{"line":49,"column":57}},"19":{"start":{"line":51,"column":8},"end":{"line":54,"column":9}},"20":{"start":{"line":52,"column":12},"end":{"line":52,"column":94}},"21":{"start":{"line":53,"column":12},"end":{"line":53,"column":19}},"22":{"start":{"line":56,"column":24},"end":{"line":56,"column":148}},"23":{"start":{"line":57,"column":8},"end":{"line":62,"column":10}},"24":{"start":{"line":64,"column":18},"end":{"line":64,"column":55}},"25":{"start":{"line":65,"column":4},"end":{"line":65,"column":63}},"26":{"start":{"line":66,"column":4},"end":{"line":66,"column":26}},"27":{"start":{"line":75,"column":4},"end":{"line":75,"column":46}},"28":{"start":{"line":76,"column":18},"end":{"line":76,"column":47}},"29":{"start":{"line":77,"column":17},"end":{"line":77,"column":45}},"30":{"start":{"line":78,"column":17},"end":{"line":78,"column":45}},"31":{"start":{"line":80,"column":4},"end":{"line":83,"column":5}},"32":{"start":{"line":81,"column":8},"end":{"line":81,"column":96}},"33":{"start":{"line":82,"column":8},"end":{"line":82,"column":14}},"34":{"start":{"line":85,"column":21},"end":{"line":85,"column":69}},"35":{"start":{"line":86,"column":24},"end":{"line":86,"column":48}},"36":{"start":{"line":87,"column":20},"end":{"line":87,"column":223}},"37":{"start":{"line":88,"column":4},"end":{"line":98,"column":6}},"38":{"start":{"line":94,"column":8},"end":{"line":94,"column":30}},"39":{"start":{"line":95,"column":8},"end":{"line":95,"column":65}},"40":{"start":{"line":96,"column":8},"end":{"line":96,"column":84}},"41":{"start":{"line":97,"column":8},"end":{"line":97,"column":14}},"42":{"start":{"line":107,"column":18},"end":{"line":107,"column":47}},"43":{"start":{"line":108,"column":17},"end":{"line":108,"column":45}},"44":{"start":{"line":110,"column":4},"end":{"line":113,"column":5}},"45":{"start":{"line":111,"column":8},"end":{"line":111,"column":90}},"46":{"start":{"line":112,"column":8},"end":{"line":112,"column":14}},"47":{"start":{"line":115,"column":18},"end":{"line":115,"column":44}},"48":{"start":{"line":116,"column":21},"end":{"line":116,"column":42}},"49":{"start":{"line":117,"column":4},"end":{"line":117,"column":120}},"50":{"start":{"line":119,"column":20},"end":{"line":119,"column":173}},"51":{"start":{"line":120,"column":4},"end":{"line":127,"column":6}},"52":{"start":{"line":125,"column":8},"end":{"line":125,"column":30}},"53":{"start":{"line":126,"column":8},"end":{"line":126,"column":14}},"54":{"start":{"line":130,"column":0},"end":{"line":130,"column":102}}},"fnMap":{"0":{"name":"getOrderedItems","decl":{"start":{"line":13,"column":9},"end":{"line":13,"column":24}},"loc":{"start":{"line":13,"column":34},"end":{"line":31,"column":1}},"line":13},"1":{"name":"(anonymous_1)","decl":{"start":{"line":23,"column":25},"end":{"line":23,"column":26}},"loc":{"start":{"line":23,"column":46},"end":{"line":30,"column":5}},"line":23},"2":{"name":"addOrderedItems","decl":{"start":{"line":40,"column":9},"end":{"line":40,"column":24}},"loc":{"start":{"line":40,"column":34},"end":{"line":67,"column":1}},"line":40},"3":{"name":"(anonymous_3)","decl":{"start":{"line":57,"column":29},"end":{"line":57,"column":30}},"loc":{"start":{"line":57,"column":50},"end":{"line":62,"column":9}},"line":57},"4":{"name":"updateSelectedStatus","decl":{"start":{"line":74,"column":9},"end":{"line":74,"column":29}},"loc":{"start":{"line":74,"column":39},"end":{"line":99,"column":1}},"line":74},"5":{"name":"(anonymous_5)","decl":{"start":{"line":88,"column":25},"end":{"line":88,"column":26}},"loc":{"start":{"line":88,"column":46},"end":{"line":98,"column":5}},"line":88},"6":{"name":"updateOrderedItemPaidStatus","decl":{"start":{"line":106,"column":9},"end":{"line":106,"column":36}},"loc":{"start":{"line":106,"column":46},"end":{"line":128,"column":1}},"line":106},"7":{"name":"(anonymous_7)","decl":{"start":{"line":120,"column":25},"end":{"line":120,"column":26}},"loc":{"start":{"line":120,"column":46},"end":{"line":127,"column":5}},"line":120}},"branchMap":{"0":{"loc":{"start":{"line":17,"column":4},"end":{"line":20,"column":5}},"type":"if","locations":[{"start":{"line":17,"column":4},"end":{"line":20,"column":5}},{"start":{"line":17,"column":4},"end":{"line":20,"column":5}}],"line":17},"1":{"loc":{"start":{"line":51,"column":8},"end":{"line":54,"column":9}},"type":"if","locations":[{"start":{"line":51,"column":8},"end":{"line":54,"column":9}},{"start":{"line":51,"column":8},"end":{"line":54,"column":9}}],"line":51},"2":{"loc":{"start":{"line":51,"column":12},"end":{"line":51,"column":43}},"type":"binary-expr","locations":[{"start":{"line":51,"column":12},"end":{"line":51,"column":26}},{"start":{"line":51,"column":30},"end":{"line":51,"column":43}}],"line":51},"3":{"loc":{"start":{"line":80,"column":4},"end":{"line":83,"column":5}},"type":"if","locations":[{"start":{"line":80,"column":4},"end":{"line":83,"column":5}},{"start":{"line":80,"column":4},"end":{"line":83,"column":5}}],"line":80},"4":{"loc":{"start":{"line":80,"column":8},"end":{"line":80,"column":56}},"type":"binary-expr","locations":[{"start":{"line":80,"column":8},"end":{"line":80,"column":22}},{"start":{"line":80,"column":26},"end":{"line":80,"column":39}},{"start":{"line":80,"column":43},"end":{"line":80,"column":56}}],"line":80},"5":{"loc":{"start":{"line":85,"column":30},"end":{"line":85,"column":68}},"type":"cond-expr","locations":[{"start":{"line":85,"column":63},"end":{"line":85,"column":64}},{"start":{"line":85,"column":67},"end":{"line":85,"column":68}}],"line":85},"6":{"loc":{"start":{"line":86,"column":24},"end":{"line":86,"column":48}},"type":"cond-expr","locations":[{"start":{"line":86,"column":43},"end":{"line":86,"column":44}},{"start":{"line":86,"column":47},"end":{"line":86,"column":48}}],"line":86},"7":{"loc":{"start":{"line":110,"column":4},"end":{"line":113,"column":5}},"type":"if","locations":[{"start":{"line":110,"column":4},"end":{"line":113,"column":5}},{"start":{"line":110,"column":4},"end":{"line":113,"column":5}}],"line":110},"8":{"loc":{"start":{"line":110,"column":8},"end":{"line":110,"column":39}},"type":"binary-expr","locations":[{"start":{"line":110,"column":8},"end":{"line":110,"column":22}},{"start":{"line":110,"column":26},"end":{"line":110,"column":39}}],"line":110},"9":{"loc":{"start":{"line":116,"column":21},"end":{"line":116,"column":42}},"type":"cond-expr","locations":[{"start":{"line":116,"column":37},"end":{"line":116,"column":38}},{"start":{"line":116,"column":41},"end":{"line":116,"column":42}}],"line":116}},"s":{"0":7,"1":7,"2":7,"3":7,"4":2,"5":2,"6":2,"7":0,"8":0,"9":2,"10":2,"11":2,"12":2,"13":6,"14":6,"15":6,"16":6,"17":18,"18":18,"19":18,"20":0,"21":0,"22":18,"23":18,"24":6,"25":6,"26":6,"27":1,"28":1,"29":1,"30":1,"31":1,"32":0,"33":0,"34":1,"35":1,"36":1,"37":1,"38":1,"39":1,"40":1,"41":1,"42":2,"43":2,"44":2,"45":0,"46":0,"47":2,"48":2,"49":2,"50":2,"51":2,"52":2,"53":2,"54":7},"f":{"0":2,"1":2,"2":6,"3":15,"4":1,"5":1,"6":2,"7":2},"b":{"0":[0,2],"1":[0,18],"2":[18,18],"3":[0,1],"4":[1,1,1],"5":[0,1],"6":[0,1],"7":[0,2],"8":[2,2],"9":[2,0]},"_coverageSchema":"1a1c01bbd47fc00a2c39e90264f33305004495a9","hash":"3126decde74064097e0d3f3f8d70ff7394579ab0"}
,"/home/modernwaiter/CPEN321-ModernWaiter/BackEnd/routes/orders.js": {"path":"/home/modernwaiter/CPEN321-ModernWaiter/BackEnd/routes/orders.js","statementMap":{"0":{"start":{"line":1,"column":14},"end":{"line":1,"column":30}},"1":{"start":{"line":2,"column":12},"end":{"line":2,"column":45}},"2":{"start":{"line":3,"column":12},"end":{"line":3,"column":31}},"3":{"start":{"line":4,"column":26},"end":{"line":4,"column":62}},"4":{"start":{"line":12,"column":4},"end":{"line":12,"column":31}},"5":{"start":{"line":13,"column":17},"end":{"line":13,"column":45}},"6":{"start":{"line":14,"column":18},"end":{"line":14,"column":47}},"7":{"start":{"line":15,"column":23},"end":{"line":15,"column":57}},"8":{"start":{"line":16,"column":17},"end":{"line":16,"column":44}},"9":{"start":{"line":17,"column":18},"end":{"line":17,"column":44}},"10":{"start":{"line":18,"column":19},"end":{"line":18,"column":46}},"11":{"start":{"line":20,"column":4},"end":{"line":23,"column":5}},"12":{"start":{"line":21,"column":8},"end":{"line":21,"column":151}},"13":{"start":{"line":22,"column":8},"end":{"line":22,"column":15}},"14":{"start":{"line":25,"column":20},"end":{"line":25,"column":209}},"15":{"start":{"line":27,"column":4},"end":{"line":34,"column":6}},"16":{"start":{"line":32,"column":8},"end":{"line":32,"column":30}},"17":{"start":{"line":33,"column":8},"end":{"line":33,"column":15}},"18":{"start":{"line":44,"column":4},"end":{"line":44,"column":46}},"19":{"start":{"line":46,"column":19},"end":{"line":46,"column":51}},"20":{"start":{"line":47,"column":19},"end":{"line":47,"column":47}},"21":{"start":{"line":49,"column":4},"end":{"line":52,"column":5}},"22":{"start":{"line":50,"column":8},"end":{"line":50,"column":86}},"23":{"start":{"line":51,"column":8},"end":{"line":51,"column":15}},"24":{"start":{"line":54,"column":20},"end":{"line":54,"column":123}},"25":{"start":{"line":55,"column":4},"end":{"line":62,"column":6}},"26":{"start":{"line":60,"column":8},"end":{"line":60,"column":36}},"27":{"start":{"line":61,"column":8},"end":{"line":61,"column":15}},"28":{"start":{"line":72,"column":4},"end":{"line":72,"column":48}},"29":{"start":{"line":74,"column":20},"end":{"line":74,"column":53}},"30":{"start":{"line":75,"column":19},"end":{"line":75,"column":47}},"31":{"start":{"line":77,"column":4},"end":{"line":80,"column":5}},"32":{"start":{"line":78,"column":8},"end":{"line":78,"column":87}},"33":{"start":{"line":79,"column":8},"end":{"line":79,"column":15}},"34":{"start":{"line":82,"column":20},"end":{"line":82,"column":125}},"35":{"start":{"line":83,"column":4},"end":{"line":90,"column":6}},"36":{"start":{"line":88,"column":8},"end":{"line":88,"column":37}},"37":{"start":{"line":89,"column":8},"end":{"line":89,"column":15}},"38":{"start":{"line":103,"column":4},"end":{"line":103,"column":38}},"39":{"start":{"line":105,"column":18},"end":{"line":105,"column":47}},"40":{"start":{"line":106,"column":19},"end":{"line":106,"column":46}},"41":{"start":{"line":108,"column":4},"end":{"line":111,"column":5}},"42":{"start":{"line":109,"column":8},"end":{"line":109,"column":84}},"43":{"start":{"line":110,"column":8},"end":{"line":110,"column":14}},"44":{"start":{"line":113,"column":20},"end":{"line":113,"column":109}},"45":{"start":{"line":114,"column":4},"end":{"line":121,"column":6}},"46":{"start":{"line":119,"column":8},"end":{"line":119,"column":31}},"47":{"start":{"line":120,"column":8},"end":{"line":120,"column":15}},"48":{"start":{"line":134,"column":4},"end":{"line":134,"column":35}},"49":{"start":{"line":136,"column":18},"end":{"line":136,"column":47}},"50":{"start":{"line":137,"column":18},"end":{"line":137,"column":44}},"51":{"start":{"line":139,"column":4},"end":{"line":142,"column":5}},"52":{"start":{"line":140,"column":8},"end":{"line":140,"column":85}},"53":{"start":{"line":141,"column":8},"end":{"line":141,"column":15}},"54":{"start":{"line":144,"column":20},"end":{"line":144,"column":98}},"55":{"start":{"line":145,"column":4},"end":{"line":155,"column":6}},"56":{"start":{"line":151,"column":8},"end":{"line":151,"column":31}},"57":{"start":{"line":154,"column":8},"end":{"line":154,"column":15}},"58":{"start":{"line":158,"column":0},"end":{"line":158,"column":108}}},"fnMap":{"0":{"name":"createOrder","decl":{"start":{"line":11,"column":9},"end":{"line":11,"column":20}},"loc":{"start":{"line":11,"column":30},"end":{"line":35,"column":1}},"line":11},"1":{"name":"(anonymous_1)","decl":{"start":{"line":27,"column":25},"end":{"line":27,"column":26}},"loc":{"start":{"line":27,"column":46},"end":{"line":34,"column":5}},"line":27},"2":{"name":"getUserOrder","decl":{"start":{"line":43,"column":9},"end":{"line":43,"column":21}},"loc":{"start":{"line":43,"column":31},"end":{"line":63,"column":1}},"line":43},"3":{"name":"(anonymous_3)","decl":{"start":{"line":55,"column":25},"end":{"line":55,"column":26}},"loc":{"start":{"line":55,"column":46},"end":{"line":62,"column":5}},"line":55},"4":{"name":"getTableOrder","decl":{"start":{"line":71,"column":9},"end":{"line":71,"column":22}},"loc":{"start":{"line":71,"column":32},"end":{"line":91,"column":1}},"line":71},"5":{"name":"(anonymous_5)","decl":{"start":{"line":83,"column":25},"end":{"line":83,"column":26}},"loc":{"start":{"line":83,"column":46},"end":{"line":90,"column":5}},"line":83},"6":{"name":"updateOrderSessionStatus","decl":{"start":{"line":102,"column":9},"end":{"line":102,"column":33}},"loc":{"start":{"line":102,"column":43},"end":{"line":122,"column":1}},"line":102},"7":{"name":"(anonymous_7)","decl":{"start":{"line":114,"column":25},"end":{"line":114,"column":26}},"loc":{"start":{"line":114,"column":46},"end":{"line":121,"column":5}},"line":114},"8":{"name":"updateOrderPaidStatus","decl":{"start":{"line":133,"column":9},"end":{"line":133,"column":30}},"loc":{"start":{"line":133,"column":40},"end":{"line":156,"column":1}},"line":133},"9":{"name":"(anonymous_9)","decl":{"start":{"line":145,"column":25},"end":{"line":145,"column":26}},"loc":{"start":{"line":145,"column":46},"end":{"line":155,"column":5}},"line":145}},"branchMap":{"0":{"loc":{"start":{"line":20,"column":4},"end":{"line":23,"column":5}},"type":"if","locations":[{"start":{"line":20,"column":4},"end":{"line":23,"column":5}},{"start":{"line":20,"column":4},"end":{"line":23,"column":5}}],"line":20},"1":{"loc":{"start":{"line":20,"column":8},"end":{"line":20,"column":79}},"type":"binary-expr","locations":[{"start":{"line":20,"column":8},"end":{"line":20,"column":21}},{"start":{"line":20,"column":25},"end":{"line":20,"column":39}},{"start":{"line":20,"column":43},"end":{"line":20,"column":62}},{"start":{"line":20,"column":66},"end":{"line":20,"column":79}}],"line":20},"2":{"loc":{"start":{"line":49,"column":4},"end":{"line":52,"column":5}},"type":"if","locations":[{"start":{"line":49,"column":4},"end":{"line":52,"column":5}},{"start":{"line":49,"column":4},"end":{"line":52,"column":5}}],"line":49},"3":{"loc":{"start":{"line":49,"column":8},"end":{"line":49,"column":42}},"type":"binary-expr","locations":[{"start":{"line":49,"column":8},"end":{"line":49,"column":23}},{"start":{"line":49,"column":27},"end":{"line":49,"column":42}}],"line":49},"4":{"loc":{"start":{"line":77,"column":4},"end":{"line":80,"column":5}},"type":"if","locations":[{"start":{"line":77,"column":4},"end":{"line":80,"column":5}},{"start":{"line":77,"column":4},"end":{"line":80,"column":5}}],"line":77},"5":{"loc":{"start":{"line":77,"column":8},"end":{"line":77,"column":43}},"type":"binary-expr","locations":[{"start":{"line":77,"column":8},"end":{"line":77,"column":24}},{"start":{"line":77,"column":28},"end":{"line":77,"column":43}}],"line":77},"6":{"loc":{"start":{"line":108,"column":4},"end":{"line":111,"column":5}},"type":"if","locations":[{"start":{"line":108,"column":4},"end":{"line":111,"column":5}},{"start":{"line":108,"column":4},"end":{"line":111,"column":5}}],"line":108},"7":{"loc":{"start":{"line":108,"column":8},"end":{"line":108,"column":41}},"type":"binary-expr","locations":[{"start":{"line":108,"column":8},"end":{"line":108,"column":22}},{"start":{"line":108,"column":26},"end":{"line":108,"column":41}}],"line":108},"8":{"loc":{"start":{"line":139,"column":4},"end":{"line":142,"column":5}},"type":"if","locations":[{"start":{"line":139,"column":4},"end":{"line":142,"column":5}},{"start":{"line":139,"column":4},"end":{"line":142,"column":5}}],"line":139},"9":{"loc":{"start":{"line":139,"column":8},"end":{"line":139,"column":40}},"type":"binary-expr","locations":[{"start":{"line":139,"column":8},"end":{"line":139,"column":22}},{"start":{"line":139,"column":26},"end":{"line":139,"column":40}}],"line":139}},"s":{"0":7,"1":7,"2":7,"3":7,"4":8,"5":8,"6":8,"7":8,"8":8,"9":8,"10":8,"11":8,"12":1,"13":1,"14":7,"15":7,"16":7,"17":7,"18":7,"19":7,"20":7,"21":7,"22":1,"23":1,"24":6,"25":6,"26":6,"27":6,"28":3,"29":3,"30":3,"31":3,"32":1,"33":1,"34":2,"35":2,"36":2,"37":2,"38":2,"39":2,"40":2,"41":2,"42":1,"43":1,"44":1,"45":1,"46":1,"47":1,"48":2,"49":2,"50":2,"51":2,"52":1,"53":1,"54":1,"55":1,"56":1,"57":1,"58":7},"f":{"0":8,"1":7,"2":7,"3":6,"4":3,"5":2,"6":2,"7":1,"8":2,"9":1},"b":{"0":[1,7],"1":[8,7,7,7],"2":[1,6],"3":[7,6],"4":[1,2],"5":[3,2],"6":[1,1],"7":[2,1],"8":[1,1],"9":[2,1]},"_coverageSchema":"1a1c01bbd47fc00a2c39e90264f33305004495a9","hash":"ed31dbebdc7dce95f63fa66754dfdcfa7fbf9968"}
,"/home/modernwaiter/CPEN321-ModernWaiter/BackEnd/routes/payment.js": {"path":"/home/modernwaiter/CPEN321-ModernWaiter/BackEnd/routes/payment.js","statementMap":{"0":{"start":{"line":1,"column":16},"end":{"line":1,"column":34}},"1":{"start":{"line":2,"column":12},"end":{"line":2,"column":56}},"2":{"start":{"line":3,"column":15},"end":{"line":3,"column":63}},"3":{"start":{"line":4,"column":43},"end":{"line":4,"column":77}},"4":{"start":{"line":13,"column":4},"end":{"line":13,"column":27}},"5":{"start":{"line":14,"column":4},"end":{"line":14,"column":68}},"6":{"start":{"line":15,"column":4},"end":{"line":15,"column":10}},"7":{"start":{"line":24,"column":4},"end":{"line":24,"column":28}},"8":{"start":{"line":26,"column":26},"end":{"line":26,"column":50}},"9":{"start":{"line":27,"column":26},"end":{"line":27,"column":50}},"10":{"start":{"line":28,"column":19},"end":{"line":28,"column":36}},"11":{"start":{"line":29,"column":23},"end":{"line":29,"column":44}},"12":{"start":{"line":30,"column":22},"end":{"line":30,"column":54}},"13":{"start":{"line":31,"column":4},"end":{"line":31,"column":33}},"14":{"start":{"line":32,"column":18},"end":{"line":32,"column":47}},"15":{"start":{"line":34,"column":4},"end":{"line":37,"column":5}},"16":{"start":{"line":35,"column":8},"end":{"line":35,"column":78}},"17":{"start":{"line":36,"column":8},"end":{"line":36,"column":15}},"18":{"start":{"line":39,"column":29},"end":{"line":60,"column":5}},"19":{"start":{"line":41,"column":8},"end":{"line":59,"column":9}},"20":{"start":{"line":45,"column":12},"end":{"line":48,"column":13}},"21":{"start":{"line":52,"column":12},"end":{"line":54,"column":13}},"22":{"start":{"line":58,"column":12},"end":{"line":58,"column":57}},"23":{"start":{"line":62,"column":4},"end":{"line":93,"column":5}},"24":{"start":{"line":64,"column":8},"end":{"line":83,"column":9}},"25":{"start":{"line":67,"column":8},"end":{"line":76,"column":10}},"26":{"start":{"line":78,"column":15},"end":{"line":83,"column":9}},"27":{"start":{"line":81,"column":8},"end":{"line":81,"column":69}},"28":{"start":{"line":84,"column":8},"end":{"line":84,"column":43}},"29":{"start":{"line":85,"column":8},"end":{"line":85,"column":81}},"30":{"start":{"line":86,"column":8},"end":{"line":86,"column":47}},"31":{"start":{"line":87,"column":8},"end":{"line":87,"column":15}},"32":{"start":{"line":91,"column":8},"end":{"line":91,"column":39}},"33":{"start":{"line":92,"column":8},"end":{"line":92,"column":15}},"34":{"start":{"line":96,"column":0},"end":{"line":96,"column":52}}},"fnMap":{"0":{"name":"getStripeKey","decl":{"start":{"line":12,"column":9},"end":{"line":12,"column":21}},"loc":{"start":{"line":12,"column":31},"end":{"line":16,"column":1}},"line":12},"1":{"name":"createStripePayment","decl":{"start":{"line":23,"column":15},"end":{"line":23,"column":34}},"loc":{"start":{"line":23,"column":44},"end":{"line":94,"column":1}},"line":23},"2":{"name":"(anonymous_2)","decl":{"start":{"line":39,"column":29},"end":{"line":39,"column":30}},"loc":{"start":{"line":39,"column":39},"end":{"line":60,"column":5}},"line":39}},"branchMap":{"0":{"loc":{"start":{"line":34,"column":4},"end":{"line":37,"column":5}},"type":"if","locations":[{"start":{"line":34,"column":4},"end":{"line":37,"column":5}},{"start":{"line":34,"column":4},"end":{"line":37,"column":5}}],"line":34},"1":{"loc":{"start":{"line":41,"column":8},"end":{"line":59,"column":9}},"type":"switch","locations":[{"start":{"line":42,"column":12},"end":{"line":42,"column":35}},{"start":{"line":43,"column":12},"end":{"line":48,"column":13}},{"start":{"line":49,"column":12},"end":{"line":49,"column":43}},{"start":{"line":50,"column":12},"end":{"line":54,"column":13}},{"start":{"line":55,"column":12},"end":{"line":58,"column":57}}],"line":41},"2":{"loc":{"start":{"line":64,"column":8},"end":{"line":83,"column":9}},"type":"if","locations":[{"start":{"line":64,"column":8},"end":{"line":83,"column":9}},{"start":{"line":64,"column":8},"end":{"line":83,"column":9}}],"line":64},"3":{"loc":{"start":{"line":78,"column":15},"end":{"line":83,"column":9}},"type":"if","locations":[{"start":{"line":78,"column":15},"end":{"line":83,"column":9}},{"start":{"line":78,"column":15},"end":{"line":83,"column":9}}],"line":78}},"s":{"0":7,"1":7,"2":7,"3":7,"4":2,"5":2,"6":2,"7":2,"8":2,"9":2,"10":2,"11":2,"12":2,"13":2,"14":2,"15":2,"16":0,"17":0,"18":2,"19":2,"20":0,"21":0,"22":2,"23":2,"24":2,"25":2,"26":0,"27":0,"28":2,"29":2,"30":2,"31":2,"32":0,"33":0,"34":7},"f":{"0":2,"1":2,"2":2},"b":{"0":[0,2],"1":[0,0,0,0,2],"2":[2,0],"3":[0,0]},"_coverageSchema":"1a1c01bbd47fc00a2c39e90264f33305004495a9","hash":"8a9328e3fc2f49f98461bbcf009454f686cf0ebf"}
,"/home/modernwaiter/CPEN321-ModernWaiter/BackEnd/routes/recommendation.js": {"path":"/home/modernwaiter/CPEN321-ModernWaiter/BackEnd/routes/recommendation.js","statementMap":{"0":{"start":{"line":1,"column":14},"end":{"line":1,"column":30}},"1":{"start":{"line":2,"column":12},"end":{"line":2,"column":45}},"2":{"start":{"line":3,"column":12},"end":{"line":3,"column":31}},"3":{"start":{"line":4,"column":21},"end":{"line":4,"column":58}},"4":{"start":{"line":15,"column":4},"end":{"line":15,"column":38}},"5":{"start":{"line":17,"column":19},"end":{"line":17,"column":49}},"6":{"start":{"line":18,"column":24},"end":{"line":18,"column":60}},"7":{"start":{"line":20,"column":4},"end":{"line":23,"column":5}},"8":{"start":{"line":21,"column":8},"end":{"line":21,"column":89}},"9":{"start":{"line":22,"column":8},"end":{"line":22,"column":15}},"10":{"start":{"line":25,"column":4},"end":{"line":25,"column":36}},"11":{"start":{"line":26,"column":4},"end":{"line":26,"column":47}},"12":{"start":{"line":28,"column":21},"end":{"line":28,"column":91}},"13":{"start":{"line":29,"column":21},"end":{"line":29,"column":111}},"14":{"start":{"line":31,"column":4},"end":{"line":63,"column":7}},"15":{"start":{"line":37,"column":25},"end":{"line":37,"column":53}},"16":{"start":{"line":46,"column":8},"end":{"line":62,"column":11}},"17":{"start":{"line":52,"column":39},"end":{"line":52,"column":77}},"18":{"start":{"line":53,"column":37},"end":{"line":53,"column":46}},"19":{"start":{"line":55,"column":12},"end":{"line":57,"column":14}},"20":{"start":{"line":56,"column":16},"end":{"line":56,"column":71}},"21":{"start":{"line":59,"column":25},"end":{"line":59,"column":89}},"22":{"start":{"line":60,"column":12},"end":{"line":60,"column":54}},"23":{"start":{"line":61,"column":12},"end":{"line":61,"column":19}},"24":{"start":{"line":66,"column":0},"end":{"line":66,"column":40}}},"fnMap":{"0":{"name":"getItemRecommendation","decl":{"start":{"line":14,"column":9},"end":{"line":14,"column":30}},"loc":{"start":{"line":14,"column":40},"end":{"line":64,"column":1}},"line":14},"1":{"name":"(anonymous_1)","decl":{"start":{"line":31,"column":26},"end":{"line":31,"column":27}},"loc":{"start":{"line":31,"column":51},"end":{"line":63,"column":5}},"line":31},"2":{"name":"(anonymous_2)","decl":{"start":{"line":46,"column":30},"end":{"line":46,"column":31}},"loc":{"start":{"line":46,"column":56},"end":{"line":62,"column":9}},"line":46},"3":{"name":"(anonymous_3)","decl":{"start":{"line":55,"column":41},"end":{"line":55,"column":42}},"loc":{"start":{"line":55,"column":49},"end":{"line":57,"column":13}},"line":55}},"branchMap":{"0":{"loc":{"start":{"line":20,"column":4},"end":{"line":23,"column":5}},"type":"if","locations":[{"start":{"line":20,"column":4},"end":{"line":23,"column":5}},{"start":{"line":20,"column":4},"end":{"line":23,"column":5}}],"line":20},"1":{"loc":{"start":{"line":20,"column":8},"end":{"line":20,"column":47}},"type":"binary-expr","locations":[{"start":{"line":20,"column":8},"end":{"line":20,"column":23}},{"start":{"line":20,"column":27},"end":{"line":20,"column":47}}],"line":20}},"s":{"0":7,"1":7,"2":7,"3":7,"4":2,"5":2,"6":2,"7":2,"8":1,"9":1,"10":1,"11":1,"12":1,"13":1,"14":1,"15":1,"16":1,"17":1,"18":1,"19":1,"20":53,"21":1,"22":1,"23":1,"24":7},"f":{"0":2,"1":1,"2":1,"3":53},"b":{"0":[1,1],"1":[2,1]},"_coverageSchema":"1a1c01bbd47fc00a2c39e90264f33305004495a9","hash":"0bcb4252735876774ea5eaa0e2deca32e0e02bea"}
,"/home/modernwaiter/CPEN321-ModernWaiter/BackEnd/routes/restaurants.js": {"path":"/home/modernwaiter/CPEN321-ModernWaiter/BackEnd/routes/restaurants.js","statementMap":{"0":{"start":{"line":1,"column":14},"end":{"line":1,"column":30}},"1":{"start":{"line":2,"column":12},"end":{"line":2,"column":45}},"2":{"start":{"line":3,"column":12},"end":{"line":3,"column":31}},"3":{"start":{"line":13,"column":4},"end":{"line":13,"column":43}},"4":{"start":{"line":15,"column":13},"end":{"line":15,"column":39}},"5":{"start":{"line":16,"column":4},"end":{"line":19,"column":5}},"6":{"start":{"line":17,"column":8},"end":{"line":17,"column":68}},"7":{"start":{"line":18,"column":8},"end":{"line":18,"column":15}},"8":{"start":{"line":21,"column":20},"end":{"line":21,"column":79}},"9":{"start":{"line":22,"column":4},"end":{"line":29,"column":7}},"10":{"start":{"line":23,"column":8},"end":{"line":26,"column":9}},"11":{"start":{"line":24,"column":12},"end":{"line":24,"column":71}},"12":{"start":{"line":25,"column":12},"end":{"line":25,"column":19}},"13":{"start":{"line":27,"column":8},"end":{"line":27,"column":37}},"14":{"start":{"line":28,"column":8},"end":{"line":28,"column":15}},"15":{"start":{"line":38,"column":4},"end":{"line":38,"column":36}},"16":{"start":{"line":39,"column":24},"end":{"line":39,"column":58}},"17":{"start":{"line":40,"column":31},"end":{"line":40,"column":72}},"18":{"start":{"line":42,"column":4},"end":{"line":45,"column":5}},"19":{"start":{"line":43,"column":8},"end":{"line":43,"column":75}},"20":{"start":{"line":44,"column":8},"end":{"line":44,"column":15}},"21":{"start":{"line":47,"column":15},"end":{"line":47,"column":28}},"22":{"start":{"line":48,"column":19},"end":{"line":48,"column":36}},"23":{"start":{"line":50,"column":20},"end":{"line":50,"column":190}},"24":{"start":{"line":51,"column":4},"end":{"line":58,"column":6}},"25":{"start":{"line":52,"column":8},"end":{"line":55,"column":9}},"26":{"start":{"line":53,"column":12},"end":{"line":53,"column":71}},"27":{"start":{"line":54,"column":12},"end":{"line":54,"column":19}},"28":{"start":{"line":56,"column":8},"end":{"line":56,"column":37}},"29":{"start":{"line":57,"column":8},"end":{"line":57,"column":15}},"30":{"start":{"line":60,"column":0},"end":{"line":60,"column":47}}},"fnMap":{"0":{"name":"getRestaurant","decl":{"start":{"line":12,"column":9},"end":{"line":12,"column":22}},"loc":{"start":{"line":12,"column":32},"end":{"line":30,"column":1}},"line":12},"1":{"name":"(anonymous_1)","decl":{"start":{"line":22,"column":25},"end":{"line":22,"column":26}},"loc":{"start":{"line":22,"column":46},"end":{"line":29,"column":5}},"line":22},"2":{"name":"addRestaurant","decl":{"start":{"line":37,"column":9},"end":{"line":37,"column":22}},"loc":{"start":{"line":37,"column":32},"end":{"line":59,"column":1}},"line":37},"3":{"name":"(anonymous_3)","decl":{"start":{"line":51,"column":25},"end":{"line":51,"column":26}},"loc":{"start":{"line":51,"column":46},"end":{"line":58,"column":5}},"line":51}},"branchMap":{"0":{"loc":{"start":{"line":16,"column":4},"end":{"line":19,"column":5}},"type":"if","locations":[{"start":{"line":16,"column":4},"end":{"line":19,"column":5}},{"start":{"line":16,"column":4},"end":{"line":19,"column":5}}],"line":16},"1":{"loc":{"start":{"line":23,"column":8},"end":{"line":26,"column":9}},"type":"if","locations":[{"start":{"line":23,"column":8},"end":{"line":26,"column":9}},{"start":{"line":23,"column":8},"end":{"line":26,"column":9}}],"line":23},"2":{"loc":{"start":{"line":42,"column":4},"end":{"line":45,"column":5}},"type":"if","locations":[{"start":{"line":42,"column":4},"end":{"line":45,"column":5}},{"start":{"line":42,"column":4},"end":{"line":45,"column":5}}],"line":42},"3":{"loc":{"start":{"line":42,"column":8},"end":{"line":42,"column":59}},"type":"binary-expr","locations":[{"start":{"line":42,"column":8},"end":{"line":42,"column":28}},{"start":{"line":42,"column":32},"end":{"line":42,"column":59}}],"line":42},"4":{"loc":{"start":{"line":52,"column":8},"end":{"line":55,"column":9}},"type":"if","locations":[{"start":{"line":52,"column":8},"end":{"line":55,"column":9}},{"start":{"line":52,"column":8},"end":{"line":55,"column":9}}],"line":52}},"s":{"0":7,"1":7,"2":7,"3":1,"4":1,"5":1,"6":0,"7":0,"8":1,"9":1,"10":1,"11":0,"12":0,"13":1,"14":1,"15":1,"16":1,"17":1,"18":1,"19":0,"20":0,"21":1,"22":1,"23":1,"24":1,"25":1,"26":0,"27":0,"28":1,"29":1,"30":7},"f":{"0":1,"1":1,"2":1,"3":1},"b":{"0":[0,1],"1":[0,1],"2":[0,1],"3":[1,1],"4":[0,1]},"_coverageSchema":"1a1c01bbd47fc00a2c39e90264f33305004495a9","hash":"483f4cf49dec08f5f2199fcd335bfaf05e8de424"}
,"/home/modernwaiter/CPEN321-ModernWaiter/BackEnd/routes/tables.js": {"path":"/home/modernwaiter/CPEN321-ModernWaiter/BackEnd/routes/tables.js","statementMap":{"0":{"start":{"line":1,"column":14},"end":{"line":1,"column":30}},"1":{"start":{"line":2,"column":12},"end":{"line":2,"column":45}},"2":{"start":{"line":3,"column":12},"end":{"line":3,"column":31}},"3":{"start":{"line":14,"column":4},"end":{"line":14,"column":38}},"4":{"start":{"line":16,"column":13},"end":{"line":16,"column":39}},"5":{"start":{"line":17,"column":4},"end":{"line":20,"column":5}},"6":{"start":{"line":18,"column":8},"end":{"line":18,"column":68}},"7":{"start":{"line":19,"column":8},"end":{"line":19,"column":15}},"8":{"start":{"line":22,"column":20},"end":{"line":22,"column":75}},"9":{"start":{"line":23,"column":4},"end":{"line":30,"column":6}},"10":{"start":{"line":24,"column":8},"end":{"line":27,"column":9}},"11":{"start":{"line":25,"column":12},"end":{"line":25,"column":71}},"12":{"start":{"line":26,"column":12},"end":{"line":26,"column":19}},"13":{"start":{"line":28,"column":8},"end":{"line":28,"column":37}},"14":{"start":{"line":29,"column":8},"end":{"line":29,"column":15}},"15":{"start":{"line":40,"column":4},"end":{"line":40,"column":32}},"16":{"start":{"line":42,"column":22},"end":{"line":42,"column":55}},"17":{"start":{"line":43,"column":4},"end":{"line":46,"column":5}},"18":{"start":{"line":44,"column":8},"end":{"line":44,"column":78}},"19":{"start":{"line":45,"column":8},"end":{"line":45,"column":15}},"20":{"start":{"line":48,"column":20},"end":{"line":48,"column":95}},"21":{"start":{"line":49,"column":4},"end":{"line":56,"column":7}},"22":{"start":{"line":50,"column":8},"end":{"line":53,"column":9}},"23":{"start":{"line":51,"column":12},"end":{"line":51,"column":71}},"24":{"start":{"line":52,"column":12},"end":{"line":52,"column":19}},"25":{"start":{"line":54,"column":8},"end":{"line":54,"column":37}},"26":{"start":{"line":55,"column":8},"end":{"line":55,"column":15}},"27":{"start":{"line":58,"column":0},"end":{"line":58,"column":27}}},"fnMap":{"0":{"name":"getTable","decl":{"start":{"line":13,"column":9},"end":{"line":13,"column":17}},"loc":{"start":{"line":13,"column":28},"end":{"line":31,"column":1}},"line":13},"1":{"name":"(anonymous_1)","decl":{"start":{"line":23,"column":25},"end":{"line":23,"column":26}},"loc":{"start":{"line":23,"column":46},"end":{"line":30,"column":5}},"line":23},"2":{"name":"addTable","decl":{"start":{"line":39,"column":9},"end":{"line":39,"column":17}},"loc":{"start":{"line":39,"column":28},"end":{"line":57,"column":1}},"line":39},"3":{"name":"(anonymous_3)","decl":{"start":{"line":49,"column":25},"end":{"line":49,"column":26}},"loc":{"start":{"line":49,"column":46},"end":{"line":56,"column":5}},"line":49}},"branchMap":{"0":{"loc":{"start":{"line":17,"column":4},"end":{"line":20,"column":5}},"type":"if","locations":[{"start":{"line":17,"column":4},"end":{"line":20,"column":5}},{"start":{"line":17,"column":4},"end":{"line":20,"column":5}}],"line":17},"1":{"loc":{"start":{"line":24,"column":8},"end":{"line":27,"column":9}},"type":"if","locations":[{"start":{"line":24,"column":8},"end":{"line":27,"column":9}},{"start":{"line":24,"column":8},"end":{"line":27,"column":9}}],"line":24},"2":{"loc":{"start":{"line":43,"column":4},"end":{"line":46,"column":5}},"type":"if","locations":[{"start":{"line":43,"column":4},"end":{"line":46,"column":5}},{"start":{"line":43,"column":4},"end":{"line":46,"column":5}}],"line":43},"3":{"loc":{"start":{"line":50,"column":8},"end":{"line":53,"column":9}},"type":"if","locations":[{"start":{"line":50,"column":8},"end":{"line":53,"column":9}},{"start":{"line":50,"column":8},"end":{"line":53,"column":9}}],"line":50}},"s":{"0":7,"1":7,"2":7,"3":0,"4":0,"5":0,"6":0,"7":0,"8":0,"9":0,"10":0,"11":0,"12":0,"13":0,"14":0,"15":0,"16":0,"17":0,"18":0,"19":0,"20":0,"21":0,"22":0,"23":0,"24":0,"25":0,"26":0,"27":7},"f":{"0":0,"1":0,"2":0,"3":0},"b":{"0":[0,0],"1":[0,0],"2":[0,0],"3":[0,0]},"_coverageSchema":"1a1c01bbd47fc00a2c39e90264f33305004495a9","hash":"bcab4f2ed17565aa932db8132fcca8085ea560e8"}
,"/home/modernwaiter/CPEN321-ModernWaiter/BackEnd/routes/users.js": {"path":"/home/modernwaiter/CPEN321-ModernWaiter/BackEnd/routes/users.js","statementMap":{"0":{"start":{"line":1,"column":14},"end":{"line":1,"column":30}},"1":{"start":{"line":2,"column":12},"end":{"line":2,"column":45}},"2":{"start":{"line":3,"column":12},"end":{"line":3,"column":31}},"3":{"start":{"line":13,"column":4},"end":{"line":13,"column":36}},"4":{"start":{"line":15,"column":13},"end":{"line":15,"column":39}},"5":{"start":{"line":16,"column":4},"end":{"line":19,"column":5}},"6":{"start":{"line":17,"column":8},"end":{"line":17,"column":68}},"7":{"start":{"line":18,"column":8},"end":{"line":18,"column":15}},"8":{"start":{"line":21,"column":20},"end":{"line":21,"column":74}},"9":{"start":{"line":22,"column":4},"end":{"line":29,"column":6}},"10":{"start":{"line":23,"column":8},"end":{"line":26,"column":9}},"11":{"start":{"line":24,"column":12},"end":{"line":24,"column":71}},"12":{"start":{"line":25,"column":12},"end":{"line":25,"column":19}},"13":{"start":{"line":27,"column":8},"end":{"line":27,"column":40}},"14":{"start":{"line":28,"column":8},"end":{"line":28,"column":15}},"15":{"start":{"line":40,"column":4},"end":{"line":40,"column":49}},"16":{"start":{"line":41,"column":19},"end":{"line":41,"column":38}},"17":{"start":{"line":42,"column":20},"end":{"line":42,"column":87}},"18":{"start":{"line":43,"column":4},"end":{"line":50,"column":6}},"19":{"start":{"line":44,"column":8},"end":{"line":47,"column":9}},"20":{"start":{"line":45,"column":12},"end":{"line":45,"column":71}},"21":{"start":{"line":46,"column":12},"end":{"line":46,"column":19}},"22":{"start":{"line":48,"column":8},"end":{"line":48,"column":40}},"23":{"start":{"line":49,"column":8},"end":{"line":49,"column":15}},"24":{"start":{"line":60,"column":4},"end":{"line":60,"column":30}},"25":{"start":{"line":61,"column":4},"end":{"line":61,"column":20}},"26":{"start":{"line":62,"column":4},"end":{"line":62,"column":25}},"27":{"start":{"line":63,"column":19},"end":{"line":63,"column":36}},"28":{"start":{"line":64,"column":16},"end":{"line":64,"column":30}},"29":{"start":{"line":65,"column":19},"end":{"line":65,"column":36}},"30":{"start":{"line":66,"column":22},"end":{"line":66,"column":42}},"31":{"start":{"line":68,"column":20},"end":{"line":68,"column":157}},"32":{"start":{"line":69,"column":4},"end":{"line":76,"column":6}},"33":{"start":{"line":70,"column":8},"end":{"line":73,"column":9}},"34":{"start":{"line":71,"column":12},"end":{"line":71,"column":38}},"35":{"start":{"line":72,"column":12},"end":{"line":72,"column":19}},"36":{"start":{"line":74,"column":8},"end":{"line":74,"column":31}},"37":{"start":{"line":75,"column":8},"end":{"line":75,"column":15}},"38":{"start":{"line":86,"column":4},"end":{"line":86,"column":48}},"39":{"start":{"line":88,"column":13},"end":{"line":88,"column":39}},"40":{"start":{"line":89,"column":4},"end":{"line":92,"column":5}},"41":{"start":{"line":90,"column":8},"end":{"line":90,"column":68}},"42":{"start":{"line":91,"column":8},"end":{"line":91,"column":15}},"43":{"start":{"line":94,"column":20},"end":{"line":94,"column":84}},"44":{"start":{"line":95,"column":4},"end":{"line":102,"column":6}},"45":{"start":{"line":96,"column":8},"end":{"line":99,"column":9}},"46":{"start":{"line":97,"column":12},"end":{"line":97,"column":71}},"47":{"start":{"line":98,"column":12},"end":{"line":98,"column":19}},"48":{"start":{"line":100,"column":8},"end":{"line":100,"column":40}},"49":{"start":{"line":101,"column":8},"end":{"line":101,"column":15}},"50":{"start":{"line":112,"column":4},"end":{"line":112,"column":29}},"51":{"start":{"line":114,"column":17},"end":{"line":114,"column":45}},"52":{"start":{"line":115,"column":4},"end":{"line":118,"column":5}},"53":{"start":{"line":116,"column":8},"end":{"line":116,"column":73}},"54":{"start":{"line":117,"column":8},"end":{"line":117,"column":15}},"55":{"start":{"line":120,"column":22},"end":{"line":120,"column":42}},"56":{"start":{"line":122,"column":20},"end":{"line":122,"column":104}},"57":{"start":{"line":123,"column":4},"end":{"line":130,"column":6}},"58":{"start":{"line":124,"column":8},"end":{"line":127,"column":9}},"59":{"start":{"line":125,"column":12},"end":{"line":125,"column":71}},"60":{"start":{"line":126,"column":12},"end":{"line":126,"column":19}},"61":{"start":{"line":128,"column":8},"end":{"line":128,"column":31}},"62":{"start":{"line":129,"column":8},"end":{"line":129,"column":15}},"63":{"start":{"line":134,"column":20},"end":{"line":134,"column":85}},"64":{"start":{"line":135,"column":4},"end":{"line":142,"column":6}},"65":{"start":{"line":136,"column":8},"end":{"line":141,"column":9}},"66":{"start":{"line":137,"column":12},"end":{"line":137,"column":62}},"67":{"start":{"line":140,"column":12},"end":{"line":140,"column":25}},"68":{"start":{"line":145,"column":0},"end":{"line":145,"column":114}}},"fnMap":{"0":{"name":"getUserById","decl":{"start":{"line":12,"column":9},"end":{"line":12,"column":20}},"loc":{"start":{"line":12,"column":30},"end":{"line":30,"column":1}},"line":12},"1":{"name":"(anonymous_1)","decl":{"start":{"line":22,"column":25},"end":{"line":22,"column":26}},"loc":{"start":{"line":22,"column":46},"end":{"line":29,"column":5}},"line":22},"2":{"name":"getUserByGoogleId","decl":{"start":{"line":39,"column":9},"end":{"line":39,"column":26}},"loc":{"start":{"line":39,"column":36},"end":{"line":51,"column":1}},"line":39},"3":{"name":"(anonymous_3)","decl":{"start":{"line":43,"column":25},"end":{"line":43,"column":26}},"loc":{"start":{"line":43,"column":46},"end":{"line":50,"column":5}},"line":43},"4":{"name":"addUser","decl":{"start":{"line":59,"column":9},"end":{"line":59,"column":16}},"loc":{"start":{"line":59,"column":26},"end":{"line":77,"column":1}},"line":59},"5":{"name":"(anonymous_5)","decl":{"start":{"line":69,"column":25},"end":{"line":69,"column":26}},"loc":{"start":{"line":69,"column":46},"end":{"line":76,"column":5}},"line":69},"6":{"name":"getUserPreferences","decl":{"start":{"line":85,"column":9},"end":{"line":85,"column":27}},"loc":{"start":{"line":85,"column":37},"end":{"line":103,"column":1}},"line":85},"7":{"name":"(anonymous_7)","decl":{"start":{"line":95,"column":25},"end":{"line":95,"column":26}},"loc":{"start":{"line":95,"column":46},"end":{"line":102,"column":5}},"line":95},"8":{"name":"updateUserPreferences","decl":{"start":{"line":111,"column":9},"end":{"line":111,"column":30}},"loc":{"start":{"line":111,"column":40},"end":{"line":131,"column":1}},"line":111},"9":{"name":"(anonymous_9)","decl":{"start":{"line":123,"column":25},"end":{"line":123,"column":26}},"loc":{"start":{"line":123,"column":46},"end":{"line":130,"column":5}},"line":123},"10":{"name":"getUserName","decl":{"start":{"line":133,"column":9},"end":{"line":133,"column":20}},"loc":{"start":{"line":133,"column":28},"end":{"line":143,"column":1}},"line":133},"11":{"name":"(anonymous_11)","decl":{"start":{"line":135,"column":25},"end":{"line":135,"column":26}},"loc":{"start":{"line":135,"column":46},"end":{"line":142,"column":5}},"line":135}},"branchMap":{"0":{"loc":{"start":{"line":16,"column":4},"end":{"line":19,"column":5}},"type":"if","locations":[{"start":{"line":16,"column":4},"end":{"line":19,"column":5}},{"start":{"line":16,"column":4},"end":{"line":19,"column":5}}],"line":16},"1":{"loc":{"start":{"line":23,"column":8},"end":{"line":26,"column":9}},"type":"if","locations":[{"start":{"line":23,"column":8},"end":{"line":26,"column":9}},{"start":{"line":23,"column":8},"end":{"line":26,"column":9}}],"line":23},"2":{"loc":{"start":{"line":44,"column":8},"end":{"line":47,"column":9}},"type":"if","locations":[{"start":{"line":44,"column":8},"end":{"line":47,"column":9}},{"start":{"line":44,"column":8},"end":{"line":47,"column":9}}],"line":44},"3":{"loc":{"start":{"line":70,"column":8},"end":{"line":73,"column":9}},"type":"if","locations":[{"start":{"line":70,"column":8},"end":{"line":73,"column":9}},{"start":{"line":70,"column":8},"end":{"line":73,"column":9}}],"line":70},"4":{"loc":{"start":{"line":89,"column":4},"end":{"line":92,"column":5}},"type":"if","locations":[{"start":{"line":89,"column":4},"end":{"line":92,"column":5}},{"start":{"line":89,"column":4},"end":{"line":92,"column":5}}],"line":89},"5":{"loc":{"start":{"line":96,"column":8},"end":{"line":99,"column":9}},"type":"if","locations":[{"start":{"line":96,"column":8},"end":{"line":99,"column":9}},{"start":{"line":96,"column":8},"end":{"line":99,"column":9}}],"line":96},"6":{"loc":{"start":{"line":115,"column":4},"end":{"line":118,"column":5}},"type":"if","locations":[{"start":{"line":115,"column":4},"end":{"line":118,"column":5}},{"start":{"line":115,"column":4},"end":{"line":118,"column":5}}],"line":115},"7":{"loc":{"start":{"line":124,"column":8},"end":{"line":127,"column":9}},"type":"if","locations":[{"start":{"line":124,"column":8},"end":{"line":127,"column":9}},{"start":{"line":124,"column":8},"end":{"line":127,"column":9}}],"line":124},"8":{"loc":{"start":{"line":136,"column":8},"end":{"line":141,"column":9}},"type":"if","locations":[{"start":{"line":136,"column":8},"end":{"line":141,"column":9}},{"start":{"line":136,"column":8},"end":{"line":141,"column":9}}],"line":136}},"s":{"0":7,"1":7,"2":7,"3":1,"4":1,"5":1,"6":0,"7":0,"8":1,"9":1,"10":1,"11":0,"12":0,"13":1,"14":1,"15":1,"16":1,"17":1,"18":1,"19":1,"20":0,"21":0,"22":1,"23":1,"24":1,"25":1,"26":1,"27":1,"28":1,"29":1,"30":1,"31":1,"32":1,"33":1,"34":0,"35":0,"36":1,"37":1,"38":2,"39":2,"40":2,"41":0,"42":0,"43":2,"44":2,"45":2,"46":0,"47":0,"48":2,"49":2,"50":1,"51":1,"52":1,"53":0,"54":0,"55":1,"56":1,"57":1,"58":1,"59":0,"60":0,"61":1,"62":1,"63":0,"64":0,"65":0,"66":0,"67":0,"68":7},"f":{"0":1,"1":1,"2":1,"3":1,"4":1,"5":1,"6":2,"7":2,"8":1,"9":1,"10":0,"11":0},"b":{"0":[0,1],"1":[0,1],"2":[0,1],"3":[0,1],"4":[0,2],"5":[0,2],"6":[0,1],"7":[0,1],"8":[0,0]},"_coverageSchema":"1a1c01bbd47fc00a2c39e90264f33305004495a9","hash":"51b58873586faf78659cc1092e25f3044e7b69aa"}
,"/home/modernwaiter/CPEN321-ModernWaiter/BackEnd/tests/integration_tests/test_functions.js": {"path":"/home/modernwaiter/CPEN321-ModernWaiter/BackEnd/tests/integration_tests/test_functions.js","statementMap":{"0":{"start":{"line":1,"column":12},"end":{"line":1,"column":43}},"1":{"start":{"line":2,"column":18},"end":{"line":2,"column":38}},"2":{"start":{"line":3,"column":16},"end":{"line":3,"column":30}},"3":{"start":{"line":6,"column":13},"end":{"line":6,"column":14}},"4":{"start":{"line":7,"column":19},"end":{"line":7,"column":20}},"5":{"start":{"line":8,"column":14},"end":{"line":8,"column":15}},"6":{"start":{"line":9,"column":13},"end":{"line":9,"column":15}},"7":{"start":{"line":12,"column":11},"end":{"line":12,"column":21}},"8":{"start":{"line":13,"column":11},"end":{"line":13,"column":18}},"9":{"start":{"line":14,"column":11},"end":{"line":14,"column":17}},"10":{"start":{"line":15,"column":18},"end":{"line":15,"column":23}},"11":{"start":{"line":16,"column":15},"end":{"line":16,"column":20}},"12":{"start":{"line":17,"column":22},"end":{"line":17,"column":25}},"13":{"start":{"line":18,"column":12},"end":{"line":18,"column":14}},"14":{"start":{"line":21,"column":16},"end":{"line":21,"column":36}},"15":{"start":{"line":22,"column":15},"end":{"line":22,"column":45}},"16":{"start":{"line":23,"column":15},"end":{"line":23,"column":41}},"17":{"start":{"line":24,"column":12},"end":{"line":24,"column":62}},"18":{"start":{"line":25,"column":18},"end":{"line":25,"column":27}},"19":{"start":{"line":27,"column":18},"end":{"line":27,"column":25}},"20":{"start":{"line":31,"column":16},"end":{"line":31,"column":25}},"21":{"start":{"line":33,"column":8},"end":{"line":40,"column":9}},"22":{"start":{"line":43,"column":21},"end":{"line":43,"column":54}},"23":{"start":{"line":46,"column":4},"end":{"line":46,"column":37}},"24":{"start":{"line":51,"column":21},"end":{"line":51,"column":22}},"25":{"start":{"line":52,"column":16},"end":{"line":52,"column":61}},"26":{"start":{"line":55,"column":21},"end":{"line":55,"column":43}},"27":{"start":{"line":58,"column":4},"end":{"line":58,"column":37}},"28":{"start":{"line":59,"column":4},"end":{"line":59,"column":64}},"29":{"start":{"line":60,"column":4},"end":{"line":60,"column":61}},"30":{"start":{"line":61,"column":4},"end":{"line":61,"column":59}},"31":{"start":{"line":62,"column":4},"end":{"line":62,"column":70}},"32":{"start":{"line":63,"column":4},"end":{"line":63,"column":68}},"33":{"start":{"line":64,"column":4},"end":{"line":64,"column":70}},"34":{"start":{"line":65,"column":4},"end":{"line":65,"column":79}},"35":{"start":{"line":67,"column":4},"end":{"line":67,"column":33}},"36":{"start":{"line":72,"column":21},"end":{"line":72,"column":22}},"37":{"start":{"line":73,"column":16},"end":{"line":73,"column":63}},"38":{"start":{"line":76,"column":21},"end":{"line":76,"column":43}},"39":{"start":{"line":79,"column":4},"end":{"line":79,"column":37}},"40":{"start":{"line":80,"column":4},"end":{"line":80,"column":64}},"41":{"start":{"line":81,"column":4},"end":{"line":81,"column":61}},"42":{"start":{"line":82,"column":4},"end":{"line":82,"column":59}},"43":{"start":{"line":83,"column":4},"end":{"line":83,"column":70}},"44":{"start":{"line":84,"column":4},"end":{"line":84,"column":68}},"45":{"start":{"line":85,"column":4},"end":{"line":85,"column":70}},"46":{"start":{"line":86,"column":4},"end":{"line":86,"column":79}},"47":{"start":{"line":88,"column":4},"end":{"line":88,"column":33}},"48":{"start":{"line":93,"column":16},"end":{"line":93,"column":40}},"49":{"start":{"line":96,"column":21},"end":{"line":96,"column":43}},"50":{"start":{"line":99,"column":4},"end":{"line":99,"column":37}},"51":{"start":{"line":100,"column":4},"end":{"line":100,"column":64}},"52":{"start":{"line":101,"column":4},"end":{"line":101,"column":70}},"53":{"start":{"line":102,"column":4},"end":{"line":102,"column":66}},"54":{"start":{"line":103,"column":4},"end":{"line":103,"column":66}},"55":{"start":{"line":104,"column":4},"end":{"line":104,"column":66}},"56":{"start":{"line":105,"column":4},"end":{"line":105,"column":73}},"57":{"start":{"line":106,"column":4},"end":{"line":106,"column":70}},"58":{"start":{"line":107,"column":4},"end":{"line":107,"column":78}},"59":{"start":{"line":108,"column":4},"end":{"line":108,"column":67}},"60":{"start":{"line":110,"column":4},"end":{"line":110,"column":24}},"61":{"start":{"line":115,"column":16},"end":{"line":115,"column":59}},"62":{"start":{"line":118,"column":21},"end":{"line":118,"column":43}},"63":{"start":{"line":121,"column":4},"end":{"line":121,"column":37}},"64":{"start":{"line":122,"column":4},"end":{"line":122,"column":65}},"65":{"start":{"line":128,"column":8},"end":{"line":141,"column":9}},"66":{"start":{"line":143,"column":14},"end":{"line":143,"column":31}},"67":{"start":{"line":146,"column":16},"end":{"line":146,"column":54}},"68":{"start":{"line":149,"column":4},"end":{"line":149,"column":32}},"69":{"start":{"line":150,"column":4},"end":{"line":150,"column":38}},"70":{"start":{"line":155,"column":14},"end":{"line":155,"column":31}},"71":{"start":{"line":158,"column":16},"end":{"line":158,"column":48}},"72":{"start":{"line":161,"column":4},"end":{"line":161,"column":32}},"73":{"start":{"line":162,"column":4},"end":{"line":162,"column":48}},"74":{"start":{"line":163,"column":4},"end":{"line":163,"column":55}},"75":{"start":{"line":164,"column":4},"end":{"line":164,"column":54}},"76":{"start":{"line":165,"column":4},"end":{"line":165,"column":54}},"77":{"start":{"line":166,"column":4},"end":{"line":166,"column":57}},"78":{"start":{"line":167,"column":4},"end":{"line":167,"column":54}},"79":{"start":{"line":172,"column":14},"end":{"line":172,"column":20}},"80":{"start":{"line":175,"column":16},"end":{"line":175,"column":38}},"81":{"start":{"line":178,"column":4},"end":{"line":178,"column":35}},"82":{"start":{"line":179,"column":4},"end":{"line":179,"column":68}},"83":{"start":{"line":185,"column":8},"end":{"line":191,"column":9}},"84":{"start":{"line":193,"column":14},"end":{"line":193,"column":20}},"85":{"start":{"line":196,"column":16},"end":{"line":196,"column":54}},"86":{"start":{"line":199,"column":4},"end":{"line":199,"column":32}},"87":{"start":{"line":200,"column":4},"end":{"line":200,"column":66}},"88":{"start":{"line":206,"column":8},"end":{"line":209,"column":9}},"89":{"start":{"line":211,"column":14},"end":{"line":211,"column":31}},"90":{"start":{"line":214,"column":16},"end":{"line":214,"column":53}},"91":{"start":{"line":217,"column":4},"end":{"line":217,"column":32}},"92":{"start":{"line":223,"column":8},"end":{"line":226,"column":9}},"93":{"start":{"line":228,"column":14},"end":{"line":228,"column":28}},"94":{"start":{"line":231,"column":16},"end":{"line":231,"column":53}},"95":{"start":{"line":234,"column":4},"end":{"line":234,"column":32}},"96":{"start":{"line":240,"column":8},"end":{"line":245,"column":9}},"97":{"start":{"line":247,"column":14},"end":{"line":247,"column":39}},"98":{"start":{"line":250,"column":16},"end":{"line":250,"column":53}},"99":{"start":{"line":253,"column":4},"end":{"line":253,"column":32}},"100":{"start":{"line":259,"column":8},"end":{"line":263,"column":9}},"101":{"start":{"line":265,"column":14},"end":{"line":265,"column":35}},"102":{"start":{"line":268,"column":16},"end":{"line":268,"column":53}},"103":{"start":{"line":271,"column":4},"end":{"line":271,"column":32}},"104":{"start":{"line":277,"column":8},"end":{"line":286,"column":9}},"105":{"start":{"line":288,"column":14},"end":{"line":288,"column":22}},"106":{"start":{"line":291,"column":16},"end":{"line":291,"column":54}},"107":{"start":{"line":294,"column":4},"end":{"line":294,"column":32}},"108":{"start":{"line":299,"column":16},"end":{"line":299,"column":40}},"109":{"start":{"line":302,"column":21},"end":{"line":302,"column":43}},"110":{"start":{"line":305,"column":4},"end":{"line":305,"column":37}},"111":{"start":{"line":307,"column":4},"end":{"line":307,"column":85}},"112":{"start":{"line":308,"column":4},"end":{"line":308,"column":91}},"113":{"start":{"line":309,"column":4},"end":{"line":309,"column":74}},"114":{"start":{"line":310,"column":4},"end":{"line":310,"column":74}},"115":{"start":{"line":311,"column":4},"end":{"line":311,"column":90}},"116":{"start":{"line":312,"column":4},"end":{"line":312,"column":88}},"117":{"start":{"line":313,"column":4},"end":{"line":313,"column":98}},"118":{"start":{"line":314,"column":4},"end":{"line":314,"column":113}},"119":{"start":{"line":315,"column":4},"end":{"line":315,"column":76}},"120":{"start":{"line":320,"column":16},"end":{"line":320,"column":24}},"121":{"start":{"line":322,"column":8},"end":{"line":327,"column":9}},"122":{"start":{"line":330,"column":21},"end":{"line":330,"column":59}},"123":{"start":{"line":333,"column":4},"end":{"line":333,"column":37}},"124":{"start":{"line":338,"column":16},"end":{"line":338,"column":43}},"125":{"start":{"line":341,"column":21},"end":{"line":341,"column":43}},"126":{"start":{"line":344,"column":4},"end":{"line":344,"column":37}},"127":{"start":{"line":345,"column":4},"end":{"line":345,"column":58}},"128":{"start":{"line":346,"column":4},"end":{"line":346,"column":52}},"129":{"start":{"line":347,"column":4},"end":{"line":347,"column":59}},"130":{"start":{"line":348,"column":4},"end":{"line":348,"column":64}},"131":{"start":{"line":349,"column":4},"end":{"line":349,"column":58}},"132":{"start":{"line":351,"column":4},"end":{"line":351,"column":29}},"133":{"start":{"line":356,"column":16},"end":{"line":356,"column":34}},"134":{"start":{"line":359,"column":21},"end":{"line":359,"column":43}},"135":{"start":{"line":362,"column":4},"end":{"line":362,"column":37}},"136":{"start":{"line":363,"column":4},"end":{"line":363,"column":58}},"137":{"start":{"line":364,"column":4},"end":{"line":364,"column":52}},"138":{"start":{"line":365,"column":4},"end":{"line":365,"column":59}},"139":{"start":{"line":366,"column":4},"end":{"line":366,"column":64}},"140":{"start":{"line":367,"column":4},"end":{"line":367,"column":58}},"141":{"start":{"line":372,"column":16},"end":{"line":372,"column":46}},"142":{"start":{"line":375,"column":21},"end":{"line":375,"column":43}},"143":{"start":{"line":378,"column":4},"end":{"line":378,"column":37}},"144":{"start":{"line":379,"column":4},"end":{"line":379,"column":64}},"145":{"start":{"line":384,"column":16},"end":{"line":384,"column":37}},"146":{"start":{"line":386,"column":8},"end":{"line":389,"column":9}},"147":{"start":{"line":392,"column":21},"end":{"line":392,"column":58}},"148":{"start":{"line":395,"column":4},"end":{"line":395,"column":37}},"149":{"start":{"line":396,"column":4},"end":{"line":396,"column":45}},"150":{"start":{"line":399,"column":0},"end":{"line":405,"column":1}}},"fnMap":{"0":{"name":"testCreateOrder","decl":{"start":{"line":29,"column":15},"end":{"line":29,"column":30}},"loc":{"start":{"line":29,"column":33},"end":{"line":47,"column":1}},"line":29},"1":{"name":"testGetUserOrder","decl":{"start":{"line":49,"column":15},"end":{"line":49,"column":31}},"loc":{"start":{"line":49,"column":34},"end":{"line":68,"column":1}},"line":49},"2":{"name":"testGetTableOrder","decl":{"start":{"line":70,"column":15},"end":{"line":70,"column":32}},"loc":{"start":{"line":70,"column":35},"end":{"line":89,"column":1}},"line":70},"3":{"name":"testGetMenu","decl":{"start":{"line":91,"column":15},"end":{"line":91,"column":26}},"loc":{"start":{"line":91,"column":29},"end":{"line":111,"column":1}},"line":91},"4":{"name":"testGetRecommendation","decl":{"start":{"line":113,"column":15},"end":{"line":113,"column":36}},"loc":{"start":{"line":113,"column":39},"end":{"line":123,"column":1}},"line":113},"5":{"name":"testAddOrderedItems","decl":{"start":{"line":125,"column":15},"end":{"line":125,"column":34}},"loc":{"start":{"line":125,"column":37},"end":{"line":151,"column":1}},"line":125},"6":{"name":"testGetOrderedItems","decl":{"start":{"line":153,"column":15},"end":{"line":153,"column":34}},"loc":{"start":{"line":153,"column":37},"end":{"line":168,"column":1}},"line":153},"7":{"name":"testGetStripeKey","decl":{"start":{"line":170,"column":15},"end":{"line":170,"column":31}},"loc":{"start":{"line":170,"column":34},"end":{"line":180,"column":1}},"line":170},"8":{"name":"testCreateStripePayment","decl":{"start":{"line":182,"column":15},"end":{"line":182,"column":38}},"loc":{"start":{"line":182,"column":41},"end":{"line":201,"column":1}},"line":182},"9":{"name":"testTableSessionDone","decl":{"start":{"line":203,"column":15},"end":{"line":203,"column":35}},"loc":{"start":{"line":203,"column":37},"end":{"line":218,"column":1}},"line":203},"10":{"name":"testPaidStatusDone","decl":{"start":{"line":220,"column":15},"end":{"line":220,"column":33}},"loc":{"start":{"line":220,"column":35},"end":{"line":235,"column":1}},"line":220},"11":{"name":"testOrderedItemSelected","decl":{"start":{"line":237,"column":15},"end":{"line":237,"column":38}},"loc":{"start":{"line":237,"column":40},"end":{"line":254,"column":1}},"line":237},"12":{"name":"testOrderedItemPaid","decl":{"start":{"line":256,"column":15},"end":{"line":256,"column":34}},"loc":{"start":{"line":256,"column":36},"end":{"line":272,"column":1}},"line":256},"13":{"name":"testAddToMenu","decl":{"start":{"line":274,"column":15},"end":{"line":274,"column":28}},"loc":{"start":{"line":274,"column":31},"end":{"line":295,"column":1}},"line":274},"14":{"name":"testGetMenuLatestItem","decl":{"start":{"line":297,"column":15},"end":{"line":297,"column":36}},"loc":{"start":{"line":297,"column":39},"end":{"line":316,"column":1}},"line":297},"15":{"name":"testCreateUser","decl":{"start":{"line":318,"column":15},"end":{"line":318,"column":29}},"loc":{"start":{"line":318,"column":32},"end":{"line":334,"column":1}},"line":318},"16":{"name":"testGetUserByGoogleId","decl":{"start":{"line":336,"column":15},"end":{"line":336,"column":36}},"loc":{"start":{"line":336,"column":39},"end":{"line":352,"column":1}},"line":336},"17":{"name":"testGetUserByUserId","decl":{"start":{"line":354,"column":15},"end":{"line":354,"column":34}},"loc":{"start":{"line":354,"column":37},"end":{"line":368,"column":1}},"line":354},"18":{"name":"testGetUserPreferences","decl":{"start":{"line":370,"column":15},"end":{"line":370,"column":37}},"loc":{"start":{"line":370,"column":40},"end":{"line":380,"column":1}},"line":370},"19":{"name":"testUpdateUserPreferences","decl":{"start":{"line":382,"column":15},"end":{"line":382,"column":40}},"loc":{"start":{"line":382,"column":43},"end":{"line":397,"column":1}},"line":382}},"branchMap":{},"s":{"0":7,"1":7,"2":7,"3":7,"4":7,"5":7,"6":7,"7":7,"8":7,"9":7,"10":7,"11":7,"12":7,"13":7,"14":7,"15":7,"16":7,"17":7,"18":7,"19":7,"20":7,"21":7,"22":7,"23":7,"24":6,"25":6,"26":6,"27":6,"28":6,"29":6,"30":6,"31":6,"32":6,"33":6,"34":6,"35":6,"36":2,"37":2,"38":2,"39":2,"40":2,"41":2,"42":2,"43":2,"44":2,"45":2,"46":2,"47":2,"48":3,"49":3,"50":3,"51":3,"52":3,"53":3,"54":3,"55":3,"56":3,"57":3,"58":3,"59":3,"60":3,"61":1,"62":1,"63":1,"64":1,"65":6,"66":6,"67":6,"68":6,"69":6,"70":2,"71":2,"72":2,"73":2,"74":2,"75":2,"76":2,"77":2,"78":2,"79":2,"80":2,"81":2,"82":2,"83":2,"84":2,"85":2,"86":2,"87":2,"88":1,"89":1,"90":1,"91":1,"92":1,"93":1,"94":1,"95":1,"96":1,"97":1,"98":1,"99":1,"100":2,"101":2,"102":2,"103":2,"104":1,"105":1,"106":1,"107":1,"108":1,"109":1,"110":1,"111":1,"112":1,"113":1,"114":1,"115":1,"116":1,"117":1,"118":1,"119":1,"120":1,"121":1,"122":1,"123":1,"124":1,"125":1,"126":1,"127":1,"128":1,"129":1,"130":1,"131":1,"132":1,"133":1,"134":1,"135":1,"136":1,"137":1,"138":1,"139":1,"140":1,"141":2,"142":2,"143":2,"144":2,"145":1,"146":1,"147":1,"148":1,"149":1,"150":7},"f":{"0":7,"1":6,"2":2,"3":3,"4":1,"5":6,"6":2,"7":2,"8":2,"9":1,"10":1,"11":1,"12":2,"13":1,"14":1,"15":1,"16":1,"17":1,"18":2,"19":1},"b":{},"_coverageSchema":"1a1c01bbd47fc00a2c39e90264f33305004495a9","hash":"f227383ba762d9f6b1b85710eafcf79c18bac47c"}
,"/home/modernwaiter/CPEN321-ModernWaiter/BackEnd/tests/integration_tests/test_functions_invalid.js": {"path":"/home/modernwaiter/CPEN321-ModernWaiter/BackEnd/tests/integration_tests/test_functions_invalid.js","statementMap":{"0":{"start":{"line":1,"column":12},"end":{"line":1,"column":43}},"1":{"start":{"line":2,"column":18},"end":{"line":2,"column":38}},"2":{"start":{"line":3,"column":16},"end":{"line":3,"column":30}},"3":{"start":{"line":6,"column":13},"end":{"line":6,"column":14}},"4":{"start":{"line":7,"column":19},"end":{"line":7,"column":20}},"5":{"start":{"line":8,"column":14},"end":{"line":8,"column":15}},"6":{"start":{"line":9,"column":13},"end":{"line":9,"column":15}},"7":{"start":{"line":12,"column":11},"end":{"line":12,"column":21}},"8":{"start":{"line":13,"column":11},"end":{"line":13,"column":18}},"9":{"start":{"line":14,"column":11},"end":{"line":14,"column":17}},"10":{"start":{"line":15,"column":18},"end":{"line":15,"column":23}},"11":{"start":{"line":16,"column":15},"end":{"line":16,"column":20}},"12":{"start":{"line":17,"column":22},"end":{"line":17,"column":25}},"13":{"start":{"line":18,"column":12},"end":{"line":18,"column":14}},"14":{"start":{"line":21,"column":16},"end":{"line":21,"column":36}},"15":{"start":{"line":22,"column":15},"end":{"line":22,"column":45}},"16":{"start":{"line":23,"column":15},"end":{"line":23,"column":41}},"17":{"start":{"line":24,"column":12},"end":{"line":24,"column":62}},"18":{"start":{"line":25,"column":18},"end":{"line":25,"column":27}},"19":{"start":{"line":27,"column":18},"end":{"line":27,"column":25}},"20":{"start":{"line":51,"column":21},"end":{"line":51,"column":22}},"21":{"start":{"line":52,"column":16},"end":{"line":52,"column":69}},"22":{"start":{"line":55,"column":21},"end":{"line":55,"column":43}},"23":{"start":{"line":58,"column":4},"end":{"line":58,"column":37}},"24":{"start":{"line":63,"column":21},"end":{"line":63,"column":22}},"25":{"start":{"line":64,"column":16},"end":{"line":64,"column":70}},"26":{"start":{"line":67,"column":21},"end":{"line":67,"column":43}},"27":{"start":{"line":70,"column":4},"end":{"line":70,"column":37}},"28":{"start":{"line":188,"column":8},"end":{"line":191,"column":9}},"29":{"start":{"line":193,"column":14},"end":{"line":193,"column":31}},"30":{"start":{"line":196,"column":16},"end":{"line":196,"column":53}},"31":{"start":{"line":199,"column":4},"end":{"line":199,"column":32}},"32":{"start":{"line":204,"column":8},"end":{"line":207,"column":9}},"33":{"start":{"line":209,"column":14},"end":{"line":209,"column":28}},"34":{"start":{"line":212,"column":16},"end":{"line":212,"column":53}},"35":{"start":{"line":215,"column":4},"end":{"line":215,"column":32}},"36":{"start":{"line":383,"column":16},"end":{"line":383,"column":25}},"37":{"start":{"line":385,"column":8},"end":{"line":392,"column":9}},"38":{"start":{"line":395,"column":21},"end":{"line":395,"column":54}},"39":{"start":{"line":398,"column":4},"end":{"line":398,"column":37}},"40":{"start":{"line":403,"column":16},"end":{"line":403,"column":63}},"41":{"start":{"line":406,"column":21},"end":{"line":406,"column":43}},"42":{"start":{"line":409,"column":4},"end":{"line":409,"column":37}},"43":{"start":{"line":412,"column":0},"end":{"line":420,"column":1}}},"fnMap":{"0":{"name":"testGetUserOrderInvalid","decl":{"start":{"line":49,"column":15},"end":{"line":49,"column":38}},"loc":{"start":{"line":49,"column":41},"end":{"line":59,"column":1}},"line":49},"1":{"name":"testGetTableOrderInvalid","decl":{"start":{"line":61,"column":15},"end":{"line":61,"column":39}},"loc":{"start":{"line":61,"column":42},"end":{"line":71,"column":1}},"line":61},"2":{"name":"testTableSessionDoneInvalid","decl":{"start":{"line":185,"column":15},"end":{"line":185,"column":42}},"loc":{"start":{"line":185,"column":44},"end":{"line":200,"column":1}},"line":185},"3":{"name":"testPaidStatusDoneInvalid","decl":{"start":{"line":201,"column":15},"end":{"line":201,"column":40}},"loc":{"start":{"line":201,"column":42},"end":{"line":216,"column":1}},"line":201},"4":{"name":"testCreateOrderInvalid","decl":{"start":{"line":381,"column":15},"end":{"line":381,"column":37}},"loc":{"start":{"line":381,"column":40},"end":{"line":399,"column":1}},"line":381},"5":{"name":"testGetRecommendationInvalid","decl":{"start":{"line":401,"column":15},"end":{"line":401,"column":43}},"loc":{"start":{"line":401,"column":46},"end":{"line":410,"column":1}},"line":401}},"branchMap":{},"s":{"0":2,"1":2,"2":2,"3":2,"4":2,"5":2,"6":2,"7":2,"8":2,"9":2,"10":2,"11":2,"12":2,"13":2,"14":2,"15":2,"16":2,"17":2,"18":2,"19":2,"20":1,"21":1,"22":1,"23":1,"24":1,"25":1,"26":1,"27":1,"28":1,"29":1,"30":1,"31":1,"32":1,"33":1,"34":1,"35":1,"36":1,"37":1,"38":1,"39":1,"40":1,"41":1,"42":1,"43":2},"f":{"0":1,"1":1,"2":1,"3":1,"4":1,"5":1},"b":{},"_coverageSchema":"1a1c01bbd47fc00a2c39e90264f33305004495a9","hash":"5a74259cb4962722545be9d3cd8a95ac9e13a636"}
}
