TN:
SF:backend_server.js
FN:19,(anonymous_0)
FN:24,(anonymous_1)
FN:80,(anonymous_2)
FN:88,(anonymous_3)
FN:97,(anonymous_4)
FN:105,(anonymous_5)
FNF:6
FNH:1
FNDA:7,(anonymous_0)
FNDA:0,(anonymous_1)
FNDA:0,(anonymous_2)
FNDA:0,(anonymous_3)
FNDA:0,(anonymous_4)
FNDA:0,(anonymous_5)
DA:1,7
DA:2,7
DA:3,7
DA:4,7
DA:5,7
DA:6,7
DA:8,7
DA:9,7
DA:10,7
DA:11,7
DA:12,7
DA:13,7
DA:14,7
DA:15,7
DA:17,7
DA:19,7
DA:20,7
DA:21,7
DA:23,7
DA:24,0
DA:25,0
DA:26,0
DA:34,7
DA:35,7
DA:38,7
DA:39,7
DA:40,7
DA:41,7
DA:44,7
DA:45,7
DA:46,7
DA:47,7
DA:48,7
DA:51,7
DA:52,7
DA:55,7
DA:58,7
DA:59,7
DA:62,7
DA:65,7
DA:66,7
DA:67,7
DA:68,7
DA:69,7
DA:80,7
DA:81,0
DA:82,0
DA:83,0
DA:84,0
DA:85,0
DA:88,7
DA:89,0
DA:90,0
DA:91,0
DA:92,0
DA:93,0
DA:97,7
DA:98,0
DA:99,0
DA:100,0
DA:101,0
DA:105,7
DA:106,0
DA:109,7
LF:64
LH:46
BRDA:20,0,0,0
BRDA:20,0,1,7
BRDA:23,1,0,0
BRDA:23,1,1,7
BRF:4
BRH:2
end_of_record
TN:
SF:push_notification.js
FN:18,subscribe
FN:24,(anonymous_1)
FN:30,(anonymous_2)
FN:39,unsubscribe
FN:44,(anonymous_4)
FN:49,(anonymous_5)
FN:55,push_notification_payment_done
FN:68,(anonymous_7)
FN:72,(anonymous_8)
FN:77,push_notification_order_received
FN:90,(anonymous_10)
FN:94,(anonymous_11)
FN:100,push_notification_item_claimed
FN:112,(anonymous_13)
FN:116,(anonymous_14)
FNF:15
FNH:6
FNDA:0,subscribe
FNDA:0,(anonymous_1)
FNDA:0,(anonymous_2)
FNDA:0,unsubscribe
FNDA:0,(anonymous_4)
FNDA:0,(anonymous_5)
FNDA:4,push_notification_payment_done
FNDA:3,(anonymous_7)
FNDA:0,(anonymous_8)
FNDA:9,push_notification_order_received
FNDA:5,(anonymous_10)
FNDA:0,(anonymous_11)
FNDA:2,push_notification_item_claimed
FNDA:1,(anonymous_13)
FNDA:0,(anonymous_14)
DA:7,7
DA:8,7
DA:9,7
DA:10,7
DA:12,7
DA:19,0
DA:22,0
DA:23,0
DA:27,0
DA:28,0
DA:31,0
DA:32,0
DA:40,0
DA:43,0
DA:47,0
DA:50,0
DA:56,4
DA:57,4
DA:59,4
DA:67,4
DA:70,3
DA:73,0
DA:78,9
DA:79,9
DA:81,9
DA:89,9
DA:92,5
DA:95,0
DA:101,2
DA:102,2
DA:104,2
DA:111,2
DA:114,1
DA:117,0
DA:120,7
LF:35
LH:21
BRF:0
BRH:0
end_of_record
TN:
SF:recommendation_logic.js
FN:7,jensenShannonDivergenceCalculator
FN:13,(anonymous_1)
FN:27,(anonymous_2)
FN:58,(anonymous_3)
FN:99,getRecommendation
FN:104,(anonymous_5)
FN:112,(anonymous_6)
FN:124,normalizeStringToArray
FNF:8
FNH:7
FNDA:65,jensenShannonDivergenceCalculator
FNDA:260,(anonymous_1)
FNDA:65,(anonymous_2)
FNDA:325,(anonymous_3)
FNDA:1,getRecommendation
FNDA:65,(anonymous_5)
FNDA:0,(anonymous_6)
FNDA:66,normalizeStringToArray
DA:8,65
DA:9,65
DA:10,65
DA:13,65
DA:14,260
DA:15,0
DA:18,260
DA:21,260
DA:22,260
DA:27,65
DA:28,65
DA:29,0
DA:32,65
DA:35,65
DA:36,65
DA:41,65
DA:43,65
DA:44,65
DA:45,65
DA:47,65
DA:58,65
DA:59,325
DA:60,260
DA:62,65
DA:65,325
DA:66,65
DA:68,260
DA:71,325
DA:73,325
DA:74,260
DA:76,65
DA:79,325
DA:80,65
DA:82,260
DA:85,325
DA:88,65
DA:90,65
DA:100,1
DA:101,1
DA:102,1
DA:104,1
DA:105,65
DA:106,65
DA:107,65
DA:110,1
DA:111,1
DA:112,1
DA:113,1
DA:115,1
DA:125,66
DA:132,7
LF:51
LH:49
BRDA:14,0,0,0
BRDA:14,0,1,260
BRDA:21,1,0,260
BRDA:21,1,1,0
BRDA:28,2,0,0
BRDA:28,2,1,65
BRDA:35,3,0,65
BRDA:35,3,1,0
BRDA:59,4,0,260
BRDA:59,4,1,65
BRDA:65,5,0,65
BRDA:65,5,1,260
BRDA:73,6,0,260
BRDA:73,6,1,65
BRDA:79,7,0,65
BRDA:79,7,1,260
BRF:16
BRH:12
end_of_record
TN:
SF:sql_connection.js
FN:4,getConnection
FNF:1
FNH:1
FNDA:56,getConnection
DA:1,7
DA:2,7
DA:5,56
DA:15,7
LF:4
LH:4
BRF:0
BRH:0
end_of_record
TN:
SF:routes/items.js
FN:12,getMenu
FN:22,(anonymous_1)
FN:37,addToMenu
FN:54,(anonymous_3)
FN:65,getItemName
FN:67,(anonymous_5)
FNF:6
FNH:4
FNDA:4,getMenu
FNDA:4,(anonymous_1)
FNDA:1,addToMenu
FNDA:1,(anonymous_3)
FNDA:0,getItemName
FNDA:0,(anonymous_5)
DA:1,7
DA:2,7
DA:3,7
DA:13,4
DA:14,4
DA:16,4
DA:17,0
DA:18,0
DA:21,4
DA:22,4
DA:23,4
DA:24,0
DA:25,0
DA:27,4
DA:28,4
DA:38,1
DA:39,1
DA:40,1
DA:41,1
DA:42,1
DA:43,1
DA:44,1
DA:45,1
DA:46,1
DA:48,1
DA:49,0
DA:50,0
DA:53,1
DA:54,1
DA:55,1
DA:57,0
DA:58,0
DA:60,1
DA:61,1
DA:66,0
DA:67,0
DA:68,0
DA:69,0
DA:72,0
DA:77,7
LF:40
LH:27
BRDA:16,0,0,0
BRDA:16,0,1,4
BRDA:23,1,0,0
BRDA:23,1,1,4
BRDA:48,2,0,0
BRDA:48,2,1,1
BRDA:48,3,0,1
BRDA:48,3,1,1
BRDA:48,3,2,1
BRDA:55,4,0,0
BRDA:55,4,1,1
BRDA:68,5,0,0
BRDA:68,5,1,0
BRF:13
BRH:7
end_of_record
TN:
SF:routes/ordered_items.js
FN:13,getOrderedItems
FN:23,(anonymous_1)
FN:36,addOrderedItems
FN:50,(anonymous_3)
FN:62,updateSelectedStatus
FN:76,(anonymous_5)
FN:89,updateOrderedItemPaidStatus
FN:103,(anonymous_7)
FNF:8
FNH:8
FNDA:3,getOrderedItems
FNDA:2,(anonymous_1)
FNDA:10,addOrderedItems
FNDA:24,(anonymous_3)
FNDA:3,updateSelectedStatus
FNDA:2,(anonymous_5)
FNDA:4,updateOrderedItemPaidStatus
FNDA:3,(anonymous_7)
DA:1,7
DA:2,7
DA:3,7
DA:4,7
DA:14,3
DA:16,3
DA:17,3
DA:18,1
DA:19,1
DA:22,2
DA:23,2
DA:24,2
DA:25,2
DA:37,10
DA:38,10
DA:40,10
DA:41,28
DA:42,28
DA:44,28
DA:45,1
DA:46,1
DA:49,27
DA:50,27
DA:52,9
DA:53,9
DA:54,9
DA:63,3
DA:64,3
DA:65,3
DA:66,3
DA:67,3
DA:69,3
DA:70,1
DA:71,1
DA:74,2
DA:75,2
DA:76,2
DA:77,2
DA:78,2
DA:79,2
DA:80,2
DA:90,4
DA:91,4
DA:92,4
DA:94,4
DA:95,1
DA:96,1
DA:99,3
DA:100,3
DA:102,3
DA:103,3
DA:104,3
DA:105,3
DA:109,7
LF:54
LH:54
BRDA:17,0,0,1
BRDA:17,0,1,2
BRDA:44,1,0,1
BRDA:44,1,1,27
BRDA:44,2,0,28
BRDA:44,2,1,27
BRDA:67,3,0,1
BRDA:67,3,1,2
BRDA:69,4,0,1
BRDA:69,4,1,2
BRDA:69,5,0,3
BRDA:69,5,1,2
BRDA:69,5,2,2
BRDA:69,5,3,2
BRDA:74,6,0,1
BRDA:74,6,1,1
BRDA:94,7,0,1
BRDA:94,7,1,3
BRDA:94,8,0,4
BRDA:94,8,1,3
BRDA:94,8,2,3
BRDA:99,9,0,2
BRDA:99,9,1,1
BRF:23
BRH:23
end_of_record
TN:
SF:routes/orders.js
FN:11,createOrder
FN:27,(anonymous_1)
FN:39,getUserOrder
FN:51,(anonymous_3)
FN:63,getTableOrder
FN:75,(anonymous_5)
FN:90,updateOrderSessionStatus
FN:102,(anonymous_7)
FN:117,updateOrderPaidStatus
FN:129,(anonymous_9)
FNF:10
FNH:10
FNDA:12,createOrder
FNDA:11,(anonymous_1)
FNDA:10,getUserOrder
FNDA:9,(anonymous_3)
FNDA:4,getTableOrder
FNDA:3,(anonymous_5)
FNDA:2,updateOrderSessionStatus
FNDA:1,(anonymous_7)
FNDA:2,updateOrderPaidStatus
FNDA:1,(anonymous_9)
DA:1,7
DA:2,7
DA:3,7
DA:4,7
DA:12,12
DA:13,12
DA:14,12
DA:15,12
DA:16,12
DA:17,12
DA:18,12
DA:20,12
DA:21,1
DA:22,1
DA:25,11
DA:27,11
DA:28,11
DA:29,11
DA:40,10
DA:42,10
DA:43,10
DA:45,10
DA:46,1
DA:47,1
DA:50,9
DA:51,9
DA:52,9
DA:53,9
DA:64,4
DA:66,4
DA:67,4
DA:69,4
DA:70,1
DA:71,1
DA:74,3
DA:75,3
DA:76,3
DA:77,3
DA:91,2
DA:93,2
DA:94,2
DA:96,2
DA:97,1
DA:98,1
DA:101,1
DA:102,1
DA:103,1
DA:104,1
DA:118,2
DA:120,2
DA:121,2
DA:123,2
DA:124,1
DA:125,1
DA:128,1
DA:129,1
DA:130,1
DA:131,1
DA:135,7
LF:59
LH:59
BRDA:20,0,0,1
BRDA:20,0,1,11
BRDA:20,1,0,12
BRDA:20,1,1,11
BRDA:20,1,2,11
BRDA:20,1,3,11
BRDA:45,2,0,1
BRDA:45,2,1,9
BRDA:45,3,0,10
BRDA:45,3,1,9
BRDA:69,4,0,1
BRDA:69,4,1,3
BRDA:69,5,0,4
BRDA:69,5,1,3
BRDA:96,6,0,1
BRDA:96,6,1,1
BRDA:96,7,0,2
BRDA:96,7,1,1
BRDA:123,8,0,1
BRDA:123,8,1,1
BRDA:123,9,0,2
BRDA:123,9,1,1
BRF:22
BRH:22
end_of_record
TN:
SF:routes/payment.js
FN:12,getStripeKey
FN:23,createStripePayment
FN:39,(anonymous_2)
FNF:3
FNH:3
FNDA:4,getStripeKey
FNDA:4,createStripePayment
FNDA:4,(anonymous_2)
DA:1,7
DA:2,7
DA:3,7
DA:4,7
DA:13,4
DA:14,4
DA:15,4
DA:24,4
DA:26,4
DA:27,4
DA:28,4
DA:29,4
DA:30,4
DA:31,4
DA:32,4
DA:34,4
DA:35,0
DA:36,0
DA:39,4
DA:41,4
DA:45,0
DA:52,0
DA:58,4
DA:62,4
DA:64,4
DA:67,4
DA:78,0
DA:81,0
DA:84,4
DA:85,4
DA:86,4
DA:87,4
DA:91,0
DA:92,0
DA:96,7
LF:35
LH:27
BRDA:34,0,0,0
BRDA:34,0,1,4
BRDA:41,1,0,0
BRDA:41,1,1,0
BRDA:41,1,2,0
BRDA:41,1,3,0
BRDA:41,1,4,4
BRDA:64,2,0,4
BRDA:64,2,1,0
BRDA:78,3,0,0
BRDA:78,3,1,0
BRF:11
BRH:3
end_of_record
TN:
SF:routes/recommendation.js
FN:14,getItemRecommendation
FN:31,(anonymous_1)
FN:34,(anonymous_2)
FN:38,(anonymous_3)
FNF:4
FNH:4
FNDA:2,getItemRecommendation
FNDA:1,(anonymous_1)
FNDA:1,(anonymous_2)
FNDA:65,(anonymous_3)
DA:1,7
DA:2,7
DA:3,7
DA:4,7
DA:15,2
DA:17,2
DA:18,2
DA:20,2
DA:21,1
DA:22,1
DA:25,1
DA:26,1
DA:28,1
DA:29,1
DA:31,1
DA:32,1
DA:34,1
DA:35,1
DA:36,1
DA:38,1
DA:39,65
DA:42,1
DA:43,1
DA:44,1
DA:49,7
LF:25
LH:25
BRDA:20,0,0,1
BRDA:20,0,1,1
BRDA:20,1,0,2
BRDA:20,1,1,1
BRF:4
BRH:4
end_of_record
TN:
SF:routes/restaurants.js
FN:12,getRestaurant
FN:22,(anonymous_1)
FN:33,addRestaurant
FN:47,(anonymous_3)
FNF:4
FNH:4
FNDA:2,getRestaurant
FNDA:1,(anonymous_1)
FNDA:4,addRestaurant
FNDA:3,(anonymous_3)
DA:1,7
DA:2,7
DA:3,7
DA:13,2
DA:15,2
DA:16,2
DA:17,1
DA:18,1
DA:21,1
DA:22,1
DA:23,1
DA:24,1
DA:34,4
DA:35,4
DA:36,4
DA:38,4
DA:39,1
DA:40,1
DA:43,3
DA:44,3
DA:46,3
DA:47,3
DA:48,3
DA:49,1
DA:50,1
DA:52,2
DA:53,2
DA:56,7
LF:28
LH:28
BRDA:16,0,0,1
BRDA:16,0,1,1
BRDA:38,1,0,1
BRDA:38,1,1,3
BRDA:38,2,0,4
BRDA:38,2,1,3
BRDA:48,3,0,1
BRDA:48,3,1,2
BRF:8
BRH:8
end_of_record
TN:
SF:routes/tables.js
FN:13,getTable
FN:23,(anonymous_1)
FN:39,addTable
FN:49,(anonymous_3)
FNF:4
FNH:0
FNDA:0,getTable
FNDA:0,(anonymous_1)
FNDA:0,addTable
FNDA:0,(anonymous_3)
DA:1,7
DA:2,7
DA:3,7
DA:14,0
DA:16,0
DA:17,0
DA:18,0
DA:19,0
DA:22,0
DA:23,0
DA:24,0
DA:25,0
DA:26,0
DA:28,0
DA:29,0
DA:40,0
DA:42,0
DA:43,0
DA:44,0
DA:45,0
DA:48,0
DA:49,0
DA:50,0
DA:51,0
DA:52,0
DA:54,0
DA:55,0
DA:58,7
LF:28
LH:4
BRDA:17,0,0,0
BRDA:17,0,1,0
BRDA:24,1,0,0
BRDA:24,1,1,0
BRDA:43,2,0,0
BRDA:43,2,1,0
BRDA:50,3,0,0
BRDA:50,3,1,0
BRF:8
BRH:0
end_of_record
TN:
SF:routes/users.js
FN:12,getUserById
FN:22,(anonymous_1)
FN:39,getUserByGoogleId
FN:43,(anonymous_3)
FN:59,addUser
FN:69,(anonymous_5)
FN:85,getUserPreferences
FN:95,(anonymous_7)
FN:111,updateUserPreferences
FN:123,(anonymous_9)
FN:133,getUserName
FN:135,(anonymous_11)
FNF:12
FNH:10
FNDA:1,getUserById
FNDA:1,(anonymous_1)
FNDA:1,getUserByGoogleId
FNDA:1,(anonymous_3)
FNDA:1,addUser
FNDA:1,(anonymous_5)
FNDA:2,getUserPreferences
FNDA:2,(anonymous_7)
FNDA:1,updateUserPreferences
FNDA:1,(anonymous_9)
FNDA:0,getUserName
FNDA:0,(anonymous_11)
DA:1,7
DA:2,7
DA:3,7
DA:13,1
DA:15,1
DA:16,1
DA:17,0
DA:18,0
DA:21,1
DA:22,1
DA:23,1
DA:24,0
DA:25,0
DA:27,1
DA:28,1
DA:40,1
DA:41,1
DA:42,1
DA:43,1
DA:44,1
DA:45,0
DA:46,0
DA:48,1
DA:49,1
DA:60,1
DA:61,1
DA:62,1
DA:63,1
DA:64,1
DA:65,1
DA:66,1
DA:68,1
DA:69,1
DA:70,1
DA:71,0
DA:72,0
DA:74,1
DA:75,1
DA:86,2
DA:88,2
DA:89,2
DA:90,0
DA:91,0
DA:94,2
DA:95,2
DA:96,2
DA:97,0
DA:98,0
DA:100,2
DA:101,2
DA:112,1
DA:114,1
DA:115,1
DA:116,0
DA:117,0
DA:120,1
DA:122,1
DA:123,1
DA:124,1
DA:125,0
DA:126,0
DA:128,1
DA:129,1
DA:134,0
DA:135,0
DA:136,0
DA:137,0
DA:140,0
DA:145,7
LF:69
LH:48
BRDA:16,0,0,0
BRDA:16,0,1,1
BRDA:23,1,0,0
BRDA:23,1,1,1
BRDA:44,2,0,0
BRDA:44,2,1,1
BRDA:70,3,0,0
BRDA:70,3,1,1
BRDA:89,4,0,0
BRDA:89,4,1,2
BRDA:96,5,0,0
BRDA:96,5,1,2
BRDA:115,6,0,0
BRDA:115,6,1,1
BRDA:124,7,0,0
BRDA:124,7,1,1
BRDA:136,8,0,0
BRDA:136,8,1,0
BRF:18
BRH:8
end_of_record
TN:
SF:tests/integration_tests/test_functions.js
FN:29,testCreateOrder
FN:49,testGetUserOrder
FN:70,testGetTableOrder
FN:91,testGetMenu
FN:113,testGetRecommendation
FN:125,testAddOrderedItems
FN:153,testGetOrderedItems
FN:170,testGetStripeKey
FN:182,testCreateStripePayment
FN:203,testTableSessionDone
FN:220,testPaidStatusDone
FN:237,testOrderedItemSelected
FN:256,testOrderedItemDeselected
FN:275,testOrderedItemPaid
FN:293,testOrderedItemUnpaid
FN:311,testAddToMenu
FN:334,testGetMenuLatestItem
FN:355,testCreateUser
FN:373,testGetUserByGoogleId
FN:391,testGetUserByUserId
FN:407,testGetUserPreferences
FN:419,testUpdateUserPreferences
FN:436,testGetRestaurant
FN:453,testAddRestaurant
FNF:24
FNH:24
FNDA:11,testCreateOrder
FNDA:9,testGetUserOrder
FNDA:3,testGetTableOrder
FNDA:3,testGetMenu
FNDA:1,testGetRecommendation
FNDA:9,testAddOrderedItems
FNDA:2,testGetOrderedItems
FNDA:4,testGetStripeKey
FNDA:4,testCreateStripePayment
FNDA:1,testTableSessionDone
FNDA:1,testPaidStatusDone
FNDA:1,testOrderedItemSelected
FNDA:1,testOrderedItemDeselected
FNDA:2,testOrderedItemPaid
FNDA:1,testOrderedItemUnpaid
FNDA:1,testAddToMenu
FNDA:1,testGetMenuLatestItem
FNDA:1,testCreateUser
FNDA:1,testGetUserByGoogleId
FNDA:1,testGetUserByUserId
FNDA:2,testGetUserPreferences
FNDA:1,testUpdateUserPreferences
FNDA:1,testGetRestaurant
FNDA:2,testAddRestaurant
DA:1,7
DA:2,7
DA:3,7
DA:6,7
DA:7,7
DA:8,7
DA:9,7
DA:12,7
DA:13,7
DA:14,7
DA:15,7
DA:16,7
DA:17,7
DA:18,7
DA:21,7
DA:22,7
DA:23,7
DA:24,7
DA:25,7
DA:27,7
DA:31,11
DA:33,11
DA:43,11
DA:46,11
DA:51,9
DA:52,9
DA:55,9
DA:58,9
DA:59,9
DA:60,9
DA:61,9
DA:62,9
DA:63,9
DA:64,9
DA:65,9
DA:67,9
DA:72,3
DA:73,3
DA:76,3
DA:79,3
DA:80,3
DA:81,3
DA:82,3
DA:83,3
DA:84,3
DA:85,3
DA:86,3
DA:88,3
DA:93,3
DA:96,3
DA:99,3
DA:100,3
DA:101,3
DA:102,3
DA:103,3
DA:104,3
DA:105,3
DA:106,3
DA:107,3
DA:108,3
DA:110,3
DA:115,1
DA:118,1
DA:121,1
DA:122,1
DA:128,9
DA:143,9
DA:146,9
DA:149,9
DA:150,9
DA:155,2
DA:158,2
DA:161,2
DA:162,2
DA:163,2
DA:164,2
DA:165,2
DA:166,2
DA:167,2
DA:172,4
DA:175,4
DA:178,4
DA:179,4
DA:185,4
DA:193,4
DA:196,4
DA:199,4
DA:200,4
DA:206,1
DA:211,1
DA:214,1
DA:217,1
DA:223,1
DA:228,1
DA:231,1
DA:234,1
DA:240,1
DA:247,1
DA:250,1
DA:253,1
DA:259,1
DA:266,1
DA:269,1
DA:272,1
DA:278,2
DA:284,2
DA:287,2
DA:290,2
DA:296,1
DA:302,1
DA:305,1
DA:308,1
DA:314,1
DA:325,1
DA:328,1
DA:331,1
DA:336,1
DA:339,1
DA:342,1
DA:344,1
DA:345,1
DA:346,1
DA:347,1
DA:348,1
DA:349,1
DA:350,1
DA:351,1
DA:352,1
DA:357,1
DA:359,1
DA:367,1
DA:370,1
DA:375,1
DA:378,1
DA:381,1
DA:382,1
DA:383,1
DA:384,1
DA:385,1
DA:386,1
DA:388,1
DA:393,1
DA:396,1
DA:399,1
DA:400,1
DA:401,1
DA:402,1
DA:403,1
DA:404,1
DA:409,2
DA:412,2
DA:415,2
DA:416,2
DA:421,1
DA:423,1
DA:429,1
DA:432,1
DA:433,1
DA:438,1
DA:441,1
DA:444,1
DA:455,2
DA:456,2
DA:464,2
DA:467,2
DA:470,7
LF:166
LH:166
BRF:0
BRH:0
end_of_record
TN:
SF:tests/integration_tests/test_functions_invalid.js
FN:49,testGetUserOrderInvalid
FN:61,testGetTableOrderInvalid
FN:96,testAddOrderedItemsInvalid
FN:123,testGetOrderedItemsInvalid
FN:167,testTableSessionDoneInvalid
FN:184,testPaidStatusDoneInvalid
FN:201,testOrderedItemSelectedInvalid
FN:220,testOrderedItemPaidInvalid
FN:364,testCreateOrderInvalid
FN:384,testGetRecommendationInvalid
FN:396,testGetRestaurantInvalid
FN:407,testAddRestaurantInvalid
FN:424,testAddRestaurantInvalidAlt
FNF:13
FNH:13
FNDA:1,testGetUserOrderInvalid
FNDA:1,testGetTableOrderInvalid
FNDA:1,testAddOrderedItemsInvalid
FNDA:1,testGetOrderedItemsInvalid
FNDA:1,testTableSessionDoneInvalid
FNDA:1,testPaidStatusDoneInvalid
FNDA:1,testOrderedItemSelectedInvalid
FNDA:1,testOrderedItemPaidInvalid
FNDA:1,testCreateOrderInvalid
FNDA:1,testGetRecommendationInvalid
FNDA:1,testGetRestaurantInvalid
FNDA:1,testAddRestaurantInvalid
FNDA:1,testAddRestaurantInvalidAlt
DA:1,5
DA:2,5
DA:3,5
DA:6,5
DA:7,5
DA:8,5
DA:9,5
DA:12,5
DA:13,5
DA:14,5
DA:15,5
DA:16,5
DA:17,5
DA:18,5
DA:21,5
DA:22,5
DA:23,5
DA:24,5
DA:25,5
DA:27,5
DA:51,1
DA:52,1
DA:55,1
DA:58,1
DA:63,1
DA:64,1
DA:67,1
DA:70,1
DA:99,1
DA:114,1
DA:117,1
DA:120,1
DA:125,1
DA:128,1
DA:131,1
DA:170,1
DA:175,1
DA:178,1
DA:181,1
DA:187,1
DA:192,1
DA:195,1
DA:198,1
DA:204,1
DA:211,1
DA:214,1
DA:217,1
DA:223,1
DA:229,1
DA:232,1
DA:235,1
DA:366,1
DA:368,1
DA:378,1
DA:381,1
DA:386,1
DA:389,1
DA:392,1
DA:398,1
DA:401,1
DA:404,1
DA:409,1
DA:410,1
DA:418,1
DA:421,1
DA:426,1
DA:427,1
DA:433,1
DA:436,1
DA:439,5
LF:70
LH:70
BRF:0
BRH:0
end_of_record
