TN:
SF:backend_server.js
FN:19,(anonymous_0)
FN:24,(anonymous_1)
FN:76,(anonymous_2)
FN:84,(anonymous_3)
FNF:4
FNH:3
FNDA:9,(anonymous_0)
FNDA:0,(anonymous_1)
FNDA:2,(anonymous_2)
FNDA:2,(anonymous_3)
DA:1,9
DA:2,9
DA:3,9
DA:4,9
DA:5,9
DA:6,9
DA:8,9
DA:9,9
DA:10,9
DA:11,9
DA:12,9
DA:13,9
DA:14,9
DA:15,9
DA:17,9
DA:19,9
DA:20,9
DA:21,9
DA:23,9
DA:24,0
DA:25,0
DA:26,0
DA:34,9
DA:35,9
DA:38,9
DA:39,9
DA:40,9
DA:41,9
DA:44,9
DA:45,9
DA:46,9
DA:47,9
DA:48,9
DA:51,9
DA:52,9
DA:55,9
DA:58,9
DA:59,9
DA:62,9
DA:63,9
DA:66,9
DA:67,9
DA:68,9
DA:69,9
DA:70,9
DA:76,9
DA:77,2
DA:78,2
DA:79,2
DA:80,2
DA:81,2
DA:84,9
DA:85,2
DA:86,2
DA:87,2
DA:88,2
DA:89,2
DA:92,9
LF:58
LH:55
BRDA:20,0,0,0
BRDA:20,0,1,9
BRDA:23,1,0,0
BRDA:23,1,1,9
BRF:4
BRH:2
end_of_record
TN:
SF:push_notification.js
FN:18,subscribe
FN:24,(anonymous_1)
FN:30,(anonymous_2)
FN:39,unsubscribe
FN:44,(anonymous_4)
FN:49,(anonymous_5)
FN:55,push_notification_payment_done
FN:68,(anonymous_7)
FN:72,(anonymous_8)
FN:77,push_notification_order_received
FN:90,(anonymous_10)
FN:94,(anonymous_11)
FN:100,push_notification_item_claimed
FN:112,(anonymous_13)
FN:116,(anonymous_14)
FNF:15
FNH:8
FNDA:2,subscribe
FNDA:0,(anonymous_1)
FNDA:0,(anonymous_2)
FNDA:2,unsubscribe
FNDA:0,(anonymous_4)
FNDA:0,(anonymous_5)
FNDA:5,push_notification_payment_done
FNDA:4,(anonymous_7)
FNDA:0,(anonymous_8)
FNDA:6,push_notification_order_received
FNDA:2,(anonymous_10)
FNDA:0,(anonymous_11)
FNDA:2,push_notification_item_claimed
FNDA:1,(anonymous_13)
FNDA:0,(anonymous_14)
DA:7,9
DA:8,9
DA:9,9
DA:10,9
DA:12,9
DA:19,2
DA:22,2
DA:23,2
DA:27,0
DA:28,0
DA:31,0
DA:32,0
DA:40,2
DA:43,2
DA:47,0
DA:50,0
DA:56,5
DA:57,5
DA:59,5
DA:67,5
DA:70,4
DA:73,0
DA:78,6
DA:79,6
DA:81,6
DA:89,6
DA:92,2
DA:95,0
DA:101,2
DA:102,2
DA:104,2
DA:111,2
DA:114,1
DA:117,0
DA:120,9
LF:35
LH:26
BRF:0
BRH:0
end_of_record
TN:
SF:recommendation_logic.js
FN:7,jensenShannonDivergenceCalculator
FN:13,(anonymous_1)
FN:25,(anonymous_2)
FN:54,(anonymous_3)
FN:95,getRecommendation
FN:100,(anonymous_5)
FN:108,(anonymous_6)
FN:120,normalizeStringToArray
FNF:8
FNH:8
FNDA:111,jensenShannonDivergenceCalculator
FNDA:666,(anonymous_1)
FNDA:181,(anonymous_2)
FNDA:847,(anonymous_3)
FNDA:1,getRecommendation
FNDA:111,(anonymous_5)
FNDA:1,(anonymous_6)
FNDA:112,normalizeStringToArray
DA:8,111
DA:9,111
DA:10,111
DA:13,111
DA:14,666
DA:15,222
DA:18,444
DA:21,666
DA:25,111
DA:26,181
DA:27,28
DA:30,153
DA:33,181
DA:37,111
DA:39,111
DA:40,111
DA:41,111
DA:43,111
DA:54,111
DA:55,847
DA:56,680
DA:58,167
DA:61,847
DA:62,209
DA:64,638
DA:67,847
DA:69,847
DA:70,680
DA:72,167
DA:75,847
DA:76,209
DA:78,638
DA:81,847
DA:84,111
DA:86,111
DA:96,1
DA:97,1
DA:98,1
DA:100,1
DA:101,111
DA:102,111
DA:103,111
DA:106,1
DA:107,1
DA:108,1
DA:109,1
DA:111,1
DA:121,112
DA:128,9
LF:49
LH:49
BRDA:14,0,0,222
BRDA:14,0,1,444
BRDA:26,1,0,28
BRDA:26,1,1,153
BRDA:55,2,0,680
BRDA:55,2,1,167
BRDA:61,3,0,209
BRDA:61,3,1,638
BRDA:69,4,0,680
BRDA:69,4,1,167
BRDA:75,5,0,209
BRDA:75,5,1,638
BRF:12
BRH:12
end_of_record
TN:
SF:sql_connection.js
FN:4,getConnection
FNF:1
FNH:1
FNDA:72,getConnection
DA:1,9
DA:2,9
DA:5,72
DA:15,9
LF:4
LH:4
BRF:0
BRH:0
end_of_record
TN:
SF:routes/items.js
FN:12,getMenu
FN:22,(anonymous_1)
FN:37,addToMenu
FN:54,(anonymous_3)
FNF:4
FNH:4
FNDA:5,getMenu
FNDA:4,(anonymous_1)
FNDA:3,addToMenu
FNDA:2,(anonymous_3)
DA:1,9
DA:2,9
DA:3,9
DA:13,5
DA:14,5
DA:16,5
DA:17,1
DA:18,1
DA:21,4
DA:22,4
DA:27,4
DA:28,4
DA:38,3
DA:39,3
DA:40,3
DA:41,3
DA:42,3
DA:43,3
DA:44,3
DA:45,3
DA:46,3
DA:48,3
DA:49,1
DA:50,1
DA:53,2
DA:54,2
DA:55,2
DA:56,1
DA:57,1
DA:59,1
DA:60,1
DA:76,9
LF:32
LH:32
BRDA:16,0,0,1
BRDA:16,0,1,4
BRDA:48,1,0,1
BRDA:48,1,1,2
BRDA:48,2,0,3
BRDA:48,2,1,2
BRDA:48,2,2,2
BRDA:55,3,0,1
BRDA:55,3,1,1
BRF:9
BRH:9
end_of_record
TN:
SF:routes/ordered_items.js
FN:13,getOrderedItems
FN:23,(anonymous_1)
FN:36,addOrderedItems
FN:50,(anonymous_3)
FN:62,updateSelectedStatus
FN:76,(anonymous_5)
FN:89,updateOrderedItemPaidStatus
FN:103,(anonymous_7)
FNF:8
FNH:8
FNDA:3,getOrderedItems
FNDA:2,(anonymous_1)
FNDA:7,addOrderedItems
FNDA:14,(anonymous_3)
FNDA:3,updateSelectedStatus
FNDA:2,(anonymous_5)
FNDA:4,updateOrderedItemPaidStatus
FNDA:3,(anonymous_7)
DA:1,9
DA:2,9
DA:3,9
DA:4,9
DA:14,3
DA:16,3
DA:17,3
DA:18,1
DA:19,1
DA:22,2
DA:23,2
DA:24,2
DA:25,2
DA:37,7
DA:38,7
DA:40,7
DA:41,19
DA:42,19
DA:44,19
DA:45,1
DA:46,1
DA:49,18
DA:50,18
DA:52,6
DA:53,6
DA:54,6
DA:63,3
DA:64,3
DA:65,3
DA:66,3
DA:67,3
DA:69,3
DA:70,1
DA:71,1
DA:74,2
DA:75,2
DA:76,2
DA:77,2
DA:78,2
DA:79,2
DA:80,2
DA:90,4
DA:91,4
DA:92,4
DA:94,4
DA:95,1
DA:96,1
DA:99,3
DA:100,3
DA:102,3
DA:103,3
DA:104,3
DA:105,3
DA:109,9
LF:54
LH:54
BRDA:17,0,0,1
BRDA:17,0,1,2
BRDA:44,1,0,1
BRDA:44,1,1,18
BRDA:44,2,0,19
BRDA:44,2,1,18
BRDA:67,3,0,1
BRDA:67,3,1,2
BRDA:69,4,0,1
BRDA:69,4,1,2
BRDA:69,5,0,3
BRDA:69,5,1,2
BRDA:69,5,2,2
BRDA:69,5,3,2
BRDA:74,6,0,1
BRDA:74,6,1,1
BRDA:94,7,0,1
BRDA:94,7,1,3
BRDA:94,8,0,4
BRDA:94,8,1,3
BRDA:94,8,2,3
BRDA:99,9,0,2
BRDA:99,9,1,1
BRF:23
BRH:23
end_of_record
TN:
SF:routes/orders.js
FN:11,createOrder
FN:27,(anonymous_1)
FN:43,getUserOrder
FN:55,(anonymous_3)
FN:67,getTableOrder
FN:79,(anonymous_5)
FN:94,updateOrderSessionStatus
FN:106,(anonymous_7)
FN:121,updateOrderPaidStatus
FN:133,(anonymous_9)
FNF:10
FNH:10
FNDA:10,createOrder
FNDA:9,(anonymous_1)
FNDA:7,getUserOrder
FNDA:6,(anonymous_3)
FNDA:4,getTableOrder
FNDA:3,(anonymous_5)
FNDA:2,updateOrderSessionStatus
FNDA:1,(anonymous_7)
FNDA:2,updateOrderPaidStatus
FNDA:1,(anonymous_9)
DA:1,9
DA:2,9
DA:3,9
DA:4,9
DA:12,10
DA:13,10
DA:14,10
DA:15,10
DA:16,10
DA:17,10
DA:18,10
DA:20,10
DA:21,1
DA:22,1
DA:25,9
DA:27,9
DA:28,9
DA:29,1
DA:30,1
DA:32,8
DA:33,8
DA:44,7
DA:46,7
DA:47,7
DA:49,7
DA:50,1
DA:51,1
DA:54,6
DA:55,6
DA:56,6
DA:57,6
DA:68,4
DA:70,4
DA:71,4
DA:73,4
DA:74,1
DA:75,1
DA:78,3
DA:79,3
DA:80,3
DA:81,3
DA:95,2
DA:97,2
DA:98,2
DA:100,2
DA:101,1
DA:102,1
DA:105,1
DA:106,1
DA:107,1
DA:108,1
DA:122,2
DA:124,2
DA:125,2
DA:127,2
DA:128,1
DA:129,1
DA:132,1
DA:133,1
DA:134,1
DA:135,1
DA:139,9
LF:62
LH:62
BRDA:20,0,0,1
BRDA:20,0,1,9
BRDA:20,1,0,10
BRDA:20,1,1,9
BRDA:20,1,2,9
BRDA:20,1,3,9
BRDA:28,2,0,1
BRDA:28,2,1,8
BRDA:49,3,0,1
BRDA:49,3,1,6
BRDA:49,4,0,7
BRDA:49,4,1,6
BRDA:73,5,0,1
BRDA:73,5,1,3
BRDA:73,6,0,4
BRDA:73,6,1,3
BRDA:100,7,0,1
BRDA:100,7,1,1
BRDA:100,8,0,2
BRDA:100,8,1,1
BRDA:127,9,0,1
BRDA:127,9,1,1
BRDA:127,10,0,2
BRDA:127,10,1,1
BRF:24
BRH:24
end_of_record
TN:
SF:routes/payment.js
FN:12,getStripeKey
FN:23,createStripePayment
FN:39,(anonymous_2)
FNF:3
FNH:3
FNDA:7,getStripeKey
FNDA:7,createStripePayment
FNDA:5,(anonymous_2)
DA:1,9
DA:2,9
DA:3,9
DA:4,9
DA:13,7
DA:14,7
DA:15,7
DA:24,7
DA:26,7
DA:27,7
DA:28,7
DA:29,7
DA:30,7
DA:31,7
DA:32,7
DA:34,7
DA:35,1
DA:36,1
DA:39,6
DA:41,5
DA:44,1
DA:51,4
DA:55,6
DA:58,6
DA:68,5
DA:69,5
DA:70,5
DA:71,5
DA:75,1
DA:76,1
DA:80,9
LF:31
LH:31
BRDA:34,0,0,1
BRDA:34,0,1,6
BRDA:41,1,0,1
BRDA:41,1,1,4
BRF:4
BRH:4
end_of_record
TN:
SF:routes/recommendation.js
FN:14,getItemRecommendation
FN:31,(anonymous_1)
FN:41,(anonymous_2)
FN:45,(anonymous_3)
FNF:4
FNH:4
FNDA:3,getItemRecommendation
FNDA:2,(anonymous_1)
FNDA:1,(anonymous_2)
FNDA:111,(anonymous_3)
DA:1,9
DA:2,9
DA:3,9
DA:4,9
DA:15,3
DA:17,3
DA:18,3
DA:20,3
DA:21,1
DA:22,1
DA:25,2
DA:26,2
DA:28,2
DA:29,2
DA:31,2
DA:34,2
DA:35,2
DA:37,1
DA:38,1
DA:41,1
DA:42,1
DA:43,1
DA:45,1
DA:46,111
DA:49,1
DA:50,1
DA:51,1
DA:56,9
LF:28
LH:28
BRDA:20,0,0,1
BRDA:20,0,1,2
BRDA:20,1,0,3
BRDA:20,1,1,2
BRF:4
BRH:4
end_of_record
TN:
SF:routes/restaurants.js
FN:12,getRestaurant
FN:22,(anonymous_1)
FN:33,addRestaurant
FN:47,(anonymous_3)
FNF:4
FNH:4
FNDA:2,getRestaurant
FNDA:1,(anonymous_1)
FNDA:4,addRestaurant
FNDA:3,(anonymous_3)
DA:1,9
DA:2,9
DA:3,9
DA:13,2
DA:15,2
DA:16,2
DA:17,1
DA:18,1
DA:21,1
DA:22,1
DA:23,1
DA:24,1
DA:34,4
DA:35,4
DA:36,4
DA:38,4
DA:39,1
DA:40,1
DA:43,3
DA:44,3
DA:46,3
DA:47,3
DA:48,3
DA:49,1
DA:50,1
DA:52,2
DA:53,2
DA:56,9
LF:28
LH:28
BRDA:16,0,0,1
BRDA:16,0,1,1
BRDA:38,1,0,1
BRDA:38,1,1,3
BRDA:38,2,0,4
BRDA:38,2,1,3
BRDA:48,3,0,1
BRDA:48,3,1,2
BRF:8
BRH:8
end_of_record
TN:
SF:routes/tables.js
FN:13,getTable
FN:23,(anonymous_1)
FN:35,addTable
FN:45,(anonymous_3)
FNF:4
FNH:4
FNDA:2,getTable
FNDA:1,(anonymous_1)
FNDA:2,addTable
FNDA:1,(anonymous_3)
DA:1,9
DA:2,9
DA:3,9
DA:14,2
DA:16,2
DA:17,2
DA:18,1
DA:19,1
DA:22,1
DA:23,1
DA:24,1
DA:25,1
DA:36,2
DA:38,2
DA:39,2
DA:40,1
DA:41,1
DA:44,1
DA:45,1
DA:46,1
DA:47,1
DA:51,9
LF:22
LH:22
BRDA:17,0,0,1
BRDA:17,0,1,1
BRDA:39,1,0,1
BRDA:39,1,1,1
BRF:4
BRH:4
end_of_record
TN:
SF:routes/users.js
FN:12,getUserById
FN:22,(anonymous_1)
FN:35,getUserByGoogleId
FN:39,(anonymous_3)
FN:51,addUser
FN:61,(anonymous_5)
FN:77,getUserPreferences
FN:87,(anonymous_7)
FN:99,updateUserPreferences
FN:116,(anonymous_9)
FNF:10
FNH:10
FNDA:2,getUserById
FNDA:1,(anonymous_1)
FNDA:1,getUserByGoogleId
FNDA:1,(anonymous_3)
FNDA:3,addUser
FNDA:3,(anonymous_5)
FNDA:3,getUserPreferences
FNDA:2,(anonymous_7)
FNDA:3,updateUserPreferences
FNDA:1,(anonymous_9)
DA:1,9
DA:2,9
DA:3,9
DA:13,2
DA:15,2
DA:16,2
DA:17,1
DA:18,1
DA:21,1
DA:22,1
DA:23,1
DA:24,1
DA:36,1
DA:37,1
DA:38,1
DA:39,1
DA:40,1
DA:41,1
DA:52,3
DA:53,3
DA:54,3
DA:55,3
DA:56,3
DA:57,3
DA:58,3
DA:60,3
DA:61,3
DA:62,3
DA:63,1
DA:64,1
DA:66,2
DA:67,2
DA:78,3
DA:80,3
DA:81,3
DA:82,1
DA:83,1
DA:86,2
DA:87,2
DA:88,2
DA:89,2
DA:100,3
DA:102,3
DA:103,3
DA:104,1
DA:105,1
DA:108,2
DA:110,2
DA:111,1
DA:112,1
DA:115,1
DA:116,1
DA:117,1
DA:118,1
DA:134,9
LF:55
LH:55
BRDA:16,0,0,1
BRDA:16,0,1,1
BRDA:62,1,0,1
BRDA:62,1,1,2
BRDA:81,2,0,1
BRDA:81,2,1,2
BRDA:103,3,0,1
BRDA:103,3,1,2
BRDA:110,4,0,1
BRDA:110,4,1,1
BRF:10
BRH:10
end_of_record
TN:
SF:tests/integration_tests/test_functions.js
FN:30,testCreateOrder
FN:50,testGetUserOrder
FN:71,testGetTableOrder
FN:92,testGetMenu
FN:114,testGetRecommendation
FN:126,testAddOrderedItems
FN:154,testGetOrderedItems
FN:171,testGetStripeKey
FN:183,testCreateStripePayment
FN:204,testCreateStripePaymentRequiresAuth
FN:225,testTableSessionDone
FN:242,testPaidStatusDone
FN:259,testOrderedItemSelected
FN:278,testOrderedItemDeselected
FN:297,testOrderedItemPaid
FN:315,testOrderedItemUnpaid
FN:333,testAddToMenu
FN:356,testGetMenuLatestItem
FN:377,testCreateUser
FN:395,testGetUserByGoogleId
FN:413,testGetUserByUserId
FN:429,testGetUserPreferences
FN:441,testUpdateUserPreferences
FN:458,testGetRestaurant
FN:475,testAddRestaurant
FN:492,testGetTable
FN:503,testAddTable
FN:518,testTokenRegistration
FN:534,testUnsubscribeToken
FNF:29
FNH:29
FNDA:8,testCreateOrder
FNDA:6,testGetUserOrder
FNDA:3,testGetTableOrder
FNDA:3,testGetMenu
FNDA:1,testGetRecommendation
FNDA:6,testAddOrderedItems
FNDA:2,testGetOrderedItems
FNDA:7,testGetStripeKey
FNDA:4,testCreateStripePayment
FNDA:1,testCreateStripePaymentRequiresAuth
FNDA:1,testTableSessionDone
FNDA:1,testPaidStatusDone
FNDA:1,testOrderedItemSelected
FNDA:1,testOrderedItemDeselected
FNDA:2,testOrderedItemPaid
FNDA:1,testOrderedItemUnpaid
FNDA:1,testAddToMenu
FNDA:1,testGetMenuLatestItem
FNDA:1,testCreateUser
FNDA:1,testGetUserByGoogleId
FNDA:1,testGetUserByUserId
FNDA:2,testGetUserPreferences
FNDA:1,testUpdateUserPreferences
FNDA:1,testGetRestaurant
FNDA:2,testAddRestaurant
FNDA:1,testGetTable
FNDA:1,testAddTable
FNDA:1,testTokenRegistration
FNDA:1,testUnsubscribeToken
DA:1,9
DA:2,9
DA:3,9
DA:6,9
DA:7,9
DA:8,9
DA:9,9
DA:10,9
DA:13,9
DA:14,9
DA:15,9
DA:16,9
DA:17,9
DA:18,9
DA:19,9
DA:22,9
DA:23,9
DA:24,9
DA:25,9
DA:26,9
DA:28,9
DA:32,8
DA:34,8
DA:44,8
DA:47,8
DA:52,6
DA:53,6
DA:56,6
DA:59,6
DA:60,6
DA:61,6
DA:62,6
DA:63,6
DA:64,6
DA:65,6
DA:66,6
DA:68,6
DA:73,3
DA:74,3
DA:77,3
DA:80,3
DA:81,3
DA:82,3
DA:83,3
DA:84,3
DA:85,3
DA:86,3
DA:87,3
DA:89,3
DA:94,3
DA:97,3
DA:100,3
DA:101,3
DA:102,3
DA:103,3
DA:104,3
DA:105,3
DA:106,3
DA:107,3
DA:108,3
DA:109,3
DA:111,3
DA:116,1
DA:119,1
DA:122,1
DA:123,1
DA:129,6
DA:144,6
DA:147,6
DA:150,6
DA:151,6
DA:156,2
DA:159,2
DA:162,2
DA:163,2
DA:164,2
DA:165,2
DA:166,2
DA:167,2
DA:168,2
DA:173,7
DA:176,7
DA:179,7
DA:180,7
DA:186,4
DA:194,4
DA:197,4
DA:200,4
DA:201,4
DA:207,1
DA:215,1
DA:218,1
DA:221,1
DA:222,1
DA:228,1
DA:233,1
DA:236,1
DA:239,1
DA:245,1
DA:250,1
DA:253,1
DA:256,1
DA:262,1
DA:269,1
DA:272,1
DA:275,1
DA:281,1
DA:288,1
DA:291,1
DA:294,1
DA:300,2
DA:306,2
DA:309,2
DA:312,2
DA:318,1
DA:324,1
DA:327,1
DA:330,1
DA:336,1
DA:347,1
DA:350,1
DA:353,1
DA:358,1
DA:361,1
DA:364,1
DA:366,1
DA:367,1
DA:368,1
DA:369,1
DA:370,1
DA:371,1
DA:372,1
DA:373,1
DA:374,1
DA:379,1
DA:381,1
DA:389,1
DA:392,1
DA:397,1
DA:400,1
DA:403,1
DA:404,1
DA:405,1
DA:406,1
DA:407,1
DA:408,1
DA:410,1
DA:415,1
DA:418,1
DA:421,1
DA:422,1
DA:423,1
DA:424,1
DA:425,1
DA:426,1
DA:431,2
DA:434,2
DA:437,2
DA:438,2
DA:443,1
DA:445,1
DA:451,1
DA:454,1
DA:455,1
DA:460,1
DA:463,1
DA:466,1
DA:477,2
DA:478,2
DA:486,2
DA:489,2
DA:494,1
DA:497,1
DA:500,1
DA:505,1
DA:507,1
DA:512,1
DA:515,1
DA:520,1
DA:522,1
DA:528,1
DA:531,1
DA:536,1
DA:538,1
DA:544,1
DA:547,1
DA:550,9
LF:187
LH:187
BRF:0
BRH:0
end_of_record
TN:
SF:tests/integration_tests/test_functions_invalid.js
FN:29,testGetUserOrderInvalid
FN:41,testGetTableOrderInvalid
FN:53,testGetMenuInvalid
FN:64,testAddOrderedItemsInvalid
FN:91,testGetOrderedItemsInvalid
FN:102,testCreateStripePaymentInvalidAmount
FN:122,testCreateStripePaymentIncorrectCVC
FN:142,testTableSessionDoneInvalid
FN:159,testPaidStatusDoneInvalid
FN:176,testOrderedItemSelectedInvalid
FN:195,testOrderedItemPaidInvalid
FN:213,testAddToMenuInvalid
FN:236,testAddToMenuInvalidAlt
FN:256,testCreateUserInvalid
FN:273,testGetUserByUserIdInvalid
FN:284,testGetUserPreferencesInvalid
FN:295,testUpdateUserPreferencesInvalid
FN:311,testUpdateUserPreferencesInvalidAlt
FN:328,testCreateOrderInvalid
FN:348,testCreateOrderInvalidAlt
FN:368,testGetRecommendationInvalid
FN:379,testGetRecommendationInvalidAlt
FN:391,testGetRestaurantInvalid
FN:402,testAddRestaurantInvalid
FN:419,testAddRestaurantInvalidAlt
FN:434,testGetTableInvalid
FN:445,testAddTableInvalid
FN:460,testTokenRegistrationInvalid
FN:475,testUnsubscribeTokenInvalid
FNF:29
FNH:29
FNDA:1,testGetUserOrderInvalid
FNDA:1,testGetTableOrderInvalid
FNDA:1,testGetMenuInvalid
FNDA:1,testAddOrderedItemsInvalid
FNDA:1,testGetOrderedItemsInvalid
FNDA:1,testCreateStripePaymentInvalidAmount
FNDA:1,testCreateStripePaymentIncorrectCVC
FNDA:1,testTableSessionDoneInvalid
FNDA:1,testPaidStatusDoneInvalid
FNDA:1,testOrderedItemSelectedInvalid
FNDA:1,testOrderedItemPaidInvalid
FNDA:1,testAddToMenuInvalid
FNDA:1,testAddToMenuInvalidAlt
FNDA:1,testCreateUserInvalid
FNDA:1,testGetUserByUserIdInvalid
FNDA:1,testGetUserPreferencesInvalid
FNDA:1,testUpdateUserPreferencesInvalid
FNDA:1,testUpdateUserPreferencesInvalidAlt
FNDA:1,testCreateOrderInvalid
FNDA:1,testCreateOrderInvalidAlt
FNDA:1,testGetRecommendationInvalid
FNDA:1,testGetRecommendationInvalidAlt
FNDA:1,testGetRestaurantInvalid
FNDA:1,testAddRestaurantInvalid
FNDA:1,testAddRestaurantInvalidAlt
FNDA:1,testGetTableInvalid
FNDA:1,testAddTableInvalid
FNDA:1,testTokenRegistrationInvalid
FNDA:1,testUnsubscribeTokenInvalid
DA:1,9
DA:2,9
DA:3,9
DA:6,9
DA:7,9
DA:8,9
DA:9,9
DA:12,9
DA:13,9
DA:14,9
DA:15,9
DA:16,9
DA:17,9
DA:18,9
DA:21,9
DA:22,9
DA:23,9
DA:24,9
DA:25,9
DA:27,9
DA:31,1
DA:32,1
DA:35,1
DA:38,1
DA:43,1
DA:44,1
DA:47,1
DA:50,1
DA:55,1
DA:58,1
DA:61,1
DA:67,1
DA:82,1
DA:85,1
DA:88,1
DA:93,1
DA:96,1
DA:99,1
DA:105,1
DA:113,1
DA:116,1
DA:119,1
DA:125,1
DA:133,1
DA:136,1
DA:139,1
DA:145,1
DA:150,1
DA:153,1
DA:156,1
DA:162,1
DA:167,1
DA:170,1
DA:173,1
DA:179,1
DA:186,1
DA:189,1
DA:192,1
DA:198,1
DA:204,1
DA:207,1
DA:210,1
DA:216,1
DA:227,1
DA:230,1
DA:233,1
DA:239,1
DA:247,1
DA:250,1
DA:253,1
DA:258,1
DA:260,1
DA:266,1
DA:267,1
DA:270,1
DA:275,1
DA:278,1
DA:281,1
DA:286,1
DA:289,1
DA:292,1
DA:297,1
DA:299,1
DA:305,1
DA:308,1
DA:313,1
DA:315,1
DA:321,1
DA:324,1
DA:330,1
DA:332,1
DA:342,1
DA:345,1
DA:350,1
DA:352,1
DA:362,1
DA:365,1
DA:370,1
DA:373,1
DA:376,1
DA:381,1
DA:384,1
DA:387,1
DA:393,1
DA:396,1
DA:399,1
DA:404,1
DA:405,1
DA:413,1
DA:416,1
DA:421,1
DA:422,1
DA:428,1
DA:431,1
DA:436,1
DA:439,1
DA:442,1
DA:447,1
DA:449,1
DA:454,1
DA:457,1
DA:462,1
DA:464,1
DA:469,1
DA:472,1
DA:477,1
DA:479,1
DA:484,1
DA:487,1
DA:490,9
LF:130
LH:130
BRF:0
BRH:0
end_of_record
